This is pdfTeX, Version 3.14159265-2.6-1.40.19 (MiKTeX 2.9.6840 64-bit) (preloaded format=pdflatex 2018.11.15)  16 NOV 2018 20:21
entering extended mode
**./main.tex
(main.tex
LaTeX2e <2018-04-01> patch level 5
("C:\Program Files\MiKTeX 2.9\tex\latex\base\book.cls"
Document Class: book 2014/09/29 v1.4h Standard LaTeX document class
("C:\Program Files\MiKTeX 2.9\tex\latex\base\bk10.clo"
File: bk10.clo 2014/09/29 v1.4h Standard LaTeX file (size option)
)
\c@part=\count80
\c@chapter=\count81
\c@section=\count82
\c@subsection=\count83
\c@subsubsection=\count84
\c@paragraph=\count85
\c@subparagraph=\count86
\c@figure=\count87
\c@table=\count88
\abovecaptionskip=\skip41
\belowcaptionskip=\skip42
\bibindent=\dimen102
) (documento.sty
Package: documento 2010/05/30, v1.0 Plantilla para la materia de IS

("C:\Program Files\MiKTeX 2.9\tex\latex\base\inputenc.sty"
Package: inputenc 2018/04/06 v1.3b Input encoding file
\inpenc@prehook=\toks14
\inpenc@posthook=\toks15
)
("C:\Program Files\MiKTeX 2.9\tex\generic\babel\babel.sty"
Package: babel 2018/09/26 3.24 The Babel package

("C:\Program Files\MiKTeX 2.9\tex\generic\babel\switch.def"
File: switch.def 2018/09/26 3.24 Babel switching mechanism
)
*************************************
* Local config file bblopts.cfg used
*
(C:\Users\Rafael\AppData\Roaming\MiKTeX\2.9\tex\latex\arabi\bblopts.cfg
File: bblopts.cfg 2005/09/08 v0.1 add Arabic and Farsi to "declared" options of
 babel
)
("C:\Program Files\MiKTeX 2.9\tex\latex\babel-spanish\spanish.ldf"
Language: spanish.ldf 2016/03/03 v5.0p Spanish support from the babel system

("C:\Program Files\MiKTeX 2.9\tex\generic\babel\babel.def"
File: babel.def 2018/09/26 3.24 Babel common definitions
\babel@savecnt=\count89
\U@D=\dimen103

("C:\Program Files\MiKTeX 2.9\tex\generic\babel\txtbabel.def")
\bbl@dirlevel=\count90
)
\es@quottoks=\toks16
\es@quotdepth=\count91
Package babel Info: Making " an active character on input line 561.
Package babel Info: Making . an active character on input line 662.
Package babel Info: Making < an active character on input line 707.
Package babel Info: Making > an active character on input line 707.
))
(C:\Users\Rafael\AppData\Roaming\MiKTeX\2.9\tex\latex\cmbright\cmbright.sty
Package: cmbright 2005/04/13 v8.1 (WaS)
LaTeX Font Info:    Redeclaring symbol font `operators' on input line 29.
LaTeX Font Info:    Overwriting symbol font `operators' in version `normal'
(Font)                  OT1/cmr/m/n --> OT1/cmbr/m/n on input line 29.
LaTeX Font Info:    Overwriting symbol font `operators' in version `bold'
(Font)                  OT1/cmr/bx/n --> OT1/cmbr/m/n on input line 29.
LaTeX Font Info:    Redeclaring symbol font `letters' on input line 30.
LaTeX Font Info:    Overwriting symbol font `letters' in version `normal'
(Font)                  OML/cmm/m/it --> OML/cmbrm/m/it on input line 30.
LaTeX Font Info:    Overwriting symbol font `letters' in version `bold'
(Font)                  OML/cmm/b/it --> OML/cmbrm/m/it on input line 30.
LaTeX Font Info:    Overwriting symbol font `letters' in version `bold'
(Font)                  OML/cmbrm/m/it --> OML/cmbrm/b/it on input line 31.
LaTeX Font Info:    Redeclaring symbol font `symbols' on input line 32.
LaTeX Font Info:    Overwriting symbol font `symbols' in version `normal'
(Font)                  OMS/cmsy/m/n --> OMS/cmbrs/m/n on input line 32.
LaTeX Font Info:    Overwriting symbol font `symbols' in version `bold'
(Font)                  OMS/cmsy/b/n --> OMS/cmbrs/m/n on input line 32.
LaTeX Font Info:    Redeclaring math alphabet \mathit on input line 33.
LaTeX Font Info:    Overwriting math alphabet `\mathit' in version `normal'
(Font)                  OT1/cmr/m/it --> OT1/cmbr/m/sl on input line 33.
LaTeX Font Info:    Overwriting math alphabet `\mathit' in version `bold'
(Font)                  OT1/cmr/bx/it --> OT1/cmbr/m/sl on input line 33.
LaTeX Font Info:    Redeclaring math alphabet \mathbf on input line 34.
LaTeX Font Info:    Overwriting math alphabet `\mathbf' in version `normal'
(Font)                  OT1/cmr/bx/n --> OT1/cmbr/bx/n on input line 34.
LaTeX Font Info:    Overwriting math alphabet `\mathbf' in version `bold'
(Font)                  OT1/cmr/bx/n --> OT1/cmbr/bx/n on input line 34.
LaTeX Font Info:    Redeclaring math alphabet \mathtt on input line 35.
LaTeX Font Info:    Overwriting math alphabet `\mathtt' in version `normal'
(Font)                  OT1/cmtt/m/n --> OT1/cmtl/m/n on input line 35.
LaTeX Font Info:    Overwriting math alphabet `\mathtt' in version `bold'
(Font)                  OT1/cmtt/m/n --> OT1/cmtl/m/n on input line 35.
LaTeX Font Info:    Redeclaring math symbol \alpha on input line 37.
LaTeX Font Info:    Redeclaring math symbol \beta on input line 38.
LaTeX Font Info:    Redeclaring math symbol \gamma on input line 39.
LaTeX Font Info:    Redeclaring math symbol \delta on input line 40.
LaTeX Font Info:    Redeclaring math symbol \epsilon on input line 41.
LaTeX Font Info:    Redeclaring math symbol \zeta on input line 42.
LaTeX Font Info:    Redeclaring math symbol \eta on input line 43.
LaTeX Font Info:    Redeclaring math symbol \theta on input line 44.
LaTeX Font Info:    Redeclaring math symbol \iota on input line 45.
LaTeX Font Info:    Redeclaring math symbol \kappa on input line 46.
LaTeX Font Info:    Redeclaring math symbol \lambda on input line 47.
LaTeX Font Info:    Redeclaring math symbol \mu on input line 48.
LaTeX Font Info:    Redeclaring math symbol \nu on input line 49.
LaTeX Font Info:    Redeclaring math symbol \xi on input line 50.
LaTeX Font Info:    Redeclaring math symbol \pi on input line 51.
LaTeX Font Info:    Redeclaring math symbol \rho on input line 52.
LaTeX Font Info:    Redeclaring math symbol \sigma on input line 53.
LaTeX Font Info:    Redeclaring math symbol \tau on input line 54.
LaTeX Font Info:    Redeclaring math symbol \upsilon on input line 55.
LaTeX Font Info:    Redeclaring math symbol \phi on input line 56.
LaTeX Font Info:    Redeclaring math symbol \chi on input line 57.
LaTeX Font Info:    Redeclaring math symbol \psi on input line 58.
LaTeX Font Info:    Redeclaring math symbol \omega on input line 59.
LaTeX Font Info:    Redeclaring math symbol \varepsilon on input line 60.
LaTeX Font Info:    Redeclaring math symbol \vartheta on input line 61.
LaTeX Font Info:    Redeclaring math symbol \varpi on input line 62.
LaTeX Font Info:    Redeclaring math symbol \varrho on input line 63.
LaTeX Font Info:    Redeclaring math symbol \varsigma on input line 64.
LaTeX Font Info:    Redeclaring math symbol \varphi on input line 65.
LaTeX Info: Redefining \LaTeX on input line 129.
LaTeX Info: Redefining \LaTeXe on input line 139.
LaTeX Font Info:    Try loading font information for OT1+cmbr on input line 144
.

(C:\Users\Rafael\AppData\Roaming\MiKTeX\2.9\tex\latex\cmbright\ot1cmbr.fd
File: ot1cmbr.fd 2005/04/13 v8.1 (WaS)
))
("C:\Program Files\MiKTeX 2.9\tex\latex\graphics\graphicx.sty"
Package: graphicx 2017/06/01 v1.1a Enhanced LaTeX Graphics (DPC,SPQR)

("C:\Program Files\MiKTeX 2.9\tex\latex\graphics\keyval.sty"
Package: keyval 2014/10/28 v1.15 key=value parser (DPC)
\KV@toks@=\toks17
)
("C:\Program Files\MiKTeX 2.9\tex\latex\graphics\graphics.sty"
Package: graphics 2017/06/25 v1.2c Standard LaTeX Graphics (DPC,SPQR)

("C:\Program Files\MiKTeX 2.9\tex\latex\graphics\trig.sty"
Package: trig 2016/01/03 v1.10 sin cos tan (DPC)
)
("C:\Program Files\MiKTeX 2.9\tex\latex\graphics-cfg\graphics.cfg"
File: graphics.cfg 2016/06/04 v1.11 sample graphics configuration
)
Package graphics Info: Driver file: pdftex.def on input line 99.

("C:\Program Files\MiKTeX 2.9\tex\latex\graphics-def\pdftex.def"
File: pdftex.def 2018/01/08 v1.0l Graphics/color driver for pdftex
))
\Gin@req@height=\dimen104
\Gin@req@width=\dimen105
)
("C:\Program Files\MiKTeX 2.9\tex\latex\graphics\color.sty"
Package: color 2016/07/10 v1.1e Standard LaTeX Color (DPC)

("C:\Program Files\MiKTeX 2.9\tex\latex\graphics-cfg\color.cfg"
File: color.cfg 2016/01/02 v1.6 sample color configuration
)
Package color Info: Driver file: pdftex.def on input line 147.

("C:\Program Files\MiKTeX 2.9\tex\latex\graphics\dvipsnam.def"
File: dvipsnam.def 2016/06/17 v3.0m Driver-dependent file (DPC,SPQR)
))
(C:\Users\Rafael\AppData\Roaming\MiKTeX\2.9\tex\latex\wallpaper\wallpaper.sty
Package: wallpaper 2005/01/18, v1.01 easy wallpaper formatting (MHFW)

("C:\Program Files\MiKTeX 2.9\tex\latex\base\ifthen.sty"
Package: ifthen 2014/09/29 v1.1c Standard LaTeX ifthen package (DPC)
)
("C:\Program Files\MiKTeX 2.9\tex\latex\tools\calc.sty"
Package: calc 2017/05/25 v4.3 Infix arithmetic (KKT,FJ)
\calc@Acount=\count92
\calc@Bcount=\count93
\calc@Adimen=\dimen106
\calc@Bdimen=\dimen107
\calc@Askip=\skip43
\calc@Bskip=\skip44
LaTeX Info: Redefining \setlength on input line 80.
LaTeX Info: Redefining \addtolength on input line 81.
\calc@Ccount=\count94
\calc@Cskip=\skip45
)
(C:\Users\Rafael\AppData\Roaming\MiKTeX\2.9\tex\latex\eso-pic\eso-pic.sty
Package: eso-pic 2018/04/12 v2.0h eso-pic (RN)

("C:\Program Files\MiKTeX 2.9\tex\generic\oberdiek\atbegshi.sty"
Package: atbegshi 2016/06/09 v1.18 At begin shipout hook (HO)

("C:\Program Files\MiKTeX 2.9\tex\generic\oberdiek\infwarerr.sty"
Package: infwarerr 2016/05/16 v1.4 Providing info/warning/error messages (HO)
)
("C:\Program Files\MiKTeX 2.9\tex\generic\oberdiek\ltxcmds.sty"
Package: ltxcmds 2016/05/16 v1.23 LaTeX kernel commands for general use (HO)
)
("C:\Program Files\MiKTeX 2.9\tex\generic\oberdiek\ifpdf.sty"
Package: ifpdf 2018/09/07 v3.3 Provides the ifpdf switch
)))
\wpXoffset=\skip46
\wpYoffset=\skip47
\tileXoffset=\skip48
\tileYoffset=\skip49
\tilewidth=\skip50
\tileheight=\skip51
\tileX=\skip52
\tileY=\skip53
)
(C:\Users\Rafael\AppData\Roaming\MiKTeX\2.9\tex\latex\fancyhdr\fancyhdr.sty
Package: fancyhdr 2017/06/30 v3.9a Extensive control of page headers and footer
s
\f@nch@headwidth=\skip54
\f@nch@O@elh=\skip55
\f@nch@O@erh=\skip56
\f@nch@O@olh=\skip57
\f@nch@O@orh=\skip58
\f@nch@O@elf=\skip59
\f@nch@O@erf=\skip60
\f@nch@O@olf=\skip61
\f@nch@O@orf=\skip62
)
("C:\Program Files\MiKTeX 2.9\tex\latex\geometry\geometry.sty"
Package: geometry 2018/04/16 v5.8 Page Geometry

("C:\Program Files\MiKTeX 2.9\tex\generic\oberdiek\ifvtex.sty"
Package: ifvtex 2016/05/16 v1.6 Detect VTeX and its facilities (HO)
Package ifvtex Info: VTeX not detected.
)
("C:\Program Files\MiKTeX 2.9\tex\generic\ifxetex\ifxetex.sty"
Package: ifxetex 2010/09/12 v0.6 Provides ifxetex conditional
)
\Gm@cnth=\count95
\Gm@cntv=\count96
\c@Gm@tempcnt=\count97
\Gm@bindingoffset=\dimen108
\Gm@wd@mp=\dimen109
\Gm@odd@mp=\dimen110
\Gm@even@mp=\dimen111
\Gm@layoutwidth=\dimen112
\Gm@layoutheight=\dimen113
\Gm@layouthoffset=\dimen114
\Gm@layoutvoffset=\dimen115
\Gm@dimlist=\toks18

("C:\Program Files\MiKTeX 2.9\tex\latex\geometry\geometry.cfg"))
(C:\Users\Rafael\AppData\Roaming\MiKTeX\2.9\tex\latex\fncychap\fncychap.sty
Package: fncychap 2007/07/30 v1.34 LaTeX package (Revised chapters)
\RW=\skip63
\mylen=\skip64
\myhi=\skip65
\px=\skip66
\py=\skip67
\pyy=\skip68
\pxx=\skip69
)
(C:\Users\Rafael\AppData\Roaming\MiKTeX\2.9\tex\latex\marvosym\marvosym.sty
Package: marvosym 2011/07/20 v2.2 Martin Vogel's Symbols font definitions
))
(procesos.sty (requerimientos.sty
("C:\Program Files\MiKTeX 2.9\tex\latex\tools\longtable.sty"
Package: longtable 2014/10/28 v4.11 Multi-page Table package (DPC)
\LTleft=\skip70
\LTright=\skip71
\LTpre=\skip72
\LTpost=\skip73
\LTchunksize=\count98
\LTcapwidth=\dimen116
\LT@head=\box26
\LT@firsthead=\box27
\LT@foot=\box28
\LT@lastfoot=\box29
\LT@cols=\count99
\LT@rows=\count100
\c@LT@tables=\count101
\c@LT@chunks=\count102
\LT@p@ftn=\toks19
)
("C:\Program Files\MiKTeX 2.9\tex\latex\hyperref\hyperref.sty"
Package: hyperref 2018/09/30 v6.88a Hypertext links for LaTeX

("C:\Program Files\MiKTeX 2.9\tex\generic\oberdiek\hobsub-hyperref.sty"
Package: hobsub-hyperref 2016/05/16 v1.14 Bundle oberdiek, subset hyperref (HO)


("C:\Program Files\MiKTeX 2.9\tex\generic\oberdiek\hobsub-generic.sty"
Package: hobsub-generic 2016/05/16 v1.14 Bundle oberdiek, subset generic (HO)
Package: hobsub 2016/05/16 v1.14 Construct package bundles (HO)
Package hobsub Info: Skipping package `infwarerr' (already loaded).
Package hobsub Info: Skipping package `ltxcmds' (already loaded).
Package: ifluatex 2016/05/16 v1.4 Provides the ifluatex switch (HO)
Package ifluatex Info: LuaTeX not detected.
Package hobsub Info: Skipping package `ifvtex' (already loaded).
Package: intcalc 2016/05/16 v1.2 Expandable calculations with integers (HO)
Package hobsub Info: Skipping package `ifpdf' (already loaded).
Package: etexcmds 2016/05/16 v1.6 Avoid name clashes with e-TeX commands (HO)
Package etexcmds Info: Could not find \expanded.
(etexcmds)             That can mean that you are not using pdfTeX 1.50 or
(etexcmds)             that some package has redefined \expanded.
(etexcmds)             In the latter case, load this package earlier.
Package: kvsetkeys 2016/05/16 v1.17 Key value parser (HO)
Package: kvdefinekeys 2016/05/16 v1.4 Define keys (HO)
Package: pdftexcmds 2018/09/10 v0.29 Utility functions of pdfTeX for LuaTeX (HO
)
Package pdftexcmds Info: LuaTeX not detected.
Package pdftexcmds Info: \pdf@primitive is available.
Package pdftexcmds Info: \pdf@ifprimitive is available.
Package pdftexcmds Info: \pdfdraftmode found.
Package: pdfescape 2016/05/16 v1.14 Implements pdfTeX's escape features (HO)
Package: bigintcalc 2016/05/16 v1.4 Expandable calculations on big integers (HO
)
Package: bitset 2016/05/16 v1.2 Handle bit-vector datatype (HO)
Package: uniquecounter 2016/05/16 v1.3 Provide unlimited unique counter (HO)
)
Package hobsub Info: Skipping package `hobsub' (already loaded).
Package: letltxmacro 2016/05/16 v1.5 Let assignment for LaTeX macros (HO)
Package: hopatch 2016/05/16 v1.3 Wrapper for package hooks (HO)
Package: xcolor-patch 2016/05/16 xcolor patch
Package: atveryend 2016/05/16 v1.9 Hooks at the very end of document (HO)
Package atveryend Info: \enddocument detected (standard20110627).
Package hobsub Info: Skipping package `atbegshi' (already loaded).
Package: refcount 2016/05/16 v3.5 Data extraction from label references (HO)
Package: hycolor 2016/05/16 v1.8 Color options for hyperref/bookmark (HO)
)
("C:\Program Files\MiKTeX 2.9\tex\latex\oberdiek\auxhook.sty"
Package: auxhook 2016/05/16 v1.4 Hooks for auxiliary files (HO)
)
("C:\Program Files\MiKTeX 2.9\tex\latex\oberdiek\kvoptions.sty"
Package: kvoptions 2016/05/16 v3.12 Key value format for package options (HO)
)
\@linkdim=\dimen117
\Hy@linkcounter=\count103
\Hy@pagecounter=\count104

("C:\Program Files\MiKTeX 2.9\tex\latex\hyperref\pd1enc.def"
File: pd1enc.def 2018/09/30 v6.88a Hyperref: PDFDocEncoding definition (HO)
Now handling font encoding PD1 ...
... no UTF-8 mapping file for font encoding PD1
)
\Hy@SavedSpaceFactor=\count105

("C:\Program Files\MiKTeX 2.9\tex\latex\00miktex\hyperref.cfg"
File: hyperref.cfg 2002/06/06 v1.2 hyperref configuration of TeXLive
)
Package hyperref Info: Option `bookmarks' set `true' on input line 4409.
Package hyperref Info: Option `colorlinks' set `true' on input line 4409.
Package hyperref Info: Hyper figures OFF on input line 4535.
Package hyperref Info: Link nesting OFF on input line 4540.
Package hyperref Info: Hyper index ON on input line 4543.
Package hyperref Info: Plain pages OFF on input line 4550.
Package hyperref Info: Backreferencing OFF on input line 4555.
Package hyperref Info: Implicit mode ON; LaTeX internals redefined.
Package hyperref Info: Bookmarks ON on input line 4788.
\c@Hy@tempcnt=\count106

(C:\Users\Rafael\AppData\Roaming\MiKTeX\2.9\tex\latex\url\url.sty
\Urlmuskip=\muskip10
Package: url 2013/09/16  ver 3.4  Verb mode for urls, etc.
)
LaTeX Info: Redefining \url on input line 5141.
\XeTeXLinkMargin=\dimen118
\Fld@menulength=\count107
\Field@Width=\dimen119
\Fld@charsize=\dimen120
Package hyperref Info: Hyper figures OFF on input line 6396.
Package hyperref Info: Link nesting OFF on input line 6401.
Package hyperref Info: Hyper index ON on input line 6404.
Package hyperref Info: backreferencing OFF on input line 6411.
Package hyperref Info: Link coloring ON on input line 6414.
Package hyperref Info: Link coloring with OCG OFF on input line 6421.
Package hyperref Info: PDF/A mode OFF on input line 6426.
LaTeX Info: Redefining \ref on input line 6466.
LaTeX Info: Redefining \pageref on input line 6470.
\Hy@abspage=\count108
\c@Item=\count109
\c@Hfootnote=\count110
)
Package hyperref Info: Driver: hpdftex.

("C:\Program Files\MiKTeX 2.9\tex\latex\hyperref\hpdftex.def"
File: hpdftex.def 2018/09/30 v6.88a Hyperref driver for pdfTeX
\Fld@listcount=\count111
\c@bookmark@seq@number=\count112

("C:\Program Files\MiKTeX 2.9\tex\latex\oberdiek\rerunfilecheck.sty"
Package: rerunfilecheck 2016/05/16 v1.8 Rerun checks for auxiliary files (HO)
Package uniquecounter Info: New unique counter `rerunfilecheck' on input line 2
82.
)
\Hy@SectionHShift=\skip74
)
("C:\Program Files\MiKTeX 2.9\tex\latex\amsfonts\amssymb.sty"
Package: amssymb 2013/01/14 v3.01 AMS font symbols

("C:\Program Files\MiKTeX 2.9\tex\latex\amsfonts\amsfonts.sty"
Package: amsfonts 2013/01/14 v3.01 Basic AMSFonts support
\@emptytoks=\toks20
\symAMSa=\mathgroup4
\symAMSb=\mathgroup5
LaTeX Font Info:    Overwriting math alphabet `\mathfrak' in version `bold'
(Font)                  U/euf/m/n --> U/euf/b/n on input line 106.
))
(C:\Users\Rafael\AppData\Roaming\MiKTeX\2.9\tex\latex\colortbl\colortbl.sty
Package: colortbl 2018/05/02 v1.0c Color table columns (DPC)

("C:\Program Files\MiKTeX 2.9\tex\latex\tools\array.sty"
Package: array 2018/04/30 v2.4h Tabular extension package (FMi)
\col@sep=\dimen121
\ar@mcellbox=\box30
\extrarowheight=\dimen122
\NC@list=\toks21
\extratabsurround=\skip75
\backup@length=\skip76
\ar@cellbox=\box31
)
\everycr=\toks22
\minrowclearance=\skip77
)
("C:\Program Files\MiKTeX 2.9\tex\latex\multirow\multirow.sty"
Package: multirow 2018/08/03 v2.3 Span multiple rows of a table
\multirow@colwidth=\skip78
\multirow@cntb=\count113
\multirow@dima=\skip79
\bigstrutjot=\dimen123
))
(C:\Users\Rafael\AppData\Roaming\MiKTeX\2.9\tex\latex\chapterfolder\chapterfold
er.sty
Package: chapterfolder 2005/11/24 v2.0 Package for dealing with folder
\c@@cf@currentpos=\count114
)
(C:\Users\Rafael\AppData\Roaming\MiKTeX\2.9\tex\latex\listings\listings.sty
\lst@mode=\count115
\lst@gtempboxa=\box32
\lst@token=\toks23
\lst@length=\count116
\lst@currlwidth=\dimen124
\lst@column=\count117
\lst@pos=\count118
\lst@lostspace=\dimen125
\lst@width=\dimen126
\lst@newlines=\count119
\lst@lineno=\count120
\lst@maxwidth=\dimen127

(C:\Users\Rafael\AppData\Roaming\MiKTeX\2.9\tex\latex\listings\lstmisc.sty
File: lstmisc.sty 2018/09/02 1.7 (Carsten Heinz)
\c@lstnumber=\count121
\lst@skipnumbers=\count122
\lst@framebox=\box33
)
(C:\Users\Rafael\AppData\Roaming\MiKTeX\2.9\tex\latex\listings\listings.cfg
File: listings.cfg 2018/09/02 1.7 listings configuration
))
Package: listings 2018/09/02 1.7 (Carsten Heinz)

(C:\Users\Rafael\AppData\Roaming\MiKTeX\2.9\tex\latex\keystroke\keystroke.sty
Package: keystroke 2010/04/23 v1.6 3D keystrokes (SuSE GmbH/RN)
\suse@key=\box34
\keystroke@left=\box35
\keystroke@right=\box36
\keystroke@middle=\box37
<keystroke_left.pdf, id=1, 42.1575pt x 195.73125pt>
File: keystroke_left.pdf Graphic file (type pdf)
<use keystroke_left.pdf>
Package pdftex.def Info: keystroke_left.pdf  used on input line 171.
(pdftex.def)             Requested size: 42.15738pt x 195.73076pt.
<keystroke_middle.pdf, id=2, 116.435pt x 195.73125pt>
File: keystroke_middle.pdf Graphic file (type pdf)
<use keystroke_middle.pdf>
Package pdftex.def Info: keystroke_middle.pdf  used on input line 172.
(pdftex.def)             Requested size: 116.43471pt x 195.73076pt.
<keystroke_right.pdf, id=3, 42.1575pt x 195.73125pt>
File: keystroke_right.pdf Graphic file (type pdf)
<use keystroke_right.pdf>
Package pdftex.def Info: keystroke_right.pdf  used on input line 173.
(pdftex.def)             Requested size: 42.15738pt x 195.73076pt.
)
(C:\Users\Rafael\AppData\Roaming\MiKTeX\2.9\tex\latex\fancybox\fancybox.sty
Package: fancybox 2010/05/15 1.4

Style option: `fancybox' v1.4 <2010/05/15> (tvz)
\@fancybox=\box38
\shadowsize=\dimen128
\@Sbox=\box39
\do@VerbBox=\toks24
\the@fancyput=\toks25
\this@fancyput=\toks26
\EndVerbatimTokens=\toks27
\Verbatim@Outfile=\write3
\Verbatim@Infile=\read1
)
(C:\Users\Rafael\AppData\Roaming\MiKTeX\2.9\tex\latex\pgf\utilities\pgfkeys.sty

(C:\Users\Rafael\AppData\Roaming\MiKTeX\2.9\tex\generic\pgf\utilities\pgfkeys.c
ode.tex
\pgfkeys@pathtoks=\toks28
\pgfkeys@temptoks=\toks29

(C:\Users\Rafael\AppData\Roaming\MiKTeX\2.9\tex\generic\pgf\utilities\pgfkeysfi
ltered.code.tex
\pgfkeys@tmptoks=\toks30
)))) ("C:\Program Files\MiKTeX 2.9\tex\latex\tools\verbatim.sty"
Package: verbatim 2014/10/28 v1.5q LaTeX2e package for verbatim enhancements
\every@verbatim=\toks31
\verbatim@line=\toks32
\verbatim@in@stream=\read2
) (main.aux
LaTeX Info: Redefining \. on input line 23.
LaTeX Info: Redefining \% on input line 23.
 (DR/MP/RequerimientosMP.aux) (DR/SP5/RequerimientosAB.aux

LaTeX Warning: Label `tbl:' multiply defined.

) (DG/BR.aux) (DCU/SP5-CU1.aux) (DCU/SP5-CU3.aux) (DCU/SP5-CU4.aux)
(DCU/SP5-CU5.aux) (DCU/pantallas-sp5-CU/pantallas-sp5-CU.aux))
\openout1 = `main.aux'.

LaTeX Font Info:    Checking defaults for OML/cmm/m/it on input line 12.
LaTeX Font Info:    ... okay on input line 12.
LaTeX Font Info:    Checking defaults for T1/cmr/m/n on input line 12.
LaTeX Font Info:    ... okay on input line 12.
LaTeX Font Info:    Checking defaults for OT1/cmr/m/n on input line 12.
LaTeX Font Info:    ... okay on input line 12.
LaTeX Font Info:    Checking defaults for OMS/cmsy/m/n on input line 12.
LaTeX Font Info:    ... okay on input line 12.
LaTeX Font Info:    Checking defaults for OMX/cmex/m/n on input line 12.
LaTeX Font Info:    ... okay on input line 12.
LaTeX Font Info:    Checking defaults for U/cmr/m/n on input line 12.
LaTeX Font Info:    ... okay on input line 12.
LaTeX Font Info:    Checking defaults for PD1/pdf/m/n on input line 12.
LaTeX Font Info:    ... okay on input line 12.
LaTeX Info: Redefining \. on input line 12.
LaTeX Info: Redefining \% on input line 12.

(C:\Users\Rafael\AppData\Roaming\MiKTeX\2.9\tex\context\base\supp-pdf.mkii
[Loading MPS to PDF converter (version 2006.09.02).]
\scratchcounter=\count123
\scratchdimen=\dimen129
\scratchbox=\box40
\nofMPsegments=\count124
\nofMParguments=\count125
\everyMPshowfont=\toks33
\MPscratchCnt=\count126
\MPscratchDim=\dimen130
\MPnumerator=\count127
\makeMPintoPDFobject=\count128
\everyMPtoPDFconversion=\toks34
) ("C:\Program Files\MiKTeX 2.9\tex\latex\oberdiek\epstopdf-base.sty"
Package: epstopdf-base 2016/05/15 v2.6 Base part for package epstopdf

("C:\Program Files\MiKTeX 2.9\tex\latex\oberdiek\grfext.sty"
Package: grfext 2016/05/16 v1.2 Manage graphics extensions (HO)
)
Package epstopdf-base Info: Redefining graphics rule for `.eps' on input line 4
38.
Package grfext Info: Graphics extension search list:
(grfext)             [.pdf,.png,.jpg,.mps,.jpeg,.jbig2,.jb2,.PDF,.PNG,.JPG,.JPE
G,.JBIG2,.JB2,.eps]
(grfext)             \AppendGraphicsExtensions on input line 456.
)
\AtBeginShipoutBox=\box41

*geometry* driver: auto-detecting
*geometry* detected driver: pdftex
*geometry* verbose mode - [ preamble ] result:
* driver: pdftex
* paper: <default>
* layout: <same size as paper>
* layoutoffset:(h,v)=(0.0pt,0.0pt)
* modes: twoside 
* h-part:(L,W,R)=(56.9055pt, 500.484pt, 56.9055pt)
* v-part:(T,H,B)=(99.58464pt, 595.8007pt, 99.58464pt)
* \paperwidth=614.295pt
* \paperheight=794.96999pt
* \textwidth=500.484pt
* \textheight=595.8007pt
* \oddsidemargin=-15.36449pt
* \evensidemargin=-15.36449pt
* \topmargin=-47.65834pt
* \headheight=56.9055pt
* \headsep=18.06749pt
* \topskip=10.0pt
* \footskip=25.29494pt
* \marginparwidth=125.0pt
* \marginparsep=7.0pt
* \columnsep=10.0pt
* \skip\footins=9.0pt plus 4.0pt minus 2.0pt
* \hoffset=0.0pt
* \voffset=0.0pt
* \mag=1000
* \@twocolumnfalse
* \@twosidetrue
* \@mparswitchtrue
* \@reversemarginfalse
* (1in=72.27pt=25.4mm, 1cm=28.453pt)

Package hyperref Info: Link coloring ON on input line 12.
("C:\Program Files\MiKTeX 2.9\tex\latex\hyperref\nameref.sty"
Package: nameref 2016/05/21 v2.44 Cross-referencing by name of section

("C:\Program Files\MiKTeX 2.9\tex\generic\oberdiek\gettitlestring.sty"
Package: gettitlestring 2016/05/16 v1.5 Cleanup title references (HO)
)
\c@section@level=\count129
)
LaTeX Info: Redefining \ref on input line 12.
LaTeX Info: Redefining \pageref on input line 12.
LaTeX Info: Redefining \nameref on input line 12.

(main.out) (main.out)
\@outlinefile=\write4
\openout4 = `main.out'.

\c@lstlisting=\count130
LaTeX Font Info:    Try loading font information for OML+cmbrm on input line 15
.

(C:\Users\Rafael\AppData\Roaming\MiKTeX\2.9\tex\latex\cmbright\omlcmbrm.fd
File: omlcmbrm.fd 2005/04/13 v8.1 (WaS)
)
LaTeX Font Info:    Try loading font information for OMS+cmbrs on input line 15
.

(C:\Users\Rafael\AppData\Roaming\MiKTeX\2.9\tex\latex\cmbright\omscmbrs.fd
File: omscmbrs.fd 2005/04/13 v8.1 (WaS)
)
[1


{C:/Users/Rafael/AppData/Local/MiKTeX/2.9/pdftex/config/pdftex.map}] [2

]
(main.toc
LaTeX Info: Redefining \. on input line 1.
LaTeX Info: Redefining \% on input line 1.
)
\tf@toc=\write5
\openout5 = `main.toc'.

 [3]
\openout2 = `DR/MP/RequerimientosMP.aux'.

 (DR/MP/RequerimientosMP.tex
<IG-GRAL/headerPar.jpg, id=126, 432.11438pt x 45.16875pt>
File: IG-GRAL/headerPar.jpg Graphic file (type jpg)
<use IG-GRAL/headerPar.jpg>
Package pdftex.def Info: IG-GRAL/headerPar.jpg  used on input line 2.
(pdftex.def)             Requested size: 334.83243pt x 35.0pt.
LaTeX Font Info:    Font shape `OT1/cmbr/m/it' in size <5> not available
(Font)              Font shape `OT1/cmbr/m/sl' tried instead on input line 2.
LaTeX Font Info:    Try loading font information for U+mvs on input line 2.

(C:\Users\Rafael\AppData\Roaming\MiKTeX\2.9\tex\latex\marvosym\umvs.fd)
[4


 <./IG-GRAL/headerPar.jpg>]
Cap\'{\i }tulo 1.

Overfull \hbox (3.17046pt too wide) in paragraph at lines 12--12
[]|[]\OT1/cmbr/m/n/10 Prioridad[]| 
 []


Overfull \hbox (3.51569pt too wide) in paragraph at lines 12--12
[]|[]\OT1/cmbr/m/n/10 Origen[]| 
 []


Overfull \hbox (12.35611pt too wide) in alignment at lines 12--12
 [] [] [] [] [] 
 []


Overfull \hbox (3.51569pt too wide) in paragraph at lines 12--12
[]|\OT1/cmbr/m/n/10 Origen| 
 []


Overfull \hbox (3.51569pt too wide) in paragraph at lines 14--14
[]|\OT1/cmbr/m/n/10 Origen| 
 []


Underfull \hbox (badness 3302) in paragraph at lines 16--16
\OT1/cmbr/m/n/10 ta a la so-li-ci-tud de
 []


Overfull \hbox (3.51569pt too wide) in paragraph at lines 16--16
[]|\OT1/cmbr/m/n/10 Origen| 
 []


Overfull \hbox (3.51569pt too wide) in paragraph at lines 18--18
[]|\OT1/cmbr/m/n/10 Origen| 
 []


Overfull \hbox (3.51569pt too wide) in paragraph at lines 20--20
[]|\OT1/cmbr/m/n/10 Origen| 
 []


Overfull \hbox (3.51569pt too wide) in paragraph at lines 22--22
[]|\OT1/cmbr/m/n/10 Origen| 
 []


Overfull \hbox (3.51569pt too wide) in paragraph at lines 24--24
[]|\OT1/cmbr/m/n/10 Origen| 
 []


Overfull \hbox (3.51569pt too wide) in paragraph at lines 26--26
[]|\OT1/cmbr/m/n/10 Origen| 
 []


Overfull \hbox (3.51569pt too wide) in paragraph at lines 28--28
[]|\OT1/cmbr/m/n/10 Origen| 
 []


Overfull \hbox (3.51569pt too wide) in paragraph at lines 30--30
[]|\OT1/cmbr/m/n/10 Origen| 
 []


Overfull \hbox (3.51569pt too wide) in paragraph at lines 32--32
[]|\OT1/cmbr/m/n/10 Origen| 
 []


Overfull \hbox (3.51569pt too wide) in paragraph at lines 34--34
[]|\OT1/cmbr/m/n/10 Origen| 
 []


Overfull \hbox (3.51569pt too wide) in paragraph at lines 36--36
[]|\OT1/cmbr/m/n/10 Origen| 
 []


Overfull \hbox (3.51569pt too wide) in paragraph at lines 38--38
[]|\OT1/cmbr/m/n/10 Origen| 
 []


Overfull \hbox (3.51569pt too wide) in paragraph at lines 40--40
[]|\OT1/cmbr/m/n/10 Origen| 
 []


Overfull \hbox (3.51569pt too wide) in paragraph at lines 42--42
[]|\OT1/cmbr/m/n/10 Origen| 
 []


Underfull \hbox (badness 10000) in paragraph at lines 44--44
[]|\OT1/cmbr/m/n/10 Generar dic-ta-men
 []


Underfull \hbox (badness 5374) in paragraph at lines 44--44
\OT1/cmbr/m/n/10 tecni-co del Plan de
 []


Overfull \hbox (3.51569pt too wide) in paragraph at lines 44--44
[]|\OT1/cmbr/m/n/10 Origen| 
 []


Underfull \hbox (badness 3612) in paragraph at lines 46--46
[]|\OT1/cmbr/m/n/10 Generar acuer-dos del
 []


Overfull \hbox (3.51569pt too wide) in paragraph at lines 46--46
[]|\OT1/cmbr/m/n/10 Origen| 
 []


Overfull \hbox (3.51569pt too wide) in paragraph at lines 48--48
[]|\OT1/cmbr/m/n/10 Origen| 
 []


Overfull \hbox (3.51569pt too wide) in paragraph at lines 50--50
[]|\OT1/cmbr/m/n/10 Origen| 
 []


Overfull \hbox (12.35611pt too wide) in alignment at lines 12--50
 [] [] [] [] [] 
 []


Underfull \hbox (badness 2922) in paragraph at lines 52--52
[]|\OT1/cmbr/m/n/10 Elaborar Uni-da-des de
 []


Overfull \hbox (3.51569pt too wide) in paragraph at lines 52--52
[]|\OT1/cmbr/m/n/10 Origen| 
 []


Overfull \hbox (3.51569pt too wide) in paragraph at lines 54--54
[]|\OT1/cmbr/m/n/10 Origen| 
 []


Overfull \hbox (3.51569pt too wide) in paragraph at lines 56--56
[]|\OT1/cmbr/m/n/10 Origen| 
 []


Overfull \hbox (3.51569pt too wide) in paragraph at lines 58--58
[]|\OT1/cmbr/m/n/10 Origen| 
 []


Overfull \hbox (3.51569pt too wide) in paragraph at lines 60--60
[]|\OT1/cmbr/m/n/10 Origen| 
 []


Overfull \hbox (3.51569pt too wide) in paragraph at lines 62--62
[]|\OT1/cmbr/m/n/10 Origen| 
 []


Overfull \hbox (3.51569pt too wide) in paragraph at lines 64--64
[]|\OT1/cmbr/m/n/10 Origen| 
 []


Underfull \hbox (badness 10000) in paragraph at lines 66--66
[]|\OT1/cmbr/m/n/10 Generar dic-ta-men
 []


Overfull \hbox (3.51569pt too wide) in paragraph at lines 66--66
[]|\OT1/cmbr/m/n/10 Origen| 
 []


Overfull \hbox (3.51569pt too wide) in paragraph at lines 68--68
[]|\OT1/cmbr/m/n/10 Origen| 
 []


Overfull \hbox (3.51569pt too wide) in paragraph at lines 70--70
[]|\OT1/cmbr/m/n/10 Origen| 
 []


Overfull \hbox (3.51569pt too wide) in paragraph at lines 72--72
[]|\OT1/cmbr/m/n/10 Origen| 
 []


Overfull \hbox (12.35611pt too wide) in alignment at lines 50--74
 [] [] [] [] [] 
 []


LaTeX Warning: Float too large for page by 678.06525pt on input line 77.

) [5]
File: IG-GRAL/headerPar.jpg Graphic file (type jpg)
<use IG-GRAL/headerPar.jpg>
Package pdftex.def Info: IG-GRAL/headerPar.jpg  used on input line 19.
(pdftex.def)             Requested size: 334.83243pt x 35.0pt.
 [6]
\openout2 = `DR/SP5/RequerimientosAB.aux'.

 (DR/SP5/RequerimientosAB.tex
LaTeX Font Info:    Try loading font information for OMS+cmbr on input line 9.

(C:\Users\Rafael\AppData\Roaming\MiKTeX\2.9\tex\latex\cmbright\omscmbr.fd
File: omscmbr.fd 2005/04/13 v8.1 (WaS)
)
LaTeX Font Info:    Font shape `OMS/cmbr/m/n' in size <10> not available
(Font)              Font shape `OMS/cmbrs/m/n' tried instead on input line 9.

Overfull \hbox (3.17046pt too wide) in paragraph at lines 16--16
[]|[]\OT1/cmbr/m/n/10 Prioridad[]| 
 []


Overfull \hbox (3.51569pt too wide) in paragraph at lines 16--16
[]|[]\OT1/cmbr/m/n/10 Origen[]| 
 []


Overfull \hbox (12.35611pt too wide) in alignment at lines 16--16
 [] [] [] [] [] 
 []


Overfull \hbox (8.54063pt too wide) in paragraph at lines 17--17
[]|\OT1/cmbr/m/n/10 Sistema| 
 []


Overfull \hbox (6.66565pt too wide) in paragraph at lines 19--19
[]|\OT1/cmbr/m/n/10 Usuario| 
 []


Overfull \hbox (8.54063pt too wide) in paragraph at lines 21--21
[]|\OT1/cmbr/m/n/10 Sistema| 
 []


Overfull \hbox (6.66565pt too wide) in paragraph at lines 23--23
[]|\OT1/cmbr/m/n/10 Usuario| 
 []


Overfull \hbox (6.66565pt too wide) in paragraph at lines 25--25
[]|\OT1/cmbr/m/n/10 Usuario| 
 []


Underfull \hbox (badness 1253) in paragraph at lines 27--27
[]|\OT1/cmbr/m/n/10 Consultar asig-na-cio-nes
 []


Overfull \hbox (8.54063pt too wide) in paragraph at lines 27--27
[]|\OT1/cmbr/m/n/10 Sistema| 
 []


Overfull \hbox (8.54063pt too wide) in paragraph at lines 29--29
[]|\OT1/cmbr/m/n/10 Sistema| 
 []


Overfull \hbox (8.54063pt too wide) in paragraph at lines 31--31
[]|\OT1/cmbr/m/n/10 Sistema| 
 []


Overfull \hbox (6.66565pt too wide) in paragraph at lines 33--33
[]|\OT1/cmbr/m/n/10 Usuario| 
 []


Overfull \hbox (6.66565pt too wide) in paragraph at lines 35--35
[]|\OT1/cmbr/m/n/10 Usuario| 
 []


Overfull \hbox (6.66565pt too wide) in paragraph at lines 37--37
[]|\OT1/cmbr/m/n/10 Usuario| 
 []


Overfull \hbox (6.66565pt too wide) in paragraph at lines 39--39
[]|\OT1/cmbr/m/n/10 Usuario| 
 []


Overfull \hbox (8.54063pt too wide) in paragraph at lines 41--41
[]|\OT1/cmbr/m/n/10 Sistema| 
 []


Underfull \hbox (badness 10000) in paragraph at lines 43--43
[]|\OT1/cmbr/m/n/10 SP5-
 []


Overfull \hbox (8.54063pt too wide) in paragraph at lines 43--43
[]|\OT1/cmbr/m/n/10 Sistema| 
 []


Overfull \hbox (6.66565pt too wide) in paragraph at lines 45--45
[]|\OT1/cmbr/m/n/10 Usuario| 
 []


Overfull \hbox (8.54063pt too wide) in paragraph at lines 47--47
[]|\OT1/cmbr/m/n/10 Sistema| 
 []


Overfull \hbox (8.54063pt too wide) in paragraph at lines 49--49
[]|\OT1/cmbr/m/n/10 Sistema| 
 []


Underfull \hbox (badness 10000) in paragraph at lines 51--51
[]|\OT1/cmbr/m/n/10 SP5-
 []


Overfull \hbox (8.54063pt too wide) in paragraph at lines 51--51
[]|\OT1/cmbr/m/n/10 Sistema| 
 []


Underfull \hbox (badness 10000) in paragraph at lines 53--53
[]|\OT1/cmbr/m/n/10 SP5-
 []


Overfull \hbox (8.54063pt too wide) in paragraph at lines 53--53
[]|\OT1/cmbr/m/n/10 Sistema| 
 []


Overfull \hbox (8.54063pt too wide) in paragraph at lines 55--55
[]|\OT1/cmbr/m/n/10 Sistema| 
 []


Overfull \hbox (12.35611pt too wide) in alignment at lines 16--55
 [] [] [] [] [] 
 []


Overfull \hbox (8.54063pt too wide) in paragraph at lines 57--57
[]|\OT1/cmbr/m/n/10 Sistema| 
 []


Overfull \hbox (12.35611pt too wide) in alignment at lines 55--60
 [] [] [] [] [] 
 []


LaTeX Warning: Float too large for page by 186.56546pt on input line 63.


LaTeX Warning: `!h' float specifier changed to `!ht'.

)
<IG-GRAL/headerInp.jpg, id=144, 437.38406pt x 45.92157pt>
File: IG-GRAL/headerInp.jpg Graphic file (type jpg)
<use IG-GRAL/headerInp.jpg>
Package pdftex.def Info: IG-GRAL/headerInp.jpg  used on input line 20.
(pdftex.def)             Requested size: 333.38306pt x 35.0pt.
 [7


 <./IG-GRAL/headerInp.jpg>]
File: IG-GRAL/headerPar.jpg Graphic file (type jpg)
<use IG-GRAL/headerPar.jpg>
Package pdftex.def Info: IG-GRAL/headerPar.jpg  used on input line 20.
(pdftex.def)             Requested size: 334.83243pt x 35.0pt.
 [8]
\openout2 = `DG/BR.aux'.

 (DG/BR.tex
Cap\'{\i }tulo 2.
[9



]
File: IG-GRAL/headerPar.jpg Graphic file (type jpg)
<use IG-GRAL/headerPar.jpg>
Package pdftex.def Info: IG-GRAL/headerPar.jpg  used on input line 78.
(pdftex.def)             Requested size: 334.83243pt x 35.0pt.
 [10]
File: IG-GRAL/headerInp.jpg Graphic file (type jpg)
<use IG-GRAL/headerInp.jpg>
Package pdftex.def Info: IG-GRAL/headerInp.jpg  used on input line 127.
(pdftex.def)             Requested size: 333.38306pt x 35.0pt.
 [11]
File: IG-GRAL/headerPar.jpg Graphic file (type jpg)
<use IG-GRAL/headerPar.jpg>
Package pdftex.def Info: IG-GRAL/headerPar.jpg  used on input line 174.
(pdftex.def)             Requested size: 334.83243pt x 35.0pt.
 [12]
File: IG-GRAL/headerInp.jpg Graphic file (type jpg)
<use IG-GRAL/headerInp.jpg>
Package pdftex.def Info: IG-GRAL/headerInp.jpg  used on input line 216.
(pdftex.def)             Requested size: 333.38306pt x 35.0pt.
 [13]
LaTeX Font Info:    Font shape `OT1/cmbr/m/it' in size <10> not available
(Font)              Font shape `OT1/cmbr/m/sl' tried instead on input line 252.

File: IG-GRAL/headerPar.jpg Graphic file (type jpg)
<use IG-GRAL/headerPar.jpg>
Package pdftex.def Info: IG-GRAL/headerPar.jpg  used on input line 259.
(pdftex.def)             Requested size: 334.83243pt x 35.0pt.
 [14])
File: IG-GRAL/headerInp.jpg Graphic file (type jpg)
<use IG-GRAL/headerInp.jpg>
Package pdftex.def Info: IG-GRAL/headerInp.jpg  used on input line 22.
(pdftex.def)             Requested size: 333.38306pt x 35.0pt.
 [15]
File: IG-GRAL/headerPar.jpg Graphic file (type jpg)
<use IG-GRAL/headerPar.jpg>
Package pdftex.def Info: IG-GRAL/headerPar.jpg  used on input line 26.
(pdftex.def)             Requested size: 334.83243pt x 35.0pt.
 [16


]
Cap\'{\i }tulo 3.
[17]
\openout2 = `DCU/SP5-CU1.aux'.

 (DCU/SP5-CU1.tex
<images/uc/default.png, id=222, 926.46124pt x 57.21375pt>
File: images/uc/default.png Graphic file (type png)
<use images/uc/default.png>
Package pdftex.def Info: images/uc/default.png  used on input line 2.
(pdftex.def)             Requested size: 550.53545pt x 33.9985pt.

Overfull \hbox (50.05145pt too wide) in paragraph at lines 2--2
[][] 
 []

File: IG-GRAL/headerPar.jpg Graphic file (type jpg)
<use IG-GRAL/headerPar.jpg>
Package pdftex.def Info: IG-GRAL/headerPar.jpg  used on input line 41.
(pdftex.def)             Requested size: 334.83243pt x 35.0pt.
[18

 <./images/uc/default.png>]
Underfull \hbox (badness 10000) in paragraph at lines 44--44

 []

<images/uc/actor.png, id=252, 96.36pt x 74.2775pt>
File: images/uc/actor.png Graphic file (type png)
<use images/uc/actor.png>
Package pdftex.def Info: images/uc/actor.png  used on input line 46.
(pdftex.def)             Requested size: 14.26958pt x 11.0pt.
<images/uc/usecase.png, id=253, 91.34125pt x 61.22874pt>
File: images/uc/usecase.png Graphic file (type png)
<use images/uc/usecase.png>
Package pdftex.def Info: images/uc/usecase.png  used on input line 47.
(pdftex.def)             Requested size: 16.40865pt x 11.0pt.
<images/uc/iu.png, id=254, 61.22874pt x 55.20625pt>
File: images/uc/iu.png Graphic file (type png)
<use images/uc/iu.png>
Package pdftex.def Info: images/uc/iu.png  used on input line 47.
(pdftex.def)             Requested size: 11.09076pt x 10.0pt.
File: images/uc/actor.png Graphic file (type png)
<use images/uc/actor.png>
Package pdftex.def Info: images/uc/actor.png  used on input line 48.
(pdftex.def)             Requested size: 14.26958pt x 11.0pt.
File: images/uc/actor.png Graphic file (type png)
<use images/uc/actor.png>
Package pdftex.def Info: images/uc/actor.png  used on input line 49.
(pdftex.def)             Requested size: 14.26958pt x 11.0pt.
File: images/uc/actor.png Graphic file (type png)
<use images/uc/actor.png>
Package pdftex.def Info: images/uc/actor.png  used on input line 50.
(pdftex.def)             Requested size: 14.26958pt x 11.0pt.
File: images/uc/iu.png Graphic file (type png)
<use images/uc/iu.png>
Package pdftex.def Info: images/uc/iu.png  used on input line 50.
(pdftex.def)             Requested size: 11.09076pt x 10.0pt.
File: images/uc/usecase.png Graphic file (type png)
<use images/uc/usecase.png>
Package pdftex.def Info: images/uc/usecase.png  used on input line 56.
(pdftex.def)             Requested size: 16.40865pt x 11.0pt.
File: images/uc/usecase.png Graphic file (type png)
<use images/uc/usecase.png>
Package pdftex.def Info: images/uc/usecase.png  used on input line 57.
(pdftex.def)             Requested size: 16.40865pt x 11.0pt.
File: images/uc/actor.png Graphic file (type png)
<use images/uc/actor.png>
Package pdftex.def Info: images/uc/actor.png  used on input line 58.
(pdftex.def)             Requested size: 14.26958pt x 11.0pt.
File: images/uc/usecase.png Graphic file (type png)
<use images/uc/usecase.png>
Package pdftex.def Info: images/uc/usecase.png  used on input line 59.
(pdftex.def)             Requested size: 16.40865pt x 11.0pt.
File: images/uc/usecase.png Graphic file (type png)
<use images/uc/usecase.png>
Package pdftex.def Info: images/uc/usecase.png  used on input line 65.
(pdftex.def)             Requested size: 16.40865pt x 11.0pt.
File: images/uc/actor.png Graphic file (type png)
<use images/uc/actor.png>
Package pdftex.def Info: images/uc/actor.png  used on input line 66.
(pdftex.def)             Requested size: 14.26958pt x 11.0pt.
File: images/uc/usecase.png Graphic file (type png)
<use images/uc/usecase.png>
Package pdftex.def Info: images/uc/usecase.png  used on input line 67.
(pdftex.def)             Requested size: 16.40865pt x 11.0pt.
File: images/uc/usecase.png Graphic file (type png)
<use images/uc/usecase.png>
Package pdftex.def Info: images/uc/usecase.png  used on input line 74.
(pdftex.def)             Requested size: 16.40865pt x 11.0pt.
File: images/uc/iu.png Graphic file (type png)
<use images/uc/iu.png>
Package pdftex.def Info: images/uc/iu.png  used on input line 74.
(pdftex.def)             Requested size: 11.09076pt x 10.0pt.
File: IG-GRAL/headerInp.jpg Graphic file (type jpg)
<use IG-GRAL/headerInp.jpg>
Package pdftex.def Info: IG-GRAL/headerInp.jpg  used on input line 75.
(pdftex.def)             Requested size: 333.38306pt x 35.0pt.
[19 <./images/uc/actor.png> <./images/uc/usecase.png> <./images/uc/iu.png>]
File: images/uc/usecase.png Graphic file (type png)
<use images/uc/usecase.png>
Package pdftex.def Info: images/uc/usecase.png  used on input line 80.
(pdftex.def)             Requested size: 16.40865pt x 11.0pt.
File: images/uc/iu.png Graphic file (type png)
<use images/uc/iu.png>
Package pdftex.def Info: images/uc/iu.png  used on input line 80.
(pdftex.def)             Requested size: 11.09076pt x 10.0pt.
File: images/uc/usecase.png Graphic file (type png)
<use images/uc/usecase.png>
Package pdftex.def Info: images/uc/usecase.png  used on input line 86.
(pdftex.def)             Requested size: 16.40865pt x 11.0pt.
File: images/uc/iu.png Graphic file (type png)
<use images/uc/iu.png>
Package pdftex.def Info: images/uc/iu.png  used on input line 86.
(pdftex.def)             Requested size: 11.09076pt x 10.0pt.
File: images/uc/usecase.png Graphic file (type png)
<use images/uc/usecase.png>
Package pdftex.def Info: images/uc/usecase.png  used on input line 92.
(pdftex.def)             Requested size: 16.40865pt x 11.0pt.
File: images/uc/actor.png Graphic file (type png)
<use images/uc/actor.png>
Package pdftex.def Info: images/uc/actor.png  used on input line 93.
(pdftex.def)             Requested size: 14.26958pt x 11.0pt.
File: images/uc/usecase.png Graphic file (type png)
<use images/uc/usecase.png>
Package pdftex.def Info: images/uc/usecase.png  used on input line 94.
(pdftex.def)             Requested size: 16.40865pt x 11.0pt.
File: images/uc/usecase.png Graphic file (type png)
<use images/uc/usecase.png>
Package pdftex.def Info: images/uc/usecase.png  used on input line 100.
(pdftex.def)             Requested size: 16.40865pt x 11.0pt.
File: images/uc/actor.png Graphic file (type png)
<use images/uc/actor.png>
Package pdftex.def Info: images/uc/actor.png  used on input line 101.
(pdftex.def)             Requested size: 14.26958pt x 11.0pt.
File: images/uc/usecase.png Graphic file (type png)
<use images/uc/usecase.png>
Package pdftex.def Info: images/uc/usecase.png  used on input line 102.
(pdftex.def)             Requested size: 16.40865pt x 11.0pt.
)
File: IG-GRAL/headerPar.jpg Graphic file (type jpg)
<use IG-GRAL/headerPar.jpg>
Package pdftex.def Info: IG-GRAL/headerPar.jpg  used on input line 27.
(pdftex.def)             Requested size: 334.83243pt x 35.0pt.

[20]
\openout2 = `DCU/SP5-CU3.aux'.

 (DCU/SP5-CU3.tex
File: images/uc/default.png Graphic file (type png)
<use images/uc/default.png>
Package pdftex.def Info: images/uc/default.png  used on input line 2.
(pdftex.def)             Requested size: 550.53545pt x 33.9985pt.

Overfull \hbox (50.05145pt too wide) in paragraph at lines 2--2
[][] 
 []

File: IG-GRAL/headerInp.jpg Graphic file (type jpg)
<use IG-GRAL/headerInp.jpg>
Package pdftex.def Info: IG-GRAL/headerInp.jpg  used on input line 35.
(pdftex.def)             Requested size: 333.38306pt x 35.0pt.
[21


]
Underfull \hbox (badness 10000) in paragraph at lines 37--37

 []

File: images/uc/actor.png Graphic file (type png)
<use images/uc/actor.png>
Package pdftex.def Info: images/uc/actor.png  used on input line 39.
(pdftex.def)             Requested size: 14.26958pt x 11.0pt.
File: images/uc/iu.png Graphic file (type png)
<use images/uc/iu.png>
Package pdftex.def Info: images/uc/iu.png  used on input line 39.
(pdftex.def)             Requested size: 11.09076pt x 10.0pt.
File: images/uc/usecase.png Graphic file (type png)
<use images/uc/usecase.png>
Package pdftex.def Info: images/uc/usecase.png  used on input line 40.
(pdftex.def)             Requested size: 16.40865pt x 11.0pt.
File: images/uc/usecase.png Graphic file (type png)
<use images/uc/usecase.png>
Package pdftex.def Info: images/uc/usecase.png  used on input line 41.
(pdftex.def)             Requested size: 16.40865pt x 11.0pt.
File: images/uc/iu.png Graphic file (type png)
<use images/uc/iu.png>
Package pdftex.def Info: images/uc/iu.png  used on input line 41.
(pdftex.def)             Requested size: 11.09076pt x 10.0pt.
File: images/uc/actor.png Graphic file (type png)
<use images/uc/actor.png>
Package pdftex.def Info: images/uc/actor.png  used on input line 42.
(pdftex.def)             Requested size: 14.26958pt x 11.0pt.
File: images/uc/actor.png Graphic file (type png)
<use images/uc/actor.png>
Package pdftex.def Info: images/uc/actor.png  used on input line 43.
(pdftex.def)             Requested size: 14.26958pt x 11.0pt.
File: images/uc/usecase.png Graphic file (type png)
<use images/uc/usecase.png>
Package pdftex.def Info: images/uc/usecase.png  used on input line 45.
(pdftex.def)             Requested size: 16.40865pt x 11.0pt.
File: images/uc/iu.png Graphic file (type png)
<use images/uc/iu.png>
Package pdftex.def Info: images/uc/iu.png  used on input line 45.
(pdftex.def)             Requested size: 11.09076pt x 10.0pt.
File: images/uc/usecase.png Graphic file (type png)
<use images/uc/usecase.png>
Package pdftex.def Info: images/uc/usecase.png  used on input line 49.
(pdftex.def)             Requested size: 16.40865pt x 11.0pt.
File: images/uc/actor.png Graphic file (type png)
<use images/uc/actor.png>
Package pdftex.def Info: images/uc/actor.png  used on input line 50.
(pdftex.def)             Requested size: 14.26958pt x 11.0pt.
File: images/uc/usecase.png Graphic file (type png)
<use images/uc/usecase.png>
Package pdftex.def Info: images/uc/usecase.png  used on input line 51.
(pdftex.def)             Requested size: 16.40865pt x 11.0pt.
File: images/uc/iu.png Graphic file (type png)
<use images/uc/iu.png>
Package pdftex.def Info: images/uc/iu.png  used on input line 51.
(pdftex.def)             Requested size: 11.09076pt x 10.0pt.
File: images/uc/usecase.png Graphic file (type png)
<use images/uc/usecase.png>
Package pdftex.def Info: images/uc/usecase.png  used on input line 55.
(pdftex.def)             Requested size: 16.40865pt x 11.0pt.
File: images/uc/usecase.png Graphic file (type png)
<use images/uc/usecase.png>
Package pdftex.def Info: images/uc/usecase.png  used on input line 60.
(pdftex.def)             Requested size: 16.40865pt x 11.0pt.
File: images/uc/actor.png Graphic file (type png)
<use images/uc/actor.png>
Package pdftex.def Info: images/uc/actor.png  used on input line 61.
(pdftex.def)             Requested size: 14.26958pt x 11.0pt.
File: IG-GRAL/headerPar.jpg Graphic file (type jpg)
<use IG-GRAL/headerPar.jpg>
Package pdftex.def Info: IG-GRAL/headerPar.jpg  used on input line 62.
(pdftex.def)             Requested size: 334.83243pt x 35.0pt.
[22]
File: images/uc/usecase.png Graphic file (type png)
<use images/uc/usecase.png>
Package pdftex.def Info: images/uc/usecase.png  used on input line 65.
(pdftex.def)             Requested size: 16.40865pt x 11.0pt.
File: images/uc/usecase.png Graphic file (type png)
<use images/uc/usecase.png>
Package pdftex.def Info: images/uc/usecase.png  used on input line 71.
(pdftex.def)             Requested size: 16.40865pt x 11.0pt.
File: images/uc/actor.png Graphic file (type png)
<use images/uc/actor.png>
Package pdftex.def Info: images/uc/actor.png  used on input line 72.
(pdftex.def)             Requested size: 14.26958pt x 11.0pt.
File: images/uc/usecase.png Graphic file (type png)
<use images/uc/usecase.png>
Package pdftex.def Info: images/uc/usecase.png  used on input line 73.
(pdftex.def)             Requested size: 16.40865pt x 11.0pt.
File: images/uc/usecase.png Graphic file (type png)
<use images/uc/usecase.png>
Package pdftex.def Info: images/uc/usecase.png  used on input line 79.
(pdftex.def)             Requested size: 16.40865pt x 11.0pt.
File: images/uc/usecase.png Graphic file (type png)
<use images/uc/usecase.png>
Package pdftex.def Info: images/uc/usecase.png  used on input line 80.
(pdftex.def)             Requested size: 16.40865pt x 11.0pt.
File: images/uc/actor.png Graphic file (type png)
<use images/uc/actor.png>
Package pdftex.def Info: images/uc/actor.png  used on input line 81.
(pdftex.def)             Requested size: 14.26958pt x 11.0pt.
File: images/uc/usecase.png Graphic file (type png)
<use images/uc/usecase.png>
Package pdftex.def Info: images/uc/usecase.png  used on input line 82.
(pdftex.def)             Requested size: 16.40865pt x 11.0pt.
File: images/uc/iu.png Graphic file (type png)
<use images/uc/iu.png>
Package pdftex.def Info: images/uc/iu.png  used on input line 82.
(pdftex.def)             Requested size: 11.09076pt x 10.0pt.
)
File: IG-GRAL/headerInp.jpg Graphic file (type jpg)
<use IG-GRAL/headerInp.jpg>
Package pdftex.def Info: IG-GRAL/headerInp.jpg  used on input line 29.
(pdftex.def)             Requested size: 333.38306pt x 35.0pt.
 [23]
\openout2 = `DCU/SP5-CU4.aux'.

 (DCU/SP5-CU4.tex
File: images/uc/default.png Graphic file (type png)
<use images/uc/default.png>
Package pdftex.def Info: images/uc/default.png  used on input line 1.
(pdftex.def)             Requested size: 550.53545pt x 33.9985pt.

Overfull \hbox (50.05145pt too wide) in paragraph at lines 1--1
[][] 
 []

File: IG-GRAL/headerPar.jpg Graphic file (type jpg)
<use IG-GRAL/headerPar.jpg>
Package pdftex.def Info: IG-GRAL/headerPar.jpg  used on input line 41.
(pdftex.def)             Requested size: 334.83243pt x 35.0pt.
[24


]
Underfull \hbox (badness 10000) in paragraph at lines 43--43

 []

File: images/uc/actor.png Graphic file (type png)
<use images/uc/actor.png>
Package pdftex.def Info: images/uc/actor.png  used on input line 45.
(pdftex.def)             Requested size: 14.26958pt x 11.0pt.
File: images/uc/iu.png Graphic file (type png)
<use images/uc/iu.png>
Package pdftex.def Info: images/uc/iu.png  used on input line 45.
(pdftex.def)             Requested size: 11.09076pt x 10.0pt.
File: images/uc/usecase.png Graphic file (type png)
<use images/uc/usecase.png>
Package pdftex.def Info: images/uc/usecase.png  used on input line 46.
(pdftex.def)             Requested size: 16.40865pt x 11.0pt.
File: images/uc/usecase.png Graphic file (type png)
<use images/uc/usecase.png>
Package pdftex.def Info: images/uc/usecase.png  used on input line 47.
(pdftex.def)             Requested size: 16.40865pt x 11.0pt.
File: images/uc/usecase.png Graphic file (type png)
<use images/uc/usecase.png>
Package pdftex.def Info: images/uc/usecase.png  used on input line 48.
(pdftex.def)             Requested size: 16.40865pt x 11.0pt.
File: images/uc/iu.png Graphic file (type png)
<use images/uc/iu.png>
Package pdftex.def Info: images/uc/iu.png  used on input line 48.
(pdftex.def)             Requested size: 11.09076pt x 10.0pt.
File: images/uc/actor.png Graphic file (type png)
<use images/uc/actor.png>
Package pdftex.def Info: images/uc/actor.png  used on input line 49.
(pdftex.def)             Requested size: 14.26958pt x 11.0pt.
File: images/uc/actor.png Graphic file (type png)
<use images/uc/actor.png>
Package pdftex.def Info: images/uc/actor.png  used on input line 50.
(pdftex.def)             Requested size: 14.26958pt x 11.0pt.
File: images/uc/usecase.png Graphic file (type png)
<use images/uc/usecase.png>
Package pdftex.def Info: images/uc/usecase.png  used on input line 51.
(pdftex.def)             Requested size: 16.40865pt x 11.0pt.
File: images/uc/usecase.png Graphic file (type png)
<use images/uc/usecase.png>
Package pdftex.def Info: images/uc/usecase.png  used on input line 52.
(pdftex.def)             Requested size: 16.40865pt x 11.0pt.
File: images/uc/usecase.png Graphic file (type png)
<use images/uc/usecase.png>
Package pdftex.def Info: images/uc/usecase.png  used on input line 53.
(pdftex.def)             Requested size: 16.40865pt x 11.0pt.
File: images/uc/actor.png Graphic file (type png)
<use images/uc/actor.png>
Package pdftex.def Info: images/uc/actor.png  used on input line 54.
(pdftex.def)             Requested size: 14.26958pt x 11.0pt.
File: images/uc/usecase.png Graphic file (type png)
<use images/uc/usecase.png>
Package pdftex.def Info: images/uc/usecase.png  used on input line 55.
(pdftex.def)             Requested size: 16.40865pt x 11.0pt.
File: images/uc/iu.png Graphic file (type png)
<use images/uc/iu.png>
Package pdftex.def Info: images/uc/iu.png  used on input line 55.
(pdftex.def)             Requested size: 11.09076pt x 10.0pt.
File: images/uc/usecase.png Graphic file (type png)
<use images/uc/usecase.png>
Package pdftex.def Info: images/uc/usecase.png  used on input line 60.
(pdftex.def)             Requested size: 16.40865pt x 11.0pt.

LaTeX Warning: Hyper reference `MSG7' on page 25 undefined on input line 60.

File: images/uc/actor.png Graphic file (type png)
<use images/uc/actor.png>
Package pdftex.def Info: images/uc/actor.png  used on input line 61.
(pdftex.def)             Requested size: 14.26958pt x 11.0pt.
File: images/uc/usecase.png Graphic file (type png)
<use images/uc/usecase.png>
Package pdftex.def Info: images/uc/usecase.png  used on input line 62.
(pdftex.def)             Requested size: 16.40865pt x 11.0pt.
File: images/uc/iu.png Graphic file (type png)
<use images/uc/iu.png>
Package pdftex.def Info: images/uc/iu.png  used on input line 62.
(pdftex.def)             Requested size: 11.09076pt x 10.0pt.
File: IG-GRAL/headerInp.jpg Graphic file (type jpg)
<use IG-GRAL/headerInp.jpg>
Package pdftex.def Info: IG-GRAL/headerInp.jpg  used on input line 65.
(pdftex.def)             Requested size: 333.38306pt x 35.0pt.
[25]
File: images/uc/usecase.png Graphic file (type png)
<use images/uc/usecase.png>
Package pdftex.def Info: images/uc/usecase.png  used on input line 66.
(pdftex.def)             Requested size: 16.40865pt x 11.0pt.
File: images/uc/usecase.png Graphic file (type png)
<use images/uc/usecase.png>
Package pdftex.def Info: images/uc/usecase.png  used on input line 67.
(pdftex.def)             Requested size: 16.40865pt x 11.0pt.
File: images/uc/usecase.png Graphic file (type png)
<use images/uc/usecase.png>
Package pdftex.def Info: images/uc/usecase.png  used on input line 71.
(pdftex.def)             Requested size: 16.40865pt x 11.0pt.
File: images/uc/iu.png Graphic file (type png)
<use images/uc/iu.png>
Package pdftex.def Info: images/uc/iu.png  used on input line 71.
(pdftex.def)             Requested size: 11.09076pt x 10.0pt.
File: images/uc/usecase.png Graphic file (type png)
<use images/uc/usecase.png>
Package pdftex.def Info: images/uc/usecase.png  used on input line 75.
(pdftex.def)             Requested size: 16.40865pt x 11.0pt.
File: images/uc/actor.png Graphic file (type png)
<use images/uc/actor.png>
Package pdftex.def Info: images/uc/actor.png  used on input line 76.
(pdftex.def)             Requested size: 14.26958pt x 11.0pt.
File: images/uc/usecase.png Graphic file (type png)
<use images/uc/usecase.png>
Package pdftex.def Info: images/uc/usecase.png  used on input line 77.
(pdftex.def)             Requested size: 16.40865pt x 11.0pt.
File: images/uc/usecase.png Graphic file (type png)
<use images/uc/usecase.png>
Package pdftex.def Info: images/uc/usecase.png  used on input line 81.
(pdftex.def)             Requested size: 16.40865pt x 11.0pt.
File: images/uc/actor.png Graphic file (type png)
<use images/uc/actor.png>
Package pdftex.def Info: images/uc/actor.png  used on input line 82.
(pdftex.def)             Requested size: 14.26958pt x 11.0pt.
File: images/uc/usecase.png Graphic file (type png)
<use images/uc/usecase.png>
Package pdftex.def Info: images/uc/usecase.png  used on input line 83.
(pdftex.def)             Requested size: 16.40865pt x 11.0pt.
File: images/uc/usecase.png Graphic file (type png)
<use images/uc/usecase.png>
Package pdftex.def Info: images/uc/usecase.png  used on input line 90.
(pdftex.def)             Requested size: 16.40865pt x 11.0pt.
File: images/uc/actor.png Graphic file (type png)
<use images/uc/actor.png>
Package pdftex.def Info: images/uc/actor.png  used on input line 91.
(pdftex.def)             Requested size: 14.26958pt x 11.0pt.
File: images/uc/usecase.png Graphic file (type png)
<use images/uc/usecase.png>
Package pdftex.def Info: images/uc/usecase.png  used on input line 92.
(pdftex.def)             Requested size: 16.40865pt x 11.0pt.
File: images/uc/iu.png Graphic file (type png)
<use images/uc/iu.png>
Package pdftex.def Info: images/uc/iu.png  used on input line 92.
(pdftex.def)             Requested size: 11.09076pt x 10.0pt.
File: images/uc/usecase.png Graphic file (type png)
<use images/uc/usecase.png>
Package pdftex.def Info: images/uc/usecase.png  used on input line 96.
(pdftex.def)             Requested size: 16.40865pt x 11.0pt.
File: images/uc/usecase.png Graphic file (type png)
<use images/uc/usecase.png>
Package pdftex.def Info: images/uc/usecase.png  used on input line 97.
(pdftex.def)             Requested size: 16.40865pt x 11.0pt.
File: images/uc/actor.png Graphic file (type png)
<use images/uc/actor.png>
Package pdftex.def Info: images/uc/actor.png  used on input line 98.
(pdftex.def)             Requested size: 14.26958pt x 11.0pt.
File: images/uc/usecase.png Graphic file (type png)
<use images/uc/usecase.png>
Package pdftex.def Info: images/uc/usecase.png  used on input line 99.
(pdftex.def)             Requested size: 16.40865pt x 11.0pt.
File: images/uc/iu.png Graphic file (type png)
<use images/uc/iu.png>
Package pdftex.def Info: images/uc/iu.png  used on input line 99.
(pdftex.def)             Requested size: 11.09076pt x 10.0pt.
)
File: IG-GRAL/headerPar.jpg Graphic file (type jpg)
<use IG-GRAL/headerPar.jpg>
Package pdftex.def Info: IG-GRAL/headerPar.jpg  used on input line 30.
(pdftex.def)             Requested size: 334.83243pt x 35.0pt.
 [26]
File: IG-GRAL/headerInp.jpg Graphic file (type jpg)
<use IG-GRAL/headerInp.jpg>
Package pdftex.def Info: IG-GRAL/headerInp.jpg  used on input line 30.
(pdftex.def)             Requested size: 333.38306pt x 35.0pt.
 [27]
\openout2 = `DCU/SP5-CU5.aux'.

 (DCU/SP5-CU5.tex
File: images/uc/default.png Graphic file (type png)
<use images/uc/default.png>
Package pdftex.def Info: images/uc/default.png  used on input line 1.
(pdftex.def)             Requested size: 550.53545pt x 33.9985pt.

Overfull \hbox (50.05145pt too wide) in paragraph at lines 1--1
[][] 
 []

File: IG-GRAL/headerPar.jpg Graphic file (type jpg)
<use IG-GRAL/headerPar.jpg>
Package pdftex.def Info: IG-GRAL/headerPar.jpg  used on input line 42.
(pdftex.def)             Requested size: 334.83243pt x 35.0pt.
[28


]
Underfull \hbox (badness 10000) in paragraph at lines 44--44

 []

File: images/uc/actor.png Graphic file (type png)
<use images/uc/actor.png>
Package pdftex.def Info: images/uc/actor.png  used on input line 46.
(pdftex.def)             Requested size: 14.26958pt x 11.0pt.
File: images/uc/iu.png Graphic file (type png)
<use images/uc/iu.png>
Package pdftex.def Info: images/uc/iu.png  used on input line 46.
(pdftex.def)             Requested size: 11.09076pt x 10.0pt.
File: images/uc/usecase.png Graphic file (type png)
<use images/uc/usecase.png>
Package pdftex.def Info: images/uc/usecase.png  used on input line 47.
(pdftex.def)             Requested size: 16.40865pt x 11.0pt.
File: images/uc/usecase.png Graphic file (type png)
<use images/uc/usecase.png>
Package pdftex.def Info: images/uc/usecase.png  used on input line 48.
(pdftex.def)             Requested size: 16.40865pt x 11.0pt.
File: images/uc/usecase.png Graphic file (type png)
<use images/uc/usecase.png>
Package pdftex.def Info: images/uc/usecase.png  used on input line 49.
(pdftex.def)             Requested size: 16.40865pt x 11.0pt.
File: images/uc/iu.png Graphic file (type png)
<use images/uc/iu.png>
Package pdftex.def Info: images/uc/iu.png  used on input line 49.
(pdftex.def)             Requested size: 11.09076pt x 10.0pt.
File: images/uc/actor.png Graphic file (type png)
<use images/uc/actor.png>
Package pdftex.def Info: images/uc/actor.png  used on input line 50.
(pdftex.def)             Requested size: 14.26958pt x 11.0pt.
File: images/uc/actor.png Graphic file (type png)
<use images/uc/actor.png>
Package pdftex.def Info: images/uc/actor.png  used on input line 51.
(pdftex.def)             Requested size: 14.26958pt x 11.0pt.
File: images/uc/usecase.png Graphic file (type png)
<use images/uc/usecase.png>
Package pdftex.def Info: images/uc/usecase.png  used on input line 52.
(pdftex.def)             Requested size: 16.40865pt x 11.0pt.
File: images/uc/usecase.png Graphic file (type png)
<use images/uc/usecase.png>
Package pdftex.def Info: images/uc/usecase.png  used on input line 53.
(pdftex.def)             Requested size: 16.40865pt x 11.0pt.
File: images/uc/usecase.png Graphic file (type png)
<use images/uc/usecase.png>
Package pdftex.def Info: images/uc/usecase.png  used on input line 54.
(pdftex.def)             Requested size: 16.40865pt x 11.0pt.
File: images/uc/usecase.png Graphic file (type png)
<use images/uc/usecase.png>
Package pdftex.def Info: images/uc/usecase.png  used on input line 55.
(pdftex.def)             Requested size: 16.40865pt x 11.0pt.
File: images/uc/iu.png Graphic file (type png)
<use images/uc/iu.png>
Package pdftex.def Info: images/uc/iu.png  used on input line 55.
(pdftex.def)             Requested size: 11.09076pt x 10.0pt.
File: images/uc/usecase.png Graphic file (type png)
<use images/uc/usecase.png>
Package pdftex.def Info: images/uc/usecase.png  used on input line 59.
(pdftex.def)             Requested size: 16.40865pt x 11.0pt.
File: images/uc/actor.png Graphic file (type png)
<use images/uc/actor.png>
Package pdftex.def Info: images/uc/actor.png  used on input line 60.
(pdftex.def)             Requested size: 14.26958pt x 11.0pt.
File: images/uc/usecase.png Graphic file (type png)
<use images/uc/usecase.png>
Package pdftex.def Info: images/uc/usecase.png  used on input line 61.
(pdftex.def)             Requested size: 16.40865pt x 11.0pt.
File: images/uc/iu.png Graphic file (type png)
<use images/uc/iu.png>
Package pdftex.def Info: images/uc/iu.png  used on input line 61.
(pdftex.def)             Requested size: 11.09076pt x 10.0pt.
File: images/uc/usecase.png Graphic file (type png)
<use images/uc/usecase.png>
Package pdftex.def Info: images/uc/usecase.png  used on input line 65.
(pdftex.def)             Requested size: 16.40865pt x 11.0pt.
File: images/uc/usecase.png Graphic file (type png)
<use images/uc/usecase.png>
Package pdftex.def Info: images/uc/usecase.png  used on input line 66.
(pdftex.def)             Requested size: 16.40865pt x 11.0pt.
File: IG-GRAL/headerInp.jpg Graphic file (type jpg)
<use IG-GRAL/headerInp.jpg>
Package pdftex.def Info: IG-GRAL/headerInp.jpg  used on input line 67.
(pdftex.def)             Requested size: 333.38306pt x 35.0pt.
[29]
File: images/uc/usecase.png Graphic file (type png)
<use images/uc/usecase.png>
Package pdftex.def Info: images/uc/usecase.png  used on input line 70.
(pdftex.def)             Requested size: 16.40865pt x 11.0pt.
File: images/uc/iu.png Graphic file (type png)
<use images/uc/iu.png>
Package pdftex.def Info: images/uc/iu.png  used on input line 70.
(pdftex.def)             Requested size: 11.09076pt x 10.0pt.
File: images/uc/usecase.png Graphic file (type png)
<use images/uc/usecase.png>
Package pdftex.def Info: images/uc/usecase.png  used on input line 74.
(pdftex.def)             Requested size: 16.40865pt x 11.0pt.
File: images/uc/actor.png Graphic file (type png)
<use images/uc/actor.png>
Package pdftex.def Info: images/uc/actor.png  used on input line 75.
(pdftex.def)             Requested size: 14.26958pt x 11.0pt.
File: images/uc/usecase.png Graphic file (type png)
<use images/uc/usecase.png>
Package pdftex.def Info: images/uc/usecase.png  used on input line 76.
(pdftex.def)             Requested size: 16.40865pt x 11.0pt.
File: images/uc/usecase.png Graphic file (type png)
<use images/uc/usecase.png>
Package pdftex.def Info: images/uc/usecase.png  used on input line 84.
(pdftex.def)             Requested size: 16.40865pt x 11.0pt.
File: images/uc/actor.png Graphic file (type png)
<use images/uc/actor.png>
Package pdftex.def Info: images/uc/actor.png  used on input line 85.
(pdftex.def)             Requested size: 14.26958pt x 11.0pt.
File: images/uc/usecase.png Graphic file (type png)
<use images/uc/usecase.png>
Package pdftex.def Info: images/uc/usecase.png  used on input line 86.
(pdftex.def)             Requested size: 16.40865pt x 11.0pt.
File: images/uc/iu.png Graphic file (type png)
<use images/uc/iu.png>
Package pdftex.def Info: images/uc/iu.png  used on input line 86.
(pdftex.def)             Requested size: 11.09076pt x 10.0pt.
File: images/uc/usecase.png Graphic file (type png)
<use images/uc/usecase.png>
Package pdftex.def Info: images/uc/usecase.png  used on input line 90.
(pdftex.def)             Requested size: 16.40865pt x 11.0pt.
File: images/uc/usecase.png Graphic file (type png)
<use images/uc/usecase.png>
Package pdftex.def Info: images/uc/usecase.png  used on input line 91.
(pdftex.def)             Requested size: 16.40865pt x 11.0pt.
File: images/uc/actor.png Graphic file (type png)
<use images/uc/actor.png>
Package pdftex.def Info: images/uc/actor.png  used on input line 92.
(pdftex.def)             Requested size: 14.26958pt x 11.0pt.
File: images/uc/usecase.png Graphic file (type png)
<use images/uc/usecase.png>
Package pdftex.def Info: images/uc/usecase.png  used on input line 93.
(pdftex.def)             Requested size: 16.40865pt x 11.0pt.
File: images/uc/iu.png Graphic file (type png)
<use images/uc/iu.png>
Package pdftex.def Info: images/uc/iu.png  used on input line 93.
(pdftex.def)             Requested size: 11.09076pt x 10.0pt.
)
File: IG-GRAL/headerPar.jpg Graphic file (type jpg)
<use IG-GRAL/headerPar.jpg>
Package pdftex.def Info: IG-GRAL/headerPar.jpg  used on input line 31.
(pdftex.def)             Requested size: 334.83243pt x 35.0pt.
 [30]
Cap\'{\i }tulo 4.
[31


]
\openout2 = `DCU/pantallas-sp5-CU/pantallas-sp5-CU.aux'.

 (DCU/pantallas-sp5-CU/pantallas-sp5-CU.tex
<images/pantallas-sp5-CU/menu-navegacion-jefes.png, id=541, 1023.825pt x 493.84
5pt>
File: images/pantallas-sp5-CU/menu-navegacion-jefes.png Graphic file (type png)

<use images/pantallas-sp5-CU/menu-navegacion-jefes.png>
Package pdftex.def Info: images/pantallas-sp5-CU/menu-navegacion-jefes.png  use
d on input line 1.
(pdftex.def)             Requested size: 425.41444pt x 205.19804pt.
<images/pantallas-sp5-CU/nueva-gestion.jpeg, id=542, 649.82774pt x 405.31425pt>

File: images/pantallas-sp5-CU/nueva-gestion.jpeg Graphic file (type jpg)
<use images/pantallas-sp5-CU/nueva-gestion.jpeg>
Package pdftex.def Info: images/pantallas-sp5-CU/nueva-gestion.jpeg  used on in
put line 3.
(pdftex.def)             Requested size: 425.41444pt x 265.34363pt.
<images/pantallas-sp5-CU/inicio-sesion.png, id=543, 849.1725pt x 396.48125pt>
File: images/pantallas-sp5-CU/inicio-sesion.png Graphic file (type png)
<use images/pantallas-sp5-CU/inicio-sesion.png>
Package pdftex.def Info: images/pantallas-sp5-CU/inicio-sesion.png  used on inp
ut line 5.
(pdftex.def)             Requested size: 425.41444pt x 198.62732pt.
<images/pantallas-sp5-CU/jdic-jdia.png, id=544, 847.165pt x 397.485pt>
File: images/pantallas-sp5-CU/jdic-jdia.png Graphic file (type png)
<use images/pantallas-sp5-CU/jdic-jdia.png>
Package pdftex.def Info: images/pantallas-sp5-CU/jdic-jdia.png  used on input l
ine 7.
(pdftex.def)             Requested size: 425.41444pt x 199.60326pt.
<images/pantallas-sp5-CU/analista.png, id=545, 848.16875pt x 396.48125pt>
File: images/pantallas-sp5-CU/analista.png Graphic file (type png)
<use images/pantallas-sp5-CU/analista.png>
Package pdftex.def Info: images/pantallas-sp5-CU/analista.png  used on input li
ne 9.
(pdftex.def)             Requested size: 425.41444pt x 198.86325pt.
<images/pantallas-sp5-CU/jie.png, id=546, 849.1725pt x 397.485pt>
File: images/pantallas-sp5-CU/jie.png Graphic file (type png)
<use images/pantallas-sp5-CU/jie.png>
Package pdftex.def Info: images/pantallas-sp5-CU/jie.png  used on input line 11
.
(pdftex.def)             Requested size: 425.41444pt x 199.13017pt.
<images/pantallas-sp5-CU/editar-empleados.png, id=547, 510.10574pt x 472.76625p
t>
File: images/pantallas-sp5-CU/editar-empleados.png Graphic file (type png)
<use images/pantallas-sp5-CU/editar-empleados.png>
Package pdftex.def Info: images/pantallas-sp5-CU/editar-empleados.png  used on 
input line 13.
(pdftex.def)             Requested size: 425.41444pt x 394.27869pt.
<images/pantallas-sp5-CU/Registar-empleado.png, id=548, 367.97475pt x 431.81325
pt>
File: images/pantallas-sp5-CU/Registar-empleado.png Graphic file (type png)
<use images/pantallas-sp5-CU/Registar-empleado.png>
Package pdftex.def Info: images/pantallas-sp5-CU/Registar-empleado.png  used on
 input line 15.
(pdftex.def)             Requested size: 425.41444pt x 499.22353pt.
)
File: IG-GRAL/headerPar.jpg Graphic file (type jpg)
<use IG-GRAL/headerPar.jpg>
Package pdftex.def Info: IG-GRAL/headerPar.jpg  used on input line 35.
(pdftex.def)             Requested size: 334.83243pt x 35.0pt.
 [32

 <./images/pantallas-sp5-CU/menu-navegacion-jefes.png> <./images/pantallas-sp5-
CU/nueva-gestion.jpeg>]
File: IG-GRAL/headerInp.jpg Graphic file (type jpg)
<use IG-GRAL/headerInp.jpg>
Package pdftex.def Info: IG-GRAL/headerInp.jpg  used on input line 35.
(pdftex.def)             Requested size: 333.38306pt x 35.0pt.

[33 <./images/pantallas-sp5-CU/inicio-sesion.png> <./images/pantallas-sp5-CU/jd
ic-jdia.png>]
File: IG-GRAL/headerPar.jpg Graphic file (type jpg)
<use IG-GRAL/headerPar.jpg>
Package pdftex.def Info: IG-GRAL/headerPar.jpg  used on input line 35.
(pdftex.def)             Requested size: 334.83243pt x 35.0pt.
 [34 <./images/pantallas-sp5-CU/analista.png> <./images/pantallas-sp5-CU/jie.pn
g>]
File: IG-GRAL/headerInp.jpg Graphic file (type jpg)
<use IG-GRAL/headerInp.jpg>
Package pdftex.def Info: IG-GRAL/headerInp.jpg  used on input line 35.
(pdftex.def)             Requested size: 333.38306pt x 35.0pt.
 [35 <./images/pantallas-sp5-CU/editar-empleados.png>]
File: IG-GRAL/headerPar.jpg Graphic file (type jpg)
<use IG-GRAL/headerPar.jpg>
Package pdftex.def Info: IG-GRAL/headerPar.jpg  used on input line 35.
(pdftex.def)             Requested size: 334.83243pt x 35.0pt.
 [36 <./images/pantallas-sp5-CU/Registar-empleado.png>]
Package atveryend Info: Empty hook `BeforeClearDocument' on input line 36.
Package atveryend Info: Empty hook `AfterLastShipout' on input line 36.
 (main.aux
LaTeX Info: Redefining \. on input line 23.
LaTeX Info: Redefining \% on input line 23.

(DR/MP/RequerimientosMP.aux) (DR/SP5/RequerimientosAB.aux) (DG/BR.aux)
(DCU/SP5-CU1.aux) (DCU/SP5-CU3.aux) (DCU/SP5-CU4.aux) (DCU/SP5-CU5.aux)
(DCU/pantallas-sp5-CU/pantallas-sp5-CU.aux))
Package atveryend Info: Executing hook `AtVeryEndDocument' on input line 36.
Package atveryend Info: Executing hook `AtEndAfterFileList' on input line 36.
Package rerunfilecheck Info: File `main.out' has not changed.
(rerunfilecheck)             Checksum: D4DA319300405C500A8CE618F0A0AAF8;1495.


LaTeX Warning: There were undefined references.


LaTeX Warning: There were multiply-defined labels.

Package atveryend Info: Empty hook `AtVeryVeryEnd' on input line 36.
 ) 
Here is how much of TeX's memory you used:
 10538 strings out of 492970
 158013 string characters out of 3135851
 307028 words of memory out of 3000000
 13915 multiletter control sequences out of 15000+200000
 16117 words of font info for 60 fonts, out of 3000000 for 9000
 1141 hyphenation exceptions out of 8191
 48i,15n,45p,417b,524s stack positions out of 5000i,500n,10000p,200000b,50000s
pdfTeX warning (dest): name{BR30} has been referenced but does not exist, rep
laced by a fixed one

pdfTeX warning (dest): name{MSG36} has been referenced but does not exist, repl
aced by a fixed one

pdfTeX warning (dest): name{MSG35} has been referenced but does not exist, repl
aced by a fixed one

pdfTeX warning (dest): name{MSG5} has been referenced but does not exist, repla
ced by a fixed one

pdfTeX warning (dest): name{MSG27} has been referenced but does not exist, repl
aced by a fixed one

pdfTeX warning (dest): name{MSG22} has been referenced but does not exist, repl
aced by a fixed one

pdfTeX warning (dest): name{MSG21} has been referenced but does not exist, repl
aced by a fixed one

pdfTeX warning (dest): name{MSG7} has been referenced but does not exist, repla
ced by a fixed one

pdfTeX warning (dest): name{MSG20} has been referenced but does not exist, repl
aced by a fixed one

pdfTeX warning (dest): name{MSG26} has been referenced but does not exist, repl
aced by a fixed one

pdfTeX warning (dest): name{MSG25} has been referenced but does not exist, repl
aced by a fixed one

pdfTeX warning (dest): name{MSG24} has been referenced but does not exist, repl
aced by a fixed one

pdfTeX warning (dest): name{MSG0} has been referenced but does not exist, repla
ced by a fixed one

pdfTeX warning (dest): name{Docente} has been referenced but does not exist, re
placed by a fixed one

pdfTeX warning (dest): name{Analista\040de\040la\040UA} has been referenced but
 does not exist, replaced by a fixed one

pdfTeX warning (dest): name{JIE} has been referenced but does not exist, replac
ed by a fixed one

pdfTeX warning (dest): name{Analista\040de\040la\040DES} has been referenced bu
t does not exist, replaced by a fixed one

pdfTeX warning (dest): name{JDIA} has been referenced but does not exist, repla
ced by a fixed one

pdfTeX warning (dest): name{JDIC} has been referenced but does not exist, repla
ced by a fixed one

 <C:\Users\Rafael\AppData\Local\MiKTeX\2.9\fonts\pk\ljfour\public\cmbright\dpi6
00\cmbr9.pk> <C:\Users\Rafael\AppData\Local\MiKTeX\2.9\fonts\pk\ljfour\public\c
mbright\dpi540\cmbrbx10.pk> <C:\Users\Rafael\AppData\Local\MiKTeX\2.9\fonts\pk\
ljfour\public\cmbright\dpi864\cmbrbx10.pk> <C:\Users\Rafael\AppData\Local\MiKTe
X\2.9\fonts\pk\ljfour\public\cmbright\dpi525\cmbr8.pk> <C:\Users\Rafael\AppData
\Local\MiKTeX\2.9\fonts\pk\ljfour\public\cmbright\dpi600\cmbrsl10.pk> <C:\Users
\Rafael\AppData\Local\MiKTeX\2.9\fonts\pk\ljfour\public\cmbright\dpi720\cmbrbx1
0.pk> <C:\Users\Rafael\AppData\Local\MiKTeX\2.9\fonts\pk\ljfour\public\cmbright
\dpi600\cmbrsy10.pk> <C:\Users\Rafael\AppData\Local\MiKTeX\2.9\fonts\pk\ljfour\
public\cmbright\dpi375\cmbrsl8.pk> <C:\Users\Rafael\AppData\Local\MiKTeX\2.9\fo
nts\pk\ljfour\public\cmbright\dpi600\cmbr8.pk> <C:\Users\Rafael\AppData\Local\M
iKTeX\2.9\fonts\pk\ljfour\public\cmbright\dpi600\cmbr10.pk> <C:\Users\Rafael\Ap
pData\Local\MiKTeX\2.9\fonts\pk\ljfour\public\cmbright\dpi600\cmbrbx10.pk> <C:\
Users\Rafael\AppData\Local\MiKTeX\2.9\fonts\pk\ljfour\public\cmbright\dpi864\cm
br10.pk> <C:\Users\Rafael\AppData\Local\MiKTeX\2.9\fonts\pk\ljfour\public\cmbri
ght\dpi720\cmbr10.pk> <C:\Users\Rafael\AppData\Local\MiKTeX\2.9\fonts\pk\ljfour
\public\cmbright\dpi600\cmbr17.pk> <C:\Users\Rafael\AppData\Local\MiKTeX\2.9\fo
nts\pk\ljfour\public\cmbright\dpi864\cmbr17.pk><C:/Program Files/MiKTeX 2.9/fon
ts/type1/public/amsfonts/latxfont/lcirclew.pfb><C:/Users/Rafael/AppData/Roaming
/MiKTeX/2.9/fonts/type1/public/marvosym/marvosym.pfb>
Output written on main.pdf (36 pages, 526432 bytes).
PDF statistics:
 1143 PDF objects out of 1200 (max. 8388607)
 227 named destinations out of 1000 (max. 500000)
 246 words of extra memory for PDF output out of 10000 (max. 10000000)

