\BOOKMARK [0][-]{chapter.1}{Identificaci\363n de Requerimientos}{}% 1
\BOOKMARK [0][-]{chapter.2}{SP2-CU1 Consultar contenido de propuesta de Unidad de Aprendizaje}{}% 2
\BOOKMARK [1][-]{section.2.1}{SP2-CU2 \040Consultar contenido de propuesta de Unidad de Aprendizaje}{chapter.2}% 3
\BOOKMARK [2][-]{subsection.2.1.1}{Descripci\363n completa}{section.2.1}% 4
\BOOKMARK [2][-]{subsection.2.1.2}{Atributos importantes}{section.2.1}% 5
\BOOKMARK [2][-]{subsection.2.1.3}{Trayectorias del Caso de Uso}{section.2.1}% 6
\BOOKMARK [0][-]{chapter.3}{Pantallas}{}% 7
\BOOKMARK [0][-]{chapter.4}{SP2-CU2 Consultar paquetes de Unidad de Aprendizaje del Jefe de Innovaci\363n}{}% 8
\BOOKMARK [1][-]{section.4.1}{SP2-CU2 \040Consultar paquetes de Unidad de Aprendizaje del Jefe de Innovaci\363n}{chapter.4}% 9
\BOOKMARK [2][-]{subsection.4.1.1}{Descripci\363n completa}{section.4.1}% 10
\BOOKMARK [2][-]{subsection.4.1.2}{Atributos importantes}{section.4.1}% 11
\BOOKMARK [2][-]{subsection.4.1.3}{Trayectorias del Caso de Uso}{section.4.1}% 12
\BOOKMARK [0][-]{chapter.5}{Pantallas}{}% 13
\BOOKMARK [0][-]{chapter.6}{SP2-CU4 Desasignar unidades de aprendizaje a un analista }{}% 14
\BOOKMARK [1][-]{section.6.1}{SP2-CU4 Desasignar unidades de aprendizaje a un analista}{chapter.6}% 15
\BOOKMARK [2][-]{subsection.6.1.1}{Descripci\363n completa}{section.6.1}% 16
\BOOKMARK [2][-]{subsection.6.1.2}{Atributos importantes}{section.6.1}% 17
\BOOKMARK [2][-]{subsection.6.1.3}{Trayectorias del Caso de Uso}{section.6.1}% 18
\BOOKMARK [0][-]{chapter.7}{Pantallas}{}% 19
\BOOKMARK [0][-]{chapter.8}{SP2-CU5 Finalizar revisi\363n de paquetes de propuestas de unidades de aprendizaje}{}% 20
\BOOKMARK [1][-]{section.8.1}{SP2-CU5 Finalizar revisi\363n de paquetes de propuestas de unidades de aprendizaje}{chapter.8}% 21
\BOOKMARK [2][-]{subsection.8.1.1}{Descripci\363n completa}{section.8.1}% 22
\BOOKMARK [2][-]{subsection.8.1.2}{Atributos importantes}{section.8.1}% 23
\BOOKMARK [2][-]{subsection.8.1.3}{Trayectorias del Caso de Uso}{section.8.1}% 24
\BOOKMARK [0][-]{chapter.9}{Pantallas}{}% 25
\BOOKMARK [0][-]{chapter.10}{SP2-CU7 Autorizar Secci\363n Descripci\363n de Unidad de Aprendizaje}{}% 26
\BOOKMARK [1][-]{section.10.1}{SP2-CU7 \040Autorizar Secci\363n Descripci\363n de Unidad de Aprendizaje }{chapter.10}% 27
\BOOKMARK [2][-]{subsection.10.1.1}{Descripci\363n completa}{section.10.1}% 28
\BOOKMARK [2][-]{subsection.10.1.2}{Atributos importantes}{section.10.1}% 29
\BOOKMARK [2][-]{subsection.10.1.3}{Trayectorias del Caso de Uso}{section.10.1}% 30
\BOOKMARK [0][-]{chapter.11}{Pantallas}{}% 31
\BOOKMARK [0][-]{chapter.12}{SP2-CU8 Autorizar Secci\363n Tiempos Asignados de Unidad de Aprendizaje}{}% 32
\BOOKMARK [1][-]{section.12.1}{SP2-CU8 \040Autorizar Secci\363n Tiempos Asignados de Unidad de Aprendizaje}{chapter.12}% 33
\BOOKMARK [2][-]{subsection.12.1.1}{Descripci\363n completa}{section.12.1}% 34
\BOOKMARK [2][-]{subsection.12.1.2}{Atributos importantes}{section.12.1}% 35
\BOOKMARK [2][-]{subsection.12.1.3}{Trayectorias del Caso de Uso}{section.12.1}% 36
\BOOKMARK [0][-]{chapter.13}{Pantallas}{}% 37
\BOOKMARK [0][-]{chapter.14}{SP2-CU9 Autorizar Secci\363n Evaluaci\363n y Acreditaci\363n de Unidad de Aprendizaje}{}% 38
\BOOKMARK [1][-]{section.14.1}{SP2-CU9 \040Autorizar Secci\363n Evaluaci\363n y Acreditaci\363n de Unidad de Aprendizaje}{chapter.14}% 39
\BOOKMARK [2][-]{subsection.14.1.1}{Descripci\363n completa}{section.14.1}% 40
\BOOKMARK [2][-]{subsection.14.1.2}{Atributos importantes}{section.14.1}% 41
\BOOKMARK [2][-]{subsection.14.1.3}{Trayectorias del Caso de Uso}{section.14.1}% 42
\BOOKMARK [0][-]{chapter.15}{Pantallas}{}% 43
\BOOKMARK [0][-]{chapter.16}{SP2-CU10 Autorizar Secci\363n Bibliograf\355a de Unidad de Aprendizaje }{}% 44
\BOOKMARK [1][-]{section.16.1}{SP2-CU10 \040Autorizar Secci\363n Bibliograf\355a de Unidad de Aprendizaje}{chapter.16}% 45
\BOOKMARK [2][-]{subsection.16.1.1}{Descripci\363n completa}{section.16.1}% 46
\BOOKMARK [2][-]{subsection.16.1.2}{Atributos importantes}{section.16.1}% 47
\BOOKMARK [2][-]{subsection.16.1.3}{Trayectorias del Caso de Uso}{section.16.1}% 48
\BOOKMARK [0][-]{chapter.17}{Pantallas}{}% 49
\BOOKMARK [0][-]{chapter.18}{SP2-CU11 Autorizar Secci\363n Perfil Docente de Unidad de Aprendizaje }{}% 50
\BOOKMARK [1][-]{section.18.1}{SP2-CU11 \040Autorizar Secci\363n Perfil Docente de Unidad de Aprendizaje}{chapter.18}% 51
\BOOKMARK [2][-]{subsection.18.1.1}{Descripci\363n completa}{section.18.1}% 52
\BOOKMARK [2][-]{subsection.18.1.2}{Atributos importantes}{section.18.1}% 53
\BOOKMARK [2][-]{subsection.18.1.3}{Trayectorias del Caso de Uso}{section.18.1}% 54
\BOOKMARK [0][-]{chapter.19}{Pantallas}{}% 55
\BOOKMARK [0][-]{chapter.20}{SP2-CU12 Autorizar Unidad Tem\341tica de Unidad de Aprendizaje}{}% 56
\BOOKMARK [1][-]{section.20.1}{SP2-CU12 \040Autorizar Unidad Tem\341tica de Unidad de Aprendizaje}{chapter.20}% 57
\BOOKMARK [2][-]{subsection.20.1.1}{Descripci\363n completa}{section.20.1}% 58
\BOOKMARK [2][-]{subsection.20.1.2}{Atributos importantes}{section.20.1}% 59
\BOOKMARK [2][-]{subsection.20.1.3}{Trayectorias del Caso de Uso}{section.20.1}% 60
\BOOKMARK [0][-]{chapter.21}{Pantallas}{}% 61
\BOOKMARK [0][-]{chapter.22}{SP2-CU14 Agregar comentarios a propuesta de unidad de aprendizaje}{}% 62
\BOOKMARK [1][-]{section.22.1}{SP2-CU14 \040Agregar comentarios a propuesta de unidad de aprendizaje }{chapter.22}% 63
\BOOKMARK [2][-]{subsection.22.1.1}{Descripci\363n completa}{section.22.1}% 64
\BOOKMARK [2][-]{subsection.22.1.2}{Atributos importantes}{section.22.1}% 65
\BOOKMARK [2][-]{subsection.22.1.3}{Trayectorias del Caso de Uso}{section.22.1}% 66
\BOOKMARK [0][-]{chapter.23}{Pantallas}{}% 67
\BOOKMARK [0][-]{chapter.24}{SP2-CU15 Modificar comentarios a propuesta de Unidad de Aprendizaje}{}% 68
\BOOKMARK [1][-]{section.24.1}{SP2-CU15 \040Modificar comentarios a propuesta de Unidad de Aprendizaje }{chapter.24}% 69
\BOOKMARK [2][-]{subsection.24.1.1}{Descripci\363n completa}{section.24.1}% 70
\BOOKMARK [2][-]{subsection.24.1.2}{Atributos importantes}{section.24.1}% 71
\BOOKMARK [2][-]{subsection.24.1.3}{Trayectorias del Caso de Uso}{section.24.1}% 72
\BOOKMARK [0][-]{chapter.25}{Pantallas}{}% 73
\BOOKMARK [0][-]{chapter.26}{SP2-CU16 Eliminar comentarios en secci\363n de propuesta de Unidad de Aprendizaje}{}% 74
\BOOKMARK [1][-]{section.26.1}{SP2-CU16 \040Eliminar comentarios en secci\363n de propuesta de Unidad de Aprendizaje }{chapter.26}% 75
\BOOKMARK [2][-]{subsection.26.1.1}{Descripci\363n completa}{section.26.1}% 76
\BOOKMARK [2][-]{subsection.26.1.2}{Atributos importantes}{section.26.1}% 77
\BOOKMARK [2][-]{subsection.26.1.3}{Trayectorias del Caso de Uso}{section.26.1}% 78
\BOOKMARK [0][-]{chapter.27}{Pantallas}{}% 79
\BOOKMARK [0][-]{chapter.28}{SP2-CU17 Agregar subrayado a propuesta de Unidad de Aprendizaje}{}% 80
\BOOKMARK [1][-]{section.28.1}{SP2-CU17 \040Agregar subrayado a propuesta de Unidad de Aprendizaje }{chapter.28}% 81
\BOOKMARK [2][-]{subsection.28.1.1}{Descripci\363n completa}{section.28.1}% 82
\BOOKMARK [2][-]{subsection.28.1.2}{Atributos importantes}{section.28.1}% 83
\BOOKMARK [2][-]{subsection.28.1.3}{Trayectorias del Caso de Uso}{section.28.1}% 84
\BOOKMARK [0][-]{chapter.29}{Pantallas}{}% 85
\BOOKMARK [0][-]{chapter.30}{SP2-CU18 Eliminar subrayado en secci\363n de propuesta de Unidad de Aprendizaje}{}% 86
\BOOKMARK [1][-]{section.30.1}{SP2-CU18 \040Eliminar subrayado en secci\363n de propuesta de Unidad de Aprendizaje }{chapter.30}% 87
\BOOKMARK [2][-]{subsection.30.1.1}{Descripci\363n completa}{section.30.1}% 88
\BOOKMARK [2][-]{subsection.30.1.2}{Atributos importantes}{section.30.1}% 89
\BOOKMARK [2][-]{subsection.30.1.3}{Trayectorias del Caso de Uso}{section.30.1}% 90
\BOOKMARK [0][-]{chapter.31}{Pantallas}{}% 91
