This is pdfTeX, Version 3.14159265-2.6-1.40.19 (MiKTeX 2.9.6730) (preloaded format=pdflatex 2018.9.17)  7 NOV 2018 22:55
entering extended mode
**./SP2-CU.tex
(SP2-CU.tex
LaTeX2e <2018-04-01> patch level 5

! LaTeX Error: File `DCU/SP2/SP2-CU/SP2-CU2.tex' not found.

Type X to quit or <RETURN> to proceed,
or enter new name. (Default extension: tex)

Enter file name: 
! Emergency stop.
<read *> 
         
l.2 \input{DCU/SP2/SP2-CU/SP2-CU2}
                                  
*** (cannot \read from terminal in nonstop modes)

 
Here is how much of TeX's memory you used:
 9 strings out of 494872
 202 string characters out of 3178080
 51306 words of memory out of 3000000
 3733 multiletter control sequences out of 15000+200000
 3640 words of font info for 14 fonts, out of 3000000 for 9000
 14 hyphenation exceptions out of 8191
 5i,0n,3p,47b,8s stack positions out of 5000i,500n,10000p,200000b,50000s
!  ==> Fatal error occurred, no output PDF file produced!
