\BOOKMARK [0][-]{chapter.1}{Introducci\363n}{}% 1
\BOOKMARK [1][-]{section.1.1}{Presentaci\363n}{chapter.1}% 2
\BOOKMARK [2][-]{subsection.1.1.1}{Objetivos del Manual}{section.1.1}% 3
\BOOKMARK [2][-]{subsection.1.1.2}{Objetivos particulares}{section.1.1}% 4
\BOOKMARK [0][-]{chapter.2}{Descripci\363n del Proceso}{}% 5
\BOOKMARK [1][-]{section.2.1}{Proceso de gesti\363n de Programas Acad\351micos}{chapter.2}% 6
\BOOKMARK [2][-]{subsection.2.1.1}{Jefe de Innovaci\363n Educativa de la Unidad Acad\351mica}{section.2.1}% 7
\BOOKMARK [0][-]{chapter.3}{Gesti\363n de Recursos Humanos}{}% 8
\BOOKMARK [1][-]{section.3.1}{Consulta de Recursos Humanos}{chapter.3}% 9
\BOOKMARK [2][-]{subsection.3.1.1}{Buscar Recursos Humanos seg\372n su cargo}{section.3.1}% 10
\BOOKMARK [2][-]{subsection.3.1.2}{Editar Recursos Humanos}{section.3.1}% 11
\BOOKMARK [2][-]{subsection.3.1.3}{Eliminar Recursos Humanos}{section.3.1}% 12
\BOOKMARK [2][-]{subsection.3.1.4}{Registrar Recursos Humanos}{section.3.1}% 13
\BOOKMARK [1][-]{section.3.2}{Registro de Recursos Humanos}{chapter.3}% 14
\BOOKMARK [2][-]{subsection.3.2.1}{Posibles errores}{section.3.2}% 15
\BOOKMARK [1][-]{section.3.3}{Edici\363n de Recursos Humanos}{chapter.3}% 16
\BOOKMARK [2][-]{subsection.3.3.1}{Posibles errores}{section.3.3}% 17
\BOOKMARK [0][-]{chapter.4}{Gesti\363n de Programas Acad\351micos}{}% 18
\BOOKMARK [1][-]{section.4.1}{Consulta de Programas Acad\351micos}{chapter.4}% 19
\BOOKMARK [2][-]{subsection.4.1.1}{Editar Recursos Humanos}{section.4.1}% 20
\BOOKMARK [2][-]{subsection.4.1.2}{Registrar Recursos Humanos}{section.4.1}% 21
\BOOKMARK [1][-]{section.4.2}{Registro de Programas Acad\351micos}{chapter.4}% 22
\BOOKMARK [2][-]{subsection.4.2.1}{Posibles errores}{section.4.2}% 23
\BOOKMARK [1][-]{section.4.3}{Edici\363n de Programas Acad\351micos}{chapter.4}% 24
\BOOKMARK [2][-]{subsection.4.3.1}{Posibles errores}{section.4.3}% 25
\BOOKMARK [0][-]{chapter.5}{Gesti\363n de Plan de Estudios}{}% 26
\BOOKMARK [1][-]{section.5.1}{Consulta de Planes de Estudios}{chapter.5}% 27
\BOOKMARK [2][-]{subsection.5.1.1}{Buscar Planes de Estudio seg\372n su cargo}{section.5.1}% 28
\BOOKMARK [2][-]{subsection.5.1.2}{Editar Planes de Estudios}{section.5.1}% 29
\BOOKMARK [1][-]{section.5.2}{Edici\363n de Planes de Estudios}{chapter.5}% 30
\BOOKMARK [2][-]{subsection.5.2.1}{Posibles errores}{section.5.2}% 31
