This is pdfTeX, Version 3.14159265-2.6-1.40.19 (MiKTeX 2.9.6840 64-bit) (preloaded format=pdflatex 2018.10.25)  13 NOV 2018 21:41
entering extended mode
**./main.tex
(main.tex
LaTeX2e <2018-04-01> patch level 5
("C:\Users\Andrez\AppData\Local\Programs\MiKTeX 2.9\tex\latex\base\report.cls"
Document Class: report 2014/09/29 v1.4h Standard LaTeX document class
("C:\Users\Andrez\AppData\Local\Programs\MiKTeX 2.9\tex\latex\base\size10.clo"
File: size10.clo 2014/09/29 v1.4h Standard LaTeX file (size option)
)
\c@part=\count80
\c@chapter=\count81
\c@section=\count82
\c@subsection=\count83
\c@subsubsection=\count84
\c@paragraph=\count85
\c@subparagraph=\count86
\c@figure=\count87
\c@table=\count88
\abovecaptionskip=\skip41
\belowcaptionskip=\skip42
\bibindent=\dimen102
) (documento.sty
Package: documento 2010/05/30, v1.0 Plantilla para la materia de IS

("C:\Users\Andrez\AppData\Local\Programs\MiKTeX 2.9\tex\latex\base\inputenc.sty
"
Package: inputenc 2018/04/06 v1.3b Input encoding file
\inpenc@prehook=\toks14
\inpenc@posthook=\toks15
)
("C:\Users\Andrez\AppData\Local\Programs\MiKTeX 2.9\tex\generic\babel\babel.sty
"
Package: babel 2018/09/26 3.24 The Babel package

("C:\Users\Andrez\AppData\Local\Programs\MiKTeX 2.9\tex\generic\babel\switch.de
f"
File: switch.def 2018/09/26 3.24 Babel switching mechanism
)
*************************************
* Local config file bblopts.cfg used
*
("C:\Users\Andrez\AppData\Local\Programs\MiKTeX 2.9\tex\latex\arabi\bblopts.cfg
"
File: bblopts.cfg 2005/09/08 v0.1 add Arabic and Farsi to "declared" options of
 babel
)
("C:\Users\Andrez\AppData\Local\Programs\MiKTeX 2.9\tex\latex\babel-spanish\spa
nish.ldf"
Language: spanish.ldf 2016/03/03 v5.0p Spanish support from the babel system

("C:\Users\Andrez\AppData\Local\Programs\MiKTeX 2.9\tex\generic\babel\babel.def
"
File: babel.def 2018/09/26 3.24 Babel common definitions
\babel@savecnt=\count89
\U@D=\dimen103

("C:\Users\Andrez\AppData\Local\Programs\MiKTeX 2.9\tex\generic\babel\txtbabel.
def")
\bbl@dirlevel=\count90
)
\es@quottoks=\toks16
\es@quotdepth=\count91
Package babel Info: Making " an active character on input line 561.
Package babel Info: Making . an active character on input line 662.
Package babel Info: Making < an active character on input line 707.
Package babel Info: Making > an active character on input line 707.
))
("C:\Users\Andrez\AppData\Local\Programs\MiKTeX 2.9\tex\latex\cmbright\cmbright
.sty"
Package: cmbright 2005/04/13 v8.1 (WaS)
LaTeX Font Info:    Redeclaring symbol font `operators' on input line 29.
LaTeX Font Info:    Overwriting symbol font `operators' in version `normal'
(Font)                  OT1/cmr/m/n --> OT1/cmbr/m/n on input line 29.
LaTeX Font Info:    Overwriting symbol font `operators' in version `bold'
(Font)                  OT1/cmr/bx/n --> OT1/cmbr/m/n on input line 29.
LaTeX Font Info:    Redeclaring symbol font `letters' on input line 30.
LaTeX Font Info:    Overwriting symbol font `letters' in version `normal'
(Font)                  OML/cmm/m/it --> OML/cmbrm/m/it on input line 30.
LaTeX Font Info:    Overwriting symbol font `letters' in version `bold'
(Font)                  OML/cmm/b/it --> OML/cmbrm/m/it on input line 30.
LaTeX Font Info:    Overwriting symbol font `letters' in version `bold'
(Font)                  OML/cmbrm/m/it --> OML/cmbrm/b/it on input line 31.
LaTeX Font Info:    Redeclaring symbol font `symbols' on input line 32.
LaTeX Font Info:    Overwriting symbol font `symbols' in version `normal'
(Font)                  OMS/cmsy/m/n --> OMS/cmbrs/m/n on input line 32.
LaTeX Font Info:    Overwriting symbol font `symbols' in version `bold'
(Font)                  OMS/cmsy/b/n --> OMS/cmbrs/m/n on input line 32.
LaTeX Font Info:    Redeclaring math alphabet \mathit on input line 33.
LaTeX Font Info:    Overwriting math alphabet `\mathit' in version `normal'
(Font)                  OT1/cmr/m/it --> OT1/cmbr/m/sl on input line 33.
LaTeX Font Info:    Overwriting math alphabet `\mathit' in version `bold'
(Font)                  OT1/cmr/bx/it --> OT1/cmbr/m/sl on input line 33.
LaTeX Font Info:    Redeclaring math alphabet \mathbf on input line 34.
LaTeX Font Info:    Overwriting math alphabet `\mathbf' in version `normal'
(Font)                  OT1/cmr/bx/n --> OT1/cmbr/bx/n on input line 34.
LaTeX Font Info:    Overwriting math alphabet `\mathbf' in version `bold'
(Font)                  OT1/cmr/bx/n --> OT1/cmbr/bx/n on input line 34.
LaTeX Font Info:    Redeclaring math alphabet \mathtt on input line 35.
LaTeX Font Info:    Overwriting math alphabet `\mathtt' in version `normal'
(Font)                  OT1/cmtt/m/n --> OT1/cmtl/m/n on input line 35.
LaTeX Font Info:    Overwriting math alphabet `\mathtt' in version `bold'
(Font)                  OT1/cmtt/m/n --> OT1/cmtl/m/n on input line 35.
LaTeX Font Info:    Redeclaring math symbol \alpha on input line 37.
LaTeX Font Info:    Redeclaring math symbol \beta on input line 38.
LaTeX Font Info:    Redeclaring math symbol \gamma on input line 39.
LaTeX Font Info:    Redeclaring math symbol \delta on input line 40.
LaTeX Font Info:    Redeclaring math symbol \epsilon on input line 41.
LaTeX Font Info:    Redeclaring math symbol \zeta on input line 42.
LaTeX Font Info:    Redeclaring math symbol \eta on input line 43.
LaTeX Font Info:    Redeclaring math symbol \theta on input line 44.
LaTeX Font Info:    Redeclaring math symbol \iota on input line 45.
LaTeX Font Info:    Redeclaring math symbol \kappa on input line 46.
LaTeX Font Info:    Redeclaring math symbol \lambda on input line 47.
LaTeX Font Info:    Redeclaring math symbol \mu on input line 48.
LaTeX Font Info:    Redeclaring math symbol \nu on input line 49.
LaTeX Font Info:    Redeclaring math symbol \xi on input line 50.
LaTeX Font Info:    Redeclaring math symbol \pi on input line 51.
LaTeX Font Info:    Redeclaring math symbol \rho on input line 52.
LaTeX Font Info:    Redeclaring math symbol \sigma on input line 53.
LaTeX Font Info:    Redeclaring math symbol \tau on input line 54.
LaTeX Font Info:    Redeclaring math symbol \upsilon on input line 55.
LaTeX Font Info:    Redeclaring math symbol \phi on input line 56.
LaTeX Font Info:    Redeclaring math symbol \chi on input line 57.
LaTeX Font Info:    Redeclaring math symbol \psi on input line 58.
LaTeX Font Info:    Redeclaring math symbol \omega on input line 59.
LaTeX Font Info:    Redeclaring math symbol \varepsilon on input line 60.
LaTeX Font Info:    Redeclaring math symbol \vartheta on input line 61.
LaTeX Font Info:    Redeclaring math symbol \varpi on input line 62.
LaTeX Font Info:    Redeclaring math symbol \varrho on input line 63.
LaTeX Font Info:    Redeclaring math symbol \varsigma on input line 64.
LaTeX Font Info:    Redeclaring math symbol \varphi on input line 65.
LaTeX Info: Redefining \LaTeX on input line 129.
LaTeX Info: Redefining \LaTeXe on input line 139.
LaTeX Font Info:    Try loading font information for OT1+cmbr on input line 144
.

("C:\Users\Andrez\AppData\Local\Programs\MiKTeX 2.9\tex\latex\cmbright\ot1cmbr.
fd"
File: ot1cmbr.fd 2005/04/13 v8.1 (WaS)
))
("C:\Users\Andrez\AppData\Local\Programs\MiKTeX 2.9\tex\latex\graphics\graphicx
.sty"
Package: graphicx 2017/06/01 v1.1a Enhanced LaTeX Graphics (DPC,SPQR)

("C:\Users\Andrez\AppData\Local\Programs\MiKTeX 2.9\tex\latex\graphics\keyval.s
ty"
Package: keyval 2014/10/28 v1.15 key=value parser (DPC)
\KV@toks@=\toks17
)
("C:\Users\Andrez\AppData\Local\Programs\MiKTeX 2.9\tex\latex\graphics\graphics
.sty"
Package: graphics 2017/06/25 v1.2c Standard LaTeX Graphics (DPC,SPQR)

("C:\Users\Andrez\AppData\Local\Programs\MiKTeX 2.9\tex\latex\graphics\trig.sty
"
Package: trig 2016/01/03 v1.10 sin cos tan (DPC)
)
("C:\Users\Andrez\AppData\Local\Programs\MiKTeX 2.9\tex\latex\graphics-cfg\grap
hics.cfg"
File: graphics.cfg 2016/06/04 v1.11 sample graphics configuration
)
Package graphics Info: Driver file: pdftex.def on input line 99.

("C:\Users\Andrez\AppData\Local\Programs\MiKTeX 2.9\tex\latex\graphics-def\pdft
ex.def"
File: pdftex.def 2018/01/08 v1.0l Graphics/color driver for pdftex
))
\Gin@req@height=\dimen104
\Gin@req@width=\dimen105
)
("C:\Users\Andrez\AppData\Local\Programs\MiKTeX 2.9\tex\latex\graphics\color.st
y"
Package: color 2016/07/10 v1.1e Standard LaTeX Color (DPC)

("C:\Users\Andrez\AppData\Local\Programs\MiKTeX 2.9\tex\latex\graphics-cfg\colo
r.cfg"
File: color.cfg 2016/01/02 v1.6 sample color configuration
)
Package color Info: Driver file: pdftex.def on input line 147.

("C:\Users\Andrez\AppData\Local\Programs\MiKTeX 2.9\tex\latex\graphics\dvipsnam
.def"
File: dvipsnam.def 2016/06/17 v3.0m Driver-dependent file (DPC,SPQR)
))
("C:\Users\Andrez\AppData\Local\Programs\MiKTeX 2.9\tex\latex\wallpaper\wallpap
er.sty"
Package: wallpaper 2005/01/18, v1.01 easy wallpaper formatting (MHFW)

("C:\Users\Andrez\AppData\Local\Programs\MiKTeX 2.9\tex\latex\base\ifthen.sty"
Package: ifthen 2014/09/29 v1.1c Standard LaTeX ifthen package (DPC)
) ("C:\Users\Andrez\AppData\Local\Programs\MiKTeX 2.9\tex\latex\tools\calc.sty"
Package: calc 2017/05/25 v4.3 Infix arithmetic (KKT,FJ)
\calc@Acount=\count92
\calc@Bcount=\count93
\calc@Adimen=\dimen106
\calc@Bdimen=\dimen107
\calc@Askip=\skip43
\calc@Bskip=\skip44
LaTeX Info: Redefining \setlength on input line 80.
LaTeX Info: Redefining \addtolength on input line 81.
\calc@Ccount=\count94
\calc@Cskip=\skip45
)
("C:\Users\Andrez\AppData\Local\Programs\MiKTeX 2.9\tex\latex\eso-pic\eso-pic.s
ty"
Package: eso-pic 2018/04/12 v2.0h eso-pic (RN)

("C:\Users\Andrez\AppData\Local\Programs\MiKTeX 2.9\tex\generic\oberdiek\atbegs
hi.sty"
Package: atbegshi 2016/06/09 v1.18 At begin shipout hook (HO)

("C:\Users\Andrez\AppData\Local\Programs\MiKTeX 2.9\tex\generic\oberdiek\infwar
err.sty"
Package: infwarerr 2016/05/16 v1.4 Providing info/warning/error messages (HO)
)
("C:\Users\Andrez\AppData\Local\Programs\MiKTeX 2.9\tex\generic\oberdiek\ltxcmd
s.sty"
Package: ltxcmds 2016/05/16 v1.23 LaTeX kernel commands for general use (HO)
)
("C:\Users\Andrez\AppData\Local\Programs\MiKTeX 2.9\tex\generic\oberdiek\ifpdf.
sty"
Package: ifpdf 2018/09/07 v3.3 Provides the ifpdf switch
)))
\wpXoffset=\skip46
\wpYoffset=\skip47
\tileXoffset=\skip48
\tileYoffset=\skip49
\tilewidth=\skip50
\tileheight=\skip51
\tileX=\skip52
\tileY=\skip53
)
("C:\Users\Andrez\AppData\Local\Programs\MiKTeX 2.9\tex\latex\fancyhdr\fancyhdr
.sty"
Package: fancyhdr 2017/06/30 v3.9a Extensive control of page headers and footer
s
\f@nch@headwidth=\skip54
\f@nch@O@elh=\skip55
\f@nch@O@erh=\skip56
\f@nch@O@olh=\skip57
\f@nch@O@orh=\skip58
\f@nch@O@elf=\skip59
\f@nch@O@erf=\skip60
\f@nch@O@olf=\skip61
\f@nch@O@orf=\skip62
)
("C:\Users\Andrez\AppData\Local\Programs\MiKTeX 2.9\tex\latex\geometry\geometry
.sty"
Package: geometry 2018/04/16 v5.8 Page Geometry

("C:\Users\Andrez\AppData\Local\Programs\MiKTeX 2.9\tex\generic\oberdiek\ifvtex
.sty"
Package: ifvtex 2016/05/16 v1.6 Detect VTeX and its facilities (HO)
Package ifvtex Info: VTeX not detected.
)
("C:\Users\Andrez\AppData\Local\Programs\MiKTeX 2.9\tex\generic\ifxetex\ifxetex
.sty"
Package: ifxetex 2010/09/12 v0.6 Provides ifxetex conditional
)
\Gm@cnth=\count95
\Gm@cntv=\count96
\c@Gm@tempcnt=\count97
\Gm@bindingoffset=\dimen108
\Gm@wd@mp=\dimen109
\Gm@odd@mp=\dimen110
\Gm@even@mp=\dimen111
\Gm@layoutwidth=\dimen112
\Gm@layoutheight=\dimen113
\Gm@layouthoffset=\dimen114
\Gm@layoutvoffset=\dimen115
\Gm@dimlist=\toks18

("C:\Users\Andrez\AppData\Local\Programs\MiKTeX 2.9\tex\latex\geometry\geometry
.cfg"))
("C:\Users\Andrez\AppData\Local\Programs\MiKTeX 2.9\tex\latex\fncychap\fncychap
.sty"
Package: fncychap 2007/07/30 v1.34 LaTeX package (Revised chapters)
\RW=\skip63
\mylen=\skip64
\myhi=\skip65
\px=\skip66
\py=\skip67
\pyy=\skip68
\pxx=\skip69
)
("C:\Users\Andrez\AppData\Local\Programs\MiKTeX 2.9\tex\latex\marvosym\marvosym
.sty"
Package: marvosym 2011/07/20 v2.2 Martin Vogel's Symbols font definitions
)

Package Fancyhdr Warning: \fancyhead's `E' option without twoside option is use
less on input line 35.


Package Fancyhdr Warning: \fancyhead's `E' option without twoside option is use
less on input line 37.


Package Fancyhdr Warning: \fancyfoot's `E' option without twoside option is use
less on input line 40.


Package Fancyhdr Warning: \fancyfoot's `E' option without twoside option is use
less on input line 41.

) (procesos.sty (requerimientos.sty
("C:\Users\Andrez\AppData\Local\Programs\MiKTeX 2.9\tex\latex\tools\longtable.s
ty"
Package: longtable 2014/10/28 v4.11 Multi-page Table package (DPC)
\LTleft=\skip70
\LTright=\skip71
\LTpre=\skip72
\LTpost=\skip73
\LTchunksize=\count98
\LTcapwidth=\dimen116
\LT@head=\box26
\LT@firsthead=\box27
\LT@foot=\box28
\LT@lastfoot=\box29
\LT@cols=\count99
\LT@rows=\count100
\c@LT@tables=\count101
\c@LT@chunks=\count102
\LT@p@ftn=\toks19
)
("C:\Users\Andrez\AppData\Local\Programs\MiKTeX 2.9\tex\latex\hyperref\hyperref
.sty"
Package: hyperref 2018/09/30 v6.88a Hypertext links for LaTeX

("C:\Users\Andrez\AppData\Local\Programs\MiKTeX 2.9\tex\generic\oberdiek\hobsub
-hyperref.sty"
Package: hobsub-hyperref 2016/05/16 v1.14 Bundle oberdiek, subset hyperref (HO)


("C:\Users\Andrez\AppData\Local\Programs\MiKTeX 2.9\tex\generic\oberdiek\hobsub
-generic.sty"
Package: hobsub-generic 2016/05/16 v1.14 Bundle oberdiek, subset generic (HO)
Package: hobsub 2016/05/16 v1.14 Construct package bundles (HO)
Package hobsub Info: Skipping package `infwarerr' (already loaded).
Package hobsub Info: Skipping package `ltxcmds' (already loaded).
Package: ifluatex 2016/05/16 v1.4 Provides the ifluatex switch (HO)
Package ifluatex Info: LuaTeX not detected.
Package hobsub Info: Skipping package `ifvtex' (already loaded).
Package: intcalc 2016/05/16 v1.2 Expandable calculations with integers (HO)
Package hobsub Info: Skipping package `ifpdf' (already loaded).
Package: etexcmds 2016/05/16 v1.6 Avoid name clashes with e-TeX commands (HO)
Package etexcmds Info: Could not find \expanded.
(etexcmds)             That can mean that you are not using pdfTeX 1.50 or
(etexcmds)             that some package has redefined \expanded.
(etexcmds)             In the latter case, load this package earlier.
Package: kvsetkeys 2016/05/16 v1.17 Key value parser (HO)
Package: kvdefinekeys 2016/05/16 v1.4 Define keys (HO)
Package: pdftexcmds 2018/09/10 v0.29 Utility functions of pdfTeX for LuaTeX (HO
)
Package pdftexcmds Info: LuaTeX not detected.
Package pdftexcmds Info: \pdf@primitive is available.
Package pdftexcmds Info: \pdf@ifprimitive is available.
Package pdftexcmds Info: \pdfdraftmode found.
Package: pdfescape 2016/05/16 v1.14 Implements pdfTeX's escape features (HO)
Package: bigintcalc 2016/05/16 v1.4 Expandable calculations on big integers (HO
)
Package: bitset 2016/05/16 v1.2 Handle bit-vector datatype (HO)
Package: uniquecounter 2016/05/16 v1.3 Provide unlimited unique counter (HO)
)
Package hobsub Info: Skipping package `hobsub' (already loaded).
Package: letltxmacro 2016/05/16 v1.5 Let assignment for LaTeX macros (HO)
Package: hopatch 2016/05/16 v1.3 Wrapper for package hooks (HO)
Package: xcolor-patch 2016/05/16 xcolor patch
Package: atveryend 2016/05/16 v1.9 Hooks at the very end of document (HO)
Package atveryend Info: \enddocument detected (standard20110627).
Package hobsub Info: Skipping package `atbegshi' (already loaded).
Package: refcount 2016/05/16 v3.5 Data extraction from label references (HO)
Package: hycolor 2016/05/16 v1.8 Color options for hyperref/bookmark (HO)
)
("C:\Users\Andrez\AppData\Local\Programs\MiKTeX 2.9\tex\latex\oberdiek\auxhook.
sty"
Package: auxhook 2016/05/16 v1.4 Hooks for auxiliary files (HO)
)
("C:\Users\Andrez\AppData\Local\Programs\MiKTeX 2.9\tex\latex\oberdiek\kvoption
s.sty"
Package: kvoptions 2016/05/16 v3.12 Key value format for package options (HO)
)
\@linkdim=\dimen117
\Hy@linkcounter=\count103
\Hy@pagecounter=\count104

("C:\Users\Andrez\AppData\Local\Programs\MiKTeX 2.9\tex\latex\hyperref\pd1enc.d
ef"
File: pd1enc.def 2018/09/30 v6.88a Hyperref: PDFDocEncoding definition (HO)
Now handling font encoding PD1 ...
... no UTF-8 mapping file for font encoding PD1
)
\Hy@SavedSpaceFactor=\count105

("C:\Users\Andrez\AppData\Local\Programs\MiKTeX 2.9\tex\latex\00miktex\hyperref
.cfg"
File: hyperref.cfg 2002/06/06 v1.2 hyperref configuration of TeXLive
)
Package hyperref Info: Option `bookmarks' set `true' on input line 4409.
Package hyperref Info: Option `colorlinks' set `true' on input line 4409.
Package hyperref Info: Hyper figures OFF on input line 4535.
Package hyperref Info: Link nesting OFF on input line 4540.
Package hyperref Info: Hyper index ON on input line 4543.
Package hyperref Info: Plain pages OFF on input line 4550.
Package hyperref Info: Backreferencing OFF on input line 4555.
Package hyperref Info: Implicit mode ON; LaTeX internals redefined.
Package hyperref Info: Bookmarks ON on input line 4788.
\c@Hy@tempcnt=\count106
 ("C:\Users\Andrez\AppData\Local\Programs\MiKTeX 2.9\tex\latex\url\url.sty"
\Urlmuskip=\muskip10
Package: url 2013/09/16  ver 3.4  Verb mode for urls, etc.
)
LaTeX Info: Redefining \url on input line 5141.
\XeTeXLinkMargin=\dimen118
\Fld@menulength=\count107
\Field@Width=\dimen119
\Fld@charsize=\dimen120
Package hyperref Info: Hyper figures OFF on input line 6396.
Package hyperref Info: Link nesting OFF on input line 6401.
Package hyperref Info: Hyper index ON on input line 6404.
Package hyperref Info: backreferencing OFF on input line 6411.
Package hyperref Info: Link coloring ON on input line 6414.
Package hyperref Info: Link coloring with OCG OFF on input line 6421.
Package hyperref Info: PDF/A mode OFF on input line 6426.
LaTeX Info: Redefining \ref on input line 6466.
LaTeX Info: Redefining \pageref on input line 6470.
\Hy@abspage=\count108
\c@Item=\count109
\c@Hfootnote=\count110
)
Package hyperref Info: Driver: hpdftex.

("C:\Users\Andrez\AppData\Local\Programs\MiKTeX 2.9\tex\latex\hyperref\hpdftex.
def"
File: hpdftex.def 2018/09/30 v6.88a Hyperref driver for pdfTeX
\Fld@listcount=\count111
\c@bookmark@seq@number=\count112

("C:\Users\Andrez\AppData\Local\Programs\MiKTeX 2.9\tex\latex\oberdiek\rerunfil
echeck.sty"
Package: rerunfilecheck 2016/05/16 v1.8 Rerun checks for auxiliary files (HO)
Package uniquecounter Info: New unique counter `rerunfilecheck' on input line 2
82.
)
\Hy@SectionHShift=\skip74
)
("C:\Users\Andrez\AppData\Local\Programs\MiKTeX 2.9\tex\latex\amsfonts\amssymb.
sty"
Package: amssymb 2013/01/14 v3.01 AMS font symbols

("C:\Users\Andrez\AppData\Local\Programs\MiKTeX 2.9\tex\latex\amsfonts\amsfonts
.sty"
Package: amsfonts 2013/01/14 v3.01 Basic AMSFonts support
\@emptytoks=\toks20
\symAMSa=\mathgroup4
\symAMSb=\mathgroup5
LaTeX Font Info:    Overwriting math alphabet `\mathfrak' in version `bold'
(Font)                  U/euf/m/n --> U/euf/b/n on input line 106.
))
("C:\Users\Andrez\AppData\Local\Programs\MiKTeX 2.9\tex\latex\colortbl\colortbl
.sty"
Package: colortbl 2018/05/02 v1.0c Color table columns (DPC)

("C:\Users\Andrez\AppData\Local\Programs\MiKTeX 2.9\tex\latex\tools\array.sty"
Package: array 2018/04/30 v2.4h Tabular extension package (FMi)
\col@sep=\dimen121
\ar@mcellbox=\box30
\extrarowheight=\dimen122
\NC@list=\toks21
\extratabsurround=\skip75
\backup@length=\skip76
\ar@cellbox=\box31
)
\everycr=\toks22
\minrowclearance=\skip77
)
("C:\Users\Andrez\AppData\Local\Programs\MiKTeX 2.9\tex\latex\multirow\multirow
.sty"
Package: multirow 2018/08/03 v2.3 Span multiple rows of a table
\multirow@colwidth=\skip78
\multirow@cntb=\count113
\multirow@dima=\skip79
\bigstrutjot=\dimen123
))
("C:\Users\Andrez\AppData\Local\Programs\MiKTeX 2.9\tex\latex\chapterfolder\cha
pterfolder.sty"
Package: chapterfolder 2005/11/24 v2.0 Package for dealing with folder
\c@@cf@currentpos=\count114
)
("C:\Users\Andrez\AppData\Local\Programs\MiKTeX 2.9\tex\latex\listings\listings
.sty"
\lst@mode=\count115
\lst@gtempboxa=\box32
\lst@token=\toks23
\lst@length=\count116
\lst@currlwidth=\dimen124
\lst@column=\count117
\lst@pos=\count118
\lst@lostspace=\dimen125
\lst@width=\dimen126
\lst@newlines=\count119
\lst@lineno=\count120
\lst@maxwidth=\dimen127

("C:\Users\Andrez\AppData\Local\Programs\MiKTeX 2.9\tex\latex\listings\lstmisc.
sty"
File: lstmisc.sty 2018/09/02 1.7 (Carsten Heinz)
\c@lstnumber=\count121
\lst@skipnumbers=\count122
\lst@framebox=\box33
)
("C:\Users\Andrez\AppData\Local\Programs\MiKTeX 2.9\tex\latex\listings\listings
.cfg"
File: listings.cfg 2018/09/02 1.7 listings configuration
))
Package: listings 2018/09/02 1.7 (Carsten Heinz)

("C:\Users\Andrez\AppData\Local\Programs\MiKTeX 2.9\tex\latex\keystroke\keystro
ke.sty"
Package: keystroke 2010/04/23 v1.6 3D keystrokes (SuSE GmbH/RN)
\suse@key=\box34
\keystroke@left=\box35
\keystroke@right=\box36
\keystroke@middle=\box37
<keystroke_left.pdf, id=1, 42.1575pt x 195.73125pt>
File: keystroke_left.pdf Graphic file (type pdf)
<use keystroke_left.pdf>
Package pdftex.def Info: keystroke_left.pdf  used on input line 171.
(pdftex.def)             Requested size: 42.15738pt x 195.73076pt.
<keystroke_middle.pdf, id=2, 116.435pt x 195.73125pt>
File: keystroke_middle.pdf Graphic file (type pdf)
<use keystroke_middle.pdf>
Package pdftex.def Info: keystroke_middle.pdf  used on input line 172.
(pdftex.def)             Requested size: 116.43471pt x 195.73076pt.
<keystroke_right.pdf, id=3, 42.1575pt x 195.73125pt>
File: keystroke_right.pdf Graphic file (type pdf)
<use keystroke_right.pdf>
Package pdftex.def Info: keystroke_right.pdf  used on input line 173.
(pdftex.def)             Requested size: 42.15738pt x 195.73076pt.
)
("C:\Users\Andrez\AppData\Local\Programs\MiKTeX 2.9\tex\latex\pgf\utilities\pgf
keys.sty"
("C:\Users\Andrez\AppData\Local\Programs\MiKTeX 2.9\tex\generic\pgf\utilities\p
gfkeys.code.tex"
\pgfkeys@pathtoks=\toks24
\pgfkeys@temptoks=\toks25

("C:\Users\Andrez\AppData\Local\Programs\MiKTeX 2.9\tex\generic\pgf\utilities\p
gfkeysfiltered.code.tex"
\pgfkeys@tmptoks=\toks26
))))
("C:\Users\Andrez\AppData\Local\Programs\MiKTeX 2.9\tex\latex\tools\verbatim.st
y"
Package: verbatim 2014/10/28 v1.5q LaTeX2e package for verbatim enhancements
\every@verbatim=\toks27
\verbatim@line=\toks28
\verbatim@in@stream=\read1
) (main.aux
LaTeX Info: Redefining \. on input line 23.
LaTeX Info: Redefining \% on input line 23.
 (SP/Introduccion.aux) (SP/ProcesoGeneral.aux) (SP/SP1.aux)
(SP/SP3.aux

LaTeX Warning: Label `editar' multiply defined.


LaTeX Warning: Label `add' multiply defined.


LaTeX Warning: Label `ejreg' multiply defined.


LaTeX Warning: Label `cancel1' multiply defined.


LaTeX Warning: Label `btnreg' multiply defined.


LaTeX Warning: Label `modif' multiply defined.


LaTeX Warning: Label `cancel2' multiply defined.


LaTeX Warning: Label `btnfin' multiply defined.

) (SP/SP4-GPE.aux

LaTeX Warning: Label `editar' multiply defined.


LaTeX Warning: Label `modif' multiply defined.


LaTeX Warning: Label `cancel2' multiply defined.


LaTeX Warning: Label `btnfin' multiply defined.

))
\openout1 = `main.aux'.

LaTeX Font Info:    Checking defaults for OML/cmm/m/it on input line 10.
LaTeX Font Info:    ... okay on input line 10.
LaTeX Font Info:    Checking defaults for T1/cmr/m/n on input line 10.
LaTeX Font Info:    ... okay on input line 10.
LaTeX Font Info:    Checking defaults for OT1/cmr/m/n on input line 10.
LaTeX Font Info:    ... okay on input line 10.
LaTeX Font Info:    Checking defaults for OMS/cmsy/m/n on input line 10.
LaTeX Font Info:    ... okay on input line 10.
LaTeX Font Info:    Checking defaults for OMX/cmex/m/n on input line 10.
LaTeX Font Info:    ... okay on input line 10.
LaTeX Font Info:    Checking defaults for U/cmr/m/n on input line 10.
LaTeX Font Info:    ... okay on input line 10.
LaTeX Font Info:    Checking defaults for PD1/pdf/m/n on input line 10.
LaTeX Font Info:    ... okay on input line 10.
LaTeX Info: Redefining \. on input line 10.
LaTeX Info: Redefining \% on input line 10.

("C:\Users\Andrez\AppData\Local\Programs\MiKTeX 2.9\tex\context\base\supp-pdf.m
kii"
[Loading MPS to PDF converter (version 2006.09.02).]
\scratchcounter=\count123
\scratchdimen=\dimen128
\scratchbox=\box38
\nofMPsegments=\count124
\nofMParguments=\count125
\everyMPshowfont=\toks29
\MPscratchCnt=\count126
\MPscratchDim=\dimen129
\MPnumerator=\count127
\makeMPintoPDFobject=\count128
\everyMPtoPDFconversion=\toks30
)
("C:\Users\Andrez\AppData\Local\Programs\MiKTeX 2.9\tex\latex\oberdiek\epstopdf
-base.sty"
Package: epstopdf-base 2016/05/15 v2.6 Base part for package epstopdf

("C:\Users\Andrez\AppData\Local\Programs\MiKTeX 2.9\tex\latex\oberdiek\grfext.s
ty"
Package: grfext 2016/05/16 v1.2 Manage graphics extensions (HO)
)
Package epstopdf-base Info: Redefining graphics rule for `.eps' on input line 4
38.
Package grfext Info: Graphics extension search list:
(grfext)             [.pdf,.png,.jpg,.mps,.jpeg,.jbig2,.jb2,.PDF,.PNG,.JPG,.JPE
G,.JBIG2,.JB2,.eps]
(grfext)             \AppendGraphicsExtensions on input line 456.
)
\AtBeginShipoutBox=\box39

*geometry* driver: auto-detecting
*geometry* detected driver: pdftex
*geometry* verbose mode - [ preamble ] result:
* driver: pdftex
* paper: <default>
* layout: <same size as paper>
* layoutoffset:(h,v)=(0.0pt,0.0pt)
* modes: 
* h-part:(L,W,R)=(56.9055pt, 500.484pt, 56.9055pt)
* v-part:(T,H,B)=(99.58464pt, 595.8007pt, 99.58464pt)
* \paperwidth=614.295pt
* \paperheight=794.96999pt
* \textwidth=500.484pt
* \textheight=595.8007pt
* \oddsidemargin=-15.36449pt
* \evensidemargin=-15.36449pt
* \topmargin=-54.59085pt
* \headheight=56.9055pt
* \headsep=25.0pt
* \topskip=10.0pt
* \footskip=30.0pt
* \marginparwidth=65.0pt
* \marginparsep=11.0pt
* \columnsep=10.0pt
* \skip\footins=9.0pt plus 4.0pt minus 2.0pt
* \hoffset=0.0pt
* \voffset=0.0pt
* \mag=1000
* \@twocolumnfalse
* \@twosidefalse
* \@mparswitchfalse
* \@reversemarginfalse
* (1in=72.27pt=25.4mm, 1cm=28.453pt)

Package hyperref Info: Link coloring ON on input line 10.

("C:\Users\Andrez\AppData\Local\Programs\MiKTeX 2.9\tex\latex\hyperref\nameref.
sty"
Package: nameref 2016/05/21 v2.44 Cross-referencing by name of section

("C:\Users\Andrez\AppData\Local\Programs\MiKTeX 2.9\tex\generic\oberdiek\gettit
lestring.sty"
Package: gettitlestring 2016/05/16 v1.5 Cleanup title references (HO)
)
\c@section@level=\count129
)
LaTeX Info: Redefining \ref on input line 10.
LaTeX Info: Redefining \pageref on input line 10.
LaTeX Info: Redefining \nameref on input line 10.
 (main.out) (main.out)
\@outlinefile=\write3
\openout3 = `main.out'.

\c@lstlisting=\count130
LaTeX Font Info:    Try loading font information for OML+cmbrm on input line 12
.

("C:\Users\Andrez\AppData\Local\Programs\MiKTeX 2.9\tex\latex\cmbright\omlcmbrm
.fd"
File: omlcmbrm.fd 2005/04/13 v8.1 (WaS)
)
LaTeX Font Info:    Try loading font information for OMS+cmbrs on input line 12
.

("C:\Users\Andrez\AppData\Local\Programs\MiKTeX 2.9\tex\latex\cmbright\omscmbrs
.fd"
File: omscmbrs.fd 2005/04/13 v8.1 (WaS)
) [1

{C:/Users/Andrez/AppData/Local/MiKTeX/2.9/pdftex/config/pdftex.map}]
(main.toc
LaTeX Info: Redefining \. on input line 1.
LaTeX Info: Redefining \% on input line 1.
pdfTeX warning (ext4): destination with the same identifier (name{page.1}) has 
been already used, duplicate ignored
<to be read again> 
                   \relax 
l.32 ... Planes de Estudios}{25}{subsection.5.1.2}
                                                   [1

])
\tf@toc=\write4
\openout4 = `main.toc'.

<IG-GRAL/headerInp.jpg, id=176, 437.38406pt x 45.92157pt>
File: IG-GRAL/headerInp.jpg Graphic file (type jpg)
<use IG-GRAL/headerInp.jpg>
Package pdftex.def Info: IG-GRAL/headerInp.jpg  used on input line 14.
(pdftex.def)             Requested size: 333.38306pt x 35.0pt.
LaTeX Font Info:    Font shape `OT1/cmbr/m/it' in size <5> not available
(Font)              Font shape `OT1/cmbr/m/sl' tried instead on input line 14.
LaTeX Font Info:    Try loading font information for U+mvs on input line 14.

("C:\Users\Andrez\AppData\Local\Programs\MiKTeX 2.9\tex\latex\marvosym\umvs.fd"
) [2 <./IG-GRAL/headerInp.jpg>]
\openout2 = `SP/Introduccion.aux'.

 (SP/Introduccion.tex
Cap\'{\i }tulo 1.

Underfull \hbox (badness 10000) in paragraph at lines 3--4

 []


Underfull \hbox (badness 10000) in paragraph at lines 5--6

 []


Underfull \hbox (badness 10000) in paragraph at lines 7--8

 []


Underfull \hbox (badness 10000) in paragraph at lines 9--10

 []

LaTeX Font Info:    Try loading font information for OMS+cmbr on input line 16.


("C:\Users\Andrez\AppData\Local\Programs\MiKTeX 2.9\tex\latex\cmbright\omscmbr.
fd"
File: omscmbr.fd 2005/04/13 v8.1 (WaS)
)
LaTeX Font Info:    Font shape `OMS/cmbr/m/n' in size <10> not available
(Font)              Font shape `OMS/cmbrs/m/n' tried instead on input line 16.
 [3


])
File: IG-GRAL/headerInp.jpg Graphic file (type jpg)
<use IG-GRAL/headerInp.jpg>
Package pdftex.def Info: IG-GRAL/headerInp.jpg  used on input line 14.
(pdftex.def)             Requested size: 333.38306pt x 35.0pt.
 [4]
\openout2 = `SP/ProcesoGeneral.aux'.

 (SP/ProcesoGeneral.tex
Cap\'{\i }tulo 2.
<images/SP1/ProcesoGeneral.png, id=195, 1331.97626pt x 622.325pt>
File: images/SP1/ProcesoGeneral.png Graphic file (type png)
<use images/SP1/ProcesoGeneral.png>
Package pdftex.def Info: images/SP1/ProcesoGeneral.png  used on input line 7.
(pdftex.def)             Requested size: 500.484pt x 233.8271pt.
<images/SP1/gestionRH.png, id=197, 1224.575pt x 593.21625pt>
File: images/SP1/gestionRH.png Graphic file (type png)
<use images/SP1/gestionRH.png>
Package pdftex.def Info: images/SP1/gestionRH.png  used on input line 15.
(pdftex.def)             Requested size: 500.484pt x 242.44179pt.

Underfull \hbox (badness 10000) in paragraph at lines 20--21

 []

[5



 <./images/SP1/ProcesoGeneral.png>]
Underfull \hbox (badness 10000) in paragraph at lines 22--23

 []


Underfull \hbox (badness 10000) in paragraph at lines 24--25

 []


Underfull \hbox (badness 10000) in paragraph at lines 26--27

 []


Underfull \hbox (badness 10000) in paragraph at lines 28--29

 []


Underfull \hbox (badness 10000) in paragraph at lines 30--31

 []

<images/SP3/gestionPA.png, id=205, 1224.575pt x 593.21625pt>
File: images/SP3/gestionPA.png Graphic file (type png)
<use images/SP3/gestionPA.png>
Package pdftex.def Info: images/SP3/gestionPA.png  used on input line 36.
(pdftex.def)             Requested size: 500.484pt x 242.44179pt.

Underfull \hbox (badness 10000) in paragraph at lines 41--42

 []


Underfull \hbox (badness 10000) in paragraph at lines 43--44

 []


Underfull \hbox (badness 10000) in paragraph at lines 45--46

 []

File: IG-GRAL/headerInp.jpg Graphic file (type jpg)
<use IG-GRAL/headerInp.jpg>
Package pdftex.def Info: IG-GRAL/headerInp.jpg  used on input line 46.
(pdftex.def)             Requested size: 333.38306pt x 35.0pt.
[6 <./images/SP1/gestionRH.png>]
Underfull \hbox (badness 10000) in paragraph at lines 47--48

 []


Underfull \hbox (badness 10000) in paragraph at lines 49--50

 []


Underfull \hbox (badness 10000) in paragraph at lines 51--52

 []

)
File: IG-GRAL/headerInp.jpg Graphic file (type jpg)
<use IG-GRAL/headerInp.jpg>
Package pdftex.def Info: IG-GRAL/headerInp.jpg  used on input line 15.
(pdftex.def)             Requested size: 333.38306pt x 35.0pt.
 [7 <./images/SP3/gestionPA.png>]
\openout2 = `SP/SP1.aux'.

 (SP/SP1.tex
Cap\'{\i }tulo 3.
<images/SP1/ConsultarRH.png, id=223, 841.64438pt x 493.845pt>
File: images/SP1/ConsultarRH.png Graphic file (type png)
<use images/SP1/ConsultarRH.png>
Package pdftex.def Info: images/SP1/ConsultarRH.png  used on input line 13.
(pdftex.def)             Requested size: 350.33727pt x 205.56729pt.
<images/SP1/BtnCargo1.png, id=224, 641.7576pt x 162.3666pt>
File: images/SP1/BtnCargo1.png Graphic file (type png)
<use images/SP1/BtnCargo1.png>
Package pdftex.def Info: images/SP1/BtnCargo1.png  used on input line 26.
(pdftex.def)             Requested size: 350.33727pt x 88.63545pt.
[8



 <./images/SP1/ConsultarRH.png>]
<images/SP1/BtnCargo.png, id=232, 751.30687pt x 202.50656pt>
File: images/SP1/BtnCargo.png Graphic file (type png)
<use images/SP1/BtnCargo.png>
Package pdftex.def Info: images/SP1/BtnCargo.png  used on input line 33.
(pdftex.def)             Requested size: 350.33727pt x 94.4303pt.
<images/SP1/BtnBuscar2.png, id=233, 808.4604pt x 153.6942pt>
File: images/SP1/BtnBuscar2.png Graphic file (type png)
<use images/SP1/BtnBuscar2.png>
Package pdftex.def Info: images/SP1/BtnBuscar2.png  used on input line 41.
(pdftex.def)             Requested size: 350.33727pt x 66.60313pt.
LaTeX Font Info:    Font shape `OT1/cmbr/m/it' in size <10> not available
(Font)              Font shape `OT1/cmbr/m/sl' tried instead on input line 48.
<images/SP1/BtnEditar.png, id=235, 785.8158pt x 162.3666pt>
File: images/SP1/BtnEditar.png Graphic file (type png)
<use images/SP1/BtnEditar.png>
Package pdftex.def Info: images/SP1/BtnEditar.png  used on input line 52.
(pdftex.def)             Requested size: 350.33727pt x 72.38545pt.
File: IG-GRAL/headerInp.jpg Graphic file (type jpg)
<use IG-GRAL/headerInp.jpg>
Package pdftex.def Info: IG-GRAL/headerInp.jpg  used on input line 56.
(pdftex.def)             Requested size: 333.38306pt x 35.0pt.
 [9 <./images/SP1/BtnCargo1.png> <./images/SP1/BtnCargo.png> <./images/SP1/BtnB
uscar2.png>]
<images/SP1/BtnEliminar.png, id=251, 789.1884pt x 162.3666pt>
File: images/SP1/BtnEliminar.png Graphic file (type png)
<use images/SP1/BtnEliminar.png>
Package pdftex.def Info: images/SP1/BtnEliminar.png  used on input line 64.
(pdftex.def)             Requested size: 350.33727pt x 72.07823pt.

Underfull \hbox (badness 10000) in paragraph at lines 72--73

 []


Underfull \hbox (badness 10000) in paragraph at lines 74--75

 []

<images/SP1/BtnAgregar.png, id=253, 841.7046pt x 202.356pt>
File: images/SP1/BtnAgregar.png Graphic file (type png)
<use images/SP1/BtnAgregar.png>
Package pdftex.def Info: images/SP1/BtnAgregar.png  used on input line 82.
(pdftex.def)             Requested size: 350.33727pt x 84.22627pt.
File: IG-GRAL/headerInp.jpg Graphic file (type jpg)
<use IG-GRAL/headerInp.jpg>
Package pdftex.def Info: IG-GRAL/headerInp.jpg  used on input line 97.
(pdftex.def)             Requested size: 333.38306pt x 35.0pt.
[10 <./images/SP1/BtnEditar.png> <./images/SP1/BtnEliminar.png> <./images/SP1/B
tnAgregar.png>]
<images/SP1/RegistrarRH.png, id=271, 841.64438pt x 493.0922pt>
File: images/SP1/RegistrarRH.png Graphic file (type png)
<use images/SP1/RegistrarRH.png>
Package pdftex.def Info: images/SP1/RegistrarRH.png  used on input line 104.
(pdftex.def)             Requested size: 350.33727pt x 205.25394pt.
<images/SP1/Llenado.png, id=272, 842.39719pt x 494.59781pt>
File: images/SP1/Llenado.png Graphic file (type png)
<use images/SP1/Llenado.png>
Package pdftex.def Info: images/SP1/Llenado.png  used on input line 113.
(pdftex.def)             Requested size: 350.33727pt x 205.69199pt.
<images/SP1/BtnCancelar1.png, id=273, 595.023pt x 117.0774pt>
File: images/SP1/BtnCancelar1.png Graphic file (type png)
<use images/SP1/BtnCancelar1.png>
Package pdftex.def Info: images/SP1/BtnCancelar1.png  used on input line 122.
(pdftex.def)             Requested size: 350.33727pt x 68.93393pt.

Underfull \hbox (badness 10000) in paragraph at lines 130--131

 []

File: IG-GRAL/headerInp.jpg Graphic file (type jpg)
<use IG-GRAL/headerInp.jpg>
Package pdftex.def Info: IG-GRAL/headerInp.jpg  used on input line 131.
(pdftex.def)             Requested size: 333.38306pt x 35.0pt.
[11 <./images/SP1/RegistrarRH.png> <./images/SP1/Llenado.png>]
Underfull \hbox (badness 10000) in paragraph at lines 132--133

 []

<images/SP1/BtnRegistrar.png, id=283, 621.522pt x 106.9596pt>
File: images/SP1/BtnRegistrar.png Graphic file (type png)
<use images/SP1/BtnRegistrar.png>
Package pdftex.def Info: images/SP1/BtnRegistrar.png  used on input line 137.
(pdftex.def)             Requested size: 350.33727pt x 60.29192pt.

Underfull \hbox (badness 10000) in paragraph at lines 145--146

 []


Underfull \hbox (badness 10000) in paragraph at lines 162--163

 []

File: IG-GRAL/headerInp.jpg Graphic file (type jpg)
<use IG-GRAL/headerInp.jpg>
Package pdftex.def Info: IG-GRAL/headerInp.jpg  used on input line 166.
(pdftex.def)             Requested size: 333.38306pt x 35.0pt.
[12 <./images/SP1/BtnCancelar1.png> <./images/SP1/BtnRegistrar.png>]
File: IG-GRAL/headerInp.jpg Graphic file (type jpg)
<use IG-GRAL/headerInp.jpg>
Package pdftex.def Info: IG-GRAL/headerInp.jpg  used on input line 190.
(pdftex.def)             Requested size: 333.38306pt x 35.0pt.
 [13]
<images/SP1/EditarRH.png, id=305, 841.64438pt x 493.845pt>
File: images/SP1/EditarRH.png Graphic file (type png)
<use images/SP1/EditarRH.png>
Package pdftex.def Info: images/SP1/EditarRH.png  used on input line 196.
(pdftex.def)             Requested size: 350.33727pt x 205.56729pt.

Underfull \hbox (badness 10000) in paragraph at lines 201--202

 []

<images/SP1/Editado.png, id=307, 842.39719pt x 493.0922pt>
File: images/SP1/Editado.png Graphic file (type png)
<use images/SP1/Editado.png>
Package pdftex.def Info: images/SP1/Editado.png  used on input line 206.
(pdftex.def)             Requested size: 350.33727pt x 205.06583pt.
<images/SP1/BtnCancelar2.png, id=308, 640.794pt x 109.3686pt>
File: images/SP1/BtnCancelar2.png Graphic file (type png)
<use images/SP1/BtnCancelar2.png>
Package pdftex.def Info: images/SP1/BtnCancelar2.png  used on input line 215.
(pdftex.def)             Requested size: 350.33727pt x 59.7941pt.
File: IG-GRAL/headerInp.jpg Graphic file (type jpg)
<use IG-GRAL/headerInp.jpg>
Package pdftex.def Info: IG-GRAL/headerInp.jpg  used on input line 218.
(pdftex.def)             Requested size: 333.38306pt x 35.0pt.
[14 <./images/SP1/EditarRH.png> <./images/SP1/Editado.png>]
Underfull \hbox (badness 10000) in paragraph at lines 223--224

 []


Underfull \hbox (badness 10000) in paragraph at lines 225--226

 []

<images/SP1/BtnFinalizar.png, id=318, 640.794pt x 109.3686pt>
File: images/SP1/BtnFinalizar.png Graphic file (type png)
<use images/SP1/BtnFinalizar.png>
Package pdftex.def Info: images/SP1/BtnFinalizar.png  used on input line 230.
(pdftex.def)             Requested size: 350.33727pt x 59.7941pt.

Underfull \hbox (badness 10000) in paragraph at lines 238--239

 []

File: IG-GRAL/headerInp.jpg Graphic file (type jpg)
<use IG-GRAL/headerInp.jpg>
Package pdftex.def Info: IG-GRAL/headerInp.jpg  used on input line 265.
(pdftex.def)             Requested size: 333.38306pt x 35.0pt.
[15 <./images/SP1/BtnCancelar2.png> <./images/SP1/BtnFinalizar.png>])
File: IG-GRAL/headerInp.jpg Graphic file (type jpg)
<use IG-GRAL/headerInp.jpg>
Package pdftex.def Info: IG-GRAL/headerInp.jpg  used on input line 16.
(pdftex.def)             Requested size: 333.38306pt x 35.0pt.
 [16]
\openout2 = `SP/SP3.aux'.


(SP/SP3.tex
Cap\'{\i }tulo 4.
<images/SP3/ConsultarPA.jpg, id=336, 782.17218pt x 275.52937pt>
File: images/SP3/ConsultarPA.jpg Graphic file (type jpg)
<use images/SP3/ConsultarPA.jpg>
Package pdftex.def Info: images/SP3/ConsultarPA.jpg  used on input line 13.
(pdftex.def)             Requested size: 350.33727pt x 123.41109pt.
pdfTeX warning (ext4): destination with the same identifier (name{editar}) has 
been already used, duplicate ignored
<to be read again> 
                   \relax 
l.26 ...idth=0.7\linewidth]{images/SP1/BtnEditar}}
                                                  
File: images/SP1/BtnEditar.png Graphic file (type png)
<use images/SP1/BtnEditar.png>
Package pdftex.def Info: images/SP1/BtnEditar.png  used on input line 26.
(pdftex.def)             Requested size: 350.33727pt x 72.38545pt.
 [17



 <./images/SP3/ConsultarPA.jpg>]pdfTeX warning (ext4): destination with the sam
e identifier (name{add}) has been already used, duplicate ignored
<to be read again> 
                   \relax 
l.38 ...dth=0.7\linewidth]{images/SP1/BtnAgregar}}
                                                  
File: images/SP1/BtnAgregar.png Graphic file (type png)
<use images/SP1/BtnAgregar.png>
Package pdftex.def Info: images/SP1/BtnAgregar.png  used on input line 38.
(pdftex.def)             Requested size: 350.33727pt x 84.22627pt.
File: IG-GRAL/headerInp.jpg Graphic file (type jpg)
<use IG-GRAL/headerInp.jpg>
Package pdftex.def Info: IG-GRAL/headerInp.jpg  used on input line 52.
(pdftex.def)             Requested size: 333.38306pt x 35.0pt.
 [18]
<images/SP3/RegistrarPA.jpg, id=355, 432.11438pt x 176.15813pt>
File: images/SP3/RegistrarPA.jpg Graphic file (type jpg)
<use images/SP3/RegistrarPA.jpg>
Package pdftex.def Info: images/SP3/RegistrarPA.jpg  used on input line 59.
(pdftex.def)             Requested size: 350.33727pt x 142.82437pt.
pdfTeX warning (ext4): destination with the same identifier (name{ejreg}) has b
een already used, duplicate ignored
<to be read again> 
                   \relax 
l.68 ...[width=0.7\linewidth]{images/SP3/Llenado}}
                                                  
<images/SP3/Llenado.jpg, id=356, 439.6425pt x 177.66376pt>
File: images/SP3/Llenado.jpg Graphic file (type jpg)
<use images/SP3/Llenado.jpg>
Package pdftex.def Info: images/SP3/Llenado.jpg  used on input line 68.
(pdftex.def)             Requested size: 350.33727pt x 141.57816pt.
pdfTeX warning (ext4): destination with the same identifier (name{cancel1}) has
 been already used, duplicate ignored
<to be read again> 
                   \relax 
l.77 ...h=0.7\linewidth]{images/SP1/BtnCancelar1}}
                                                  
File: images/SP1/BtnCancelar1.png Graphic file (type png)
<use images/SP1/BtnCancelar1.png>
Package pdftex.def Info: images/SP1/BtnCancelar1.png  used on input line 77.
(pdftex.def)             Requested size: 350.33727pt x 68.93393pt.

Underfull \hbox (badness 10000) in paragraph at lines 85--86

 []

File: IG-GRAL/headerInp.jpg Graphic file (type jpg)
<use IG-GRAL/headerInp.jpg>
Package pdftex.def Info: IG-GRAL/headerInp.jpg  used on input line 86.
(pdftex.def)             Requested size: 333.38306pt x 35.0pt.
[19 <./images/SP3/RegistrarPA.jpg> <./images/SP3/Llenado.jpg>]
Underfull \hbox (badness 10000) in paragraph at lines 87--88

 []

pdfTeX warning (ext4): destination with the same identifier (name{btnreg}) has 
been already used, duplicate ignored
<to be read again> 
                   \relax 
l.92 ...h=0.7\linewidth]{images/SP1/BtnRegistrar}}
                                                  
File: images/SP1/BtnRegistrar.png Graphic file (type png)
<use images/SP1/BtnRegistrar.png>
Package pdftex.def Info: images/SP1/BtnRegistrar.png  used on input line 92.
(pdftex.def)             Requested size: 350.33727pt x 60.29192pt.

Underfull \hbox (badness 10000) in paragraph at lines 100--101

 []


Underfull \hbox (badness 10000) in paragraph at lines 117--118

 []

File: IG-GRAL/headerInp.jpg Graphic file (type jpg)
<use IG-GRAL/headerInp.jpg>
Package pdftex.def Info: IG-GRAL/headerInp.jpg  used on input line 136.
(pdftex.def)             Requested size: 333.38306pt x 35.0pt.
[20]
<images/SP3/EditarPA.jpg, id=374, 444.15938pt x 176.91093pt>
File: images/SP3/EditarPA.jpg Graphic file (type jpg)
<use images/SP3/EditarPA.jpg>
Package pdftex.def Info: images/SP3/EditarPA.jpg  used on input line 142.
(pdftex.def)             Requested size: 350.33727pt x 139.53944pt.

Underfull \hbox (badness 10000) in paragraph at lines 147--148

 []

pdfTeX warning (ext4): destination with the same identifier (name{modif}) has b
een already used, duplicate ignored
<to be read again> 
                   \relax 
l.152 ...width=0.7\linewidth]{images/SP3/Editado}}
                                                  
<images/SP3/Editado.jpg, id=376, 439.6425pt x 180.675pt>
File: images/SP3/Editado.jpg Graphic file (type jpg)
<use images/SP3/Editado.jpg>
Package pdftex.def Info: images/SP3/Editado.jpg  used on input line 152.
(pdftex.def)             Requested size: 350.33727pt x 143.97778pt.
pdfTeX warning (ext4): destination with the same identifier (name{cancel2}) has
 been already used, duplicate ignored
<to be read again> 
                   \relax 
l.161 ...=0.7\linewidth]{images/SP1/BtnCancelar2}}
                                                  
File: images/SP1/BtnCancelar2.png Graphic file (type png)
<use images/SP1/BtnCancelar2.png>
Package pdftex.def Info: images/SP1/BtnCancelar2.png  used on input line 161.
(pdftex.def)             Requested size: 350.33727pt x 59.7941pt.

Underfull \hbox (badness 10000) in paragraph at lines 169--170

 []


Underfull \hbox (badness 10000) in paragraph at lines 171--172

 []

pdfTeX warning (ext4): destination with the same identifier (name{btnfin}) has 
been already used, duplicate ignored
<to be read again> 
                   \relax 
l.176 ...=0.7\linewidth]{images/SP1/BtnFinalizar}}
                                                  
File: images/SP1/BtnFinalizar.png Graphic file (type png)
<use images/SP1/BtnFinalizar.png>
Package pdftex.def Info: images/SP1/BtnFinalizar.png  used on input line 176.
(pdftex.def)             Requested size: 350.33727pt x 59.7941pt.

Underfull \hbox (badness 10000) in paragraph at lines 184--185

 []

File: IG-GRAL/headerInp.jpg Graphic file (type jpg)
<use IG-GRAL/headerInp.jpg>
Package pdftex.def Info: IG-GRAL/headerInp.jpg  used on input line 185.
(pdftex.def)             Requested size: 333.38306pt x 35.0pt.
[21 <./images/SP3/EditarPA.jpg> <./images/SP3/Editado.jpg>])
File: IG-GRAL/headerInp.jpg Graphic file (type jpg)
<use IG-GRAL/headerInp.jpg>
Package pdftex.def Info: IG-GRAL/headerInp.jpg  used on input line 17.
(pdftex.def)             Requested size: 333.38306pt x 35.0pt.
 [22]
\openout2 = `SP/SP4-GPE.aux'.


(SP/SP4-GPE.tex
Cap\'{\i }tulo 5.
<images/SP4-GPE/consultar.png, id=394, 783.42688pt x 457.71pt>
File: images/SP4-GPE/consultar.png Graphic file (type png)
<use images/SP4-GPE/consultar.png>
Package pdftex.def Info: images/SP4-GPE/consultar.png  used on input line 13.
(pdftex.def)             Requested size: 350.33727pt x 204.68253pt.
<images/SP4-GPE/programa.png, id=395, 1068.99374pt x 399.74344pt>
File: images/SP4-GPE/programa.png Graphic file (type png)
<use images/SP4-GPE/programa.png>
Package pdftex.def Info: images/SP4-GPE/programa.png  used on input line 26.
(pdftex.def)             Requested size: 350.33727pt x 131.0069pt.
[23



 <./images/SP4-GPE/consultar.png>]
<images/SP4-GPE/programaD.png, id=403, 1081.03876pt x 243.91125pt>
File: images/SP4-GPE/programaD.png Graphic file (type png)
<use images/SP4-GPE/programaD.png>
Package pdftex.def Info: images/SP4-GPE/programaD.png  used on input line 33.
(pdftex.def)             Requested size: 350.33727pt x 79.04318pt.
<images/SP4-GPE/planes.png, id=404, 1145.78062pt x 493.845pt>
File: images/SP4-GPE/planes.png Graphic file (type png)
<use images/SP4-GPE/planes.png>
Package pdftex.def Info: images/SP4-GPE/planes.png  used on input line 41.
(pdftex.def)             Requested size: 350.33727pt x 151.00304pt.
File: IG-GRAL/headerInp.jpg Graphic file (type jpg)
<use IG-GRAL/headerInp.jpg>
Package pdftex.def Info: IG-GRAL/headerInp.jpg  used on input line 45.
(pdftex.def)             Requested size: 333.38306pt x 35.0pt.
 [24 <./images/SP4-GPE/programa.png> <./images/SP4-GPE/programaD.png> <./images
/SP4-GPE/planes.png>]pdfTeX warning (ext4): destination with the same identifie
r (name{editar}) has been already used, duplicate ignored
<to be read again> 
                   \relax 
l.52 ...th=0.7\linewidth]{images/SP4-GPE/editarC}}
                                                  
<images/SP4-GPE/editarC.png, id=417, 1145.78062pt x 493.845pt>
File: images/SP4-GPE/editarC.png Graphic file (type png)
<use images/SP4-GPE/editarC.png>
Package pdftex.def Info: images/SP4-GPE/editarC.png  used on input line 52.
(pdftex.def)             Requested size: 350.33727pt x 151.00304pt.
File: IG-GRAL/headerInp.jpg Graphic file (type jpg)
<use IG-GRAL/headerInp.jpg>
Package pdftex.def Info: IG-GRAL/headerInp.jpg  used on input line 63.
(pdftex.def)             Requested size: 333.38306pt x 35.0pt.
 [25 <C:/Users/Andrez/AppData/Local/Programs/MiKTeX 2.9/tex/latex/keystroke/key
stroke_left.pdf> <C:/Users/Andrez/AppData/Local/Programs/MiKTeX 2.9/tex/latex/k
eystroke/keystroke_middle.pdf> <C:/Users/Andrez/AppData/Local/Programs/MiKTeX 2
.9/tex/latex/keystroke/keystroke_right.pdf> <./images/SP4-GPE/editarC.png>]
Overfull \hbox (16.20628pt too wide) in paragraph at lines 65--66
[]\OT1/cmbr/m/n/10 Si el Je-fe de In-no-va-cion Edu-ca-ti-va en la pan-ta-lla 
de [][]\OT1/cmbr/m/sl/10 Con-sul-tar Pla-nes de Es-tu-dios[][] \OT1/cmbr/m/n/10
 dio clic en el bo-ton  [][][][]
 []

<images/SP4-GPE/editarPE.png, id=429, 476.78125pt x 457.71pt>
File: images/SP4-GPE/editarPE.png Graphic file (type png)
<use images/SP4-GPE/editarPE.png>
Package pdftex.def Info: images/SP4-GPE/editarPE.png  used on input line 69.
(pdftex.def)             Requested size: 350.33727pt x 336.33948pt.

Underfull \hbox (badness 10000) in paragraph at lines 74--75

 []

File: IG-GRAL/headerInp.jpg Graphic file (type jpg)
<use IG-GRAL/headerInp.jpg>
Package pdftex.def Info: IG-GRAL/headerInp.jpg  used on input line 75.
(pdftex.def)             Requested size: 333.38306pt x 35.0pt.
[26 <./images/SP4-GPE/editarPE.png>]pdfTeX warning (ext4): destination with the
 same identifier (name{modif}) has been already used, duplicate ignored
<to be read again> 
                   \relax 
l.79 ...=0.7\linewidth]{images/SP4-GPE/editarPE1}}
                                                  
<images/SP4-GPE/editarPE1.png, id=437, 455.7025pt x 455.7025pt>
File: images/SP4-GPE/editarPE1.png Graphic file (type png)
<use images/SP4-GPE/editarPE1.png>
Package pdftex.def Info: images/SP4-GPE/editarPE1.png  used on input line 79.
(pdftex.def)             Requested size: 350.33727pt x 350.34267pt.
File: IG-GRAL/headerInp.jpg Graphic file (type jpg)
<use IG-GRAL/headerInp.jpg>
Package pdftex.def Info: IG-GRAL/headerInp.jpg  used on input line 84.
(pdftex.def)             Requested size: 333.38306pt x 35.0pt.
 [27 <./images/SP4-GPE/editarPE1.png>]pdfTeX warning (ext4): destination with t
he same identifier (name{cancel2}) has been already used, duplicate ignored
<to be read again> 
                   \relax 
l.89 ...0.7\linewidth]{images/SP4-GPE/cancelarPE}}
                                                  
<images/SP4-GPE/cancelarPE.png, id=444, 681.29532pt x 682.04813pt>
File: images/SP4-GPE/cancelarPE.png Graphic file (type png)
<use images/SP4-GPE/cancelarPE.png>
Package pdftex.def Info: images/SP4-GPE/cancelarPE.png  used on input line 89.
(pdftex.def)             Requested size: 350.33727pt x 350.72273pt.

Underfull \hbox (badness 10000) in paragraph at lines 97--98

 []


Underfull \hbox (badness 10000) in paragraph at lines 99--100

 []

File: IG-GRAL/headerInp.jpg Graphic file (type jpg)
<use IG-GRAL/headerInp.jpg>
Package pdftex.def Info: IG-GRAL/headerInp.jpg  used on input line 103.
(pdftex.def)             Requested size: 333.38306pt x 35.0pt.
[28 <./images/SP4-GPE/cancelarPE.png>]pdfTeX warning (ext4): destination with t
he same identifier (name{btnfin}) has been already used, duplicate ignored
<to be read again> 
                   \relax 
l.107 ...0.7\linewidth]{images/SP4-GPE/editarPER}}
                                                  
<images/SP4-GPE/editarPER.png, id=450, 647.41875pt x 683.55376pt>
File: images/SP4-GPE/editarPER.png Graphic file (type png)
<use images/SP4-GPE/editarPER.png>
Package pdftex.def Info: images/SP4-GPE/editarPER.png  used on input line 107.
(pdftex.def)             Requested size: 350.33727pt x 369.8958pt.

Underfull \hbox (badness 10000) in paragraph at lines 115--116

 []

File: IG-GRAL/headerInp.jpg Graphic file (type jpg)
<use IG-GRAL/headerInp.jpg>
Package pdftex.def Info: IG-GRAL/headerInp.jpg  used on input line 130.
(pdftex.def)             Requested size: 333.38306pt x 35.0pt.
[29 <./images/SP4-GPE/editarPER.png>])
File: IG-GRAL/headerInp.jpg Graphic file (type jpg)
<use IG-GRAL/headerInp.jpg>
Package pdftex.def Info: IG-GRAL/headerInp.jpg  used on input line 18.
(pdftex.def)             Requested size: 333.38306pt x 35.0pt.
 [30]
Package atveryend Info: Empty hook `BeforeClearDocument' on input line 19.
Package atveryend Info: Empty hook `AfterLastShipout' on input line 19.
 (main.aux
LaTeX Info: Redefining \. on input line 23.
LaTeX Info: Redefining \% on input line 23.
 (SP/Introduccion.aux)
(SP/ProcesoGeneral.aux) (SP/SP1.aux) (SP/SP3.aux) (SP/SP4-GPE.aux))
Package atveryend Info: Executing hook `AtVeryEndDocument' on input line 19.
Package atveryend Info: Executing hook `AtEndAfterFileList' on input line 19.
Package rerunfilecheck Info: File `main.out' has not changed.
(rerunfilecheck)             Checksum: 7B5067482E3B58B1FFBAD370E1A358B8;2402.


LaTeX Warning: There were multiply-defined labels.

Package atveryend Info: Empty hook `AtVeryVeryEnd' on input line 19.
 ) 
Here is how much of TeX's memory you used:
 10324 strings out of 492970
 160598 string characters out of 3126149
 264888 words of memory out of 3000000
 13818 multiletter control sequences out of 15000+200000
 15520 words of font info for 58 fonts, out of 3000000 for 9000
 1141 hyphenation exceptions out of 8191
 48i,16n,45p,587b,675s stack positions out of 5000i,500n,10000p,200000b,50000s
 <C:\Users\Andrez\AppData\Local\MiKTeX\2.9\fonts\pk\ljfour\public\cmbright\dp
i600\cmbrsl10.pk> <C:\Users\Andrez\AppData\Local\MiKTeX\2.9\fonts\pk\ljfour\pub
lic\cmbright\dpi600\cmbrsy10.pk> <C:\Users\Andrez\AppData\Local\MiKTeX\2.9\font
s\pk\ljfour\public\cmbright\dpi720\cmbrbx10.pk> <C:\Users\Andrez\AppData\Local\
MiKTeX\2.9\fonts\pk\ljfour\public\cmbright\dpi864\cmbrbx10.pk> <C:\Users\Andrez
\AppData\Local\MiKTeX\2.9\fonts\pk\ljfour\public\cmbright\dpi600\cmbr8.pk> <C:\
Users\Andrez\AppData\Local\MiKTeX\2.9\fonts\pk\ljfour\public\cmbright\dpi375\cm
brsl8.pk> <C:\Users\Andrez\AppData\Local\MiKTeX\2.9\fonts\pk\ljfour\public\cmbr
ight\dpi600\cmbr10.pk> <C:\Users\Andrez\AppData\Local\MiKTeX\2.9\fonts\pk\ljfou
r\public\cmbright\dpi600\cmbrbx10.pk> <C:\Users\Andrez\AppData\Local\MiKTeX\2.9
\fonts\pk\ljfour\public\cmbright\dpi864\cmbr10.pk> <C:\Users\Andrez\AppData\Loc
al\MiKTeX\2.9\fonts\pk\ljfour\public\cmbright\dpi720\cmbr10.pk> <C:\Users\Andre
z\AppData\Local\MiKTeX\2.9\fonts\pk\ljfour\public\cmbright\dpi600\cmbr17.pk> <C
:\Users\Andrez\AppData\Local\MiKTeX\2.9\fonts\pk\ljfour\public\cmbright\dpi864\
cmbr17.pk><C:/Users/Andrez/AppData/Local/Programs/MiKTeX 2.9/fonts/type1/public
/marvosym/marvosym.pfb>
Output written on main.pdf (31 pages, 1477602 bytes).
PDF statistics:
 892 PDF objects out of 1000 (max. 8388607)
 129 named destinations out of 1000 (max. 500000)
 429 words of extra memory for PDF output out of 10000 (max. 10000000)

