This is pdfTeX, Version 3.14159265-2.6-1.40.19 (MiKTeX 2.9.6840 64-bit) (preloaded format=pdflatex 2018.10.25)  5 DEC 2018 19:42
entering extended mode
**./main.tex
(main.tex
LaTeX2e <2018-04-01> patch level 5
("C:\Users\Andrez\AppData\Local\Programs\MiKTeX 2.9\tex\latex\base\report.cls"
Document Class: report 2014/09/29 v1.4h Standard LaTeX document class
("C:\Users\Andrez\AppData\Local\Programs\MiKTeX 2.9\tex\latex\base\size10.clo"
File: size10.clo 2014/09/29 v1.4h Standard LaTeX file (size option)
)
\c@part=\count80
\c@chapter=\count81
\c@section=\count82
\c@subsection=\count83
\c@subsubsection=\count84
\c@paragraph=\count85
\c@subparagraph=\count86
\c@figure=\count87
\c@table=\count88
\abovecaptionskip=\skip41
\belowcaptionskip=\skip42
\bibindent=\dimen102
) (documento.sty
Package: documento 2010/05/30, v1.0 Plantilla para la materia de IS

("C:\Users\Andrez\AppData\Local\Programs\MiKTeX 2.9\tex\latex\base\inputenc.sty
"
Package: inputenc 2018/04/06 v1.3b Input encoding file
\inpenc@prehook=\toks14
\inpenc@posthook=\toks15
)
("C:\Users\Andrez\AppData\Local\Programs\MiKTeX 2.9\tex\generic\babel\babel.sty
"
Package: babel 2018/09/26 3.24 The Babel package

("C:\Users\Andrez\AppData\Local\Programs\MiKTeX 2.9\tex\generic\babel\switch.de
f"
File: switch.def 2018/09/26 3.24 Babel switching mechanism
)
*************************************
* Local config file bblopts.cfg used
*
("C:\Users\Andrez\AppData\Local\Programs\MiKTeX 2.9\tex\latex\arabi\bblopts.cfg
"
File: bblopts.cfg 2005/09/08 v0.1 add Arabic and Farsi to "declared" options of
 babel
)
("C:\Users\Andrez\AppData\Local\Programs\MiKTeX 2.9\tex\latex\babel-spanish\spa
nish.ldf"
Language: spanish.ldf 2016/03/03 v5.0p Spanish support from the babel system

("C:\Users\Andrez\AppData\Local\Programs\MiKTeX 2.9\tex\generic\babel\babel.def
"
File: babel.def 2018/09/26 3.24 Babel common definitions
\babel@savecnt=\count89
\U@D=\dimen103

("C:\Users\Andrez\AppData\Local\Programs\MiKTeX 2.9\tex\generic\babel\txtbabel.
def")
\bbl@dirlevel=\count90
)
\es@quottoks=\toks16
\es@quotdepth=\count91
Package babel Info: Making " an active character on input line 561.
Package babel Info: Making . an active character on input line 662.
Package babel Info: Making < an active character on input line 707.
Package babel Info: Making > an active character on input line 707.
))
("C:\Users\Andrez\AppData\Local\Programs\MiKTeX 2.9\tex\latex\cmbright\cmbright
.sty"
Package: cmbright 2005/04/13 v8.1 (WaS)
LaTeX Font Info:    Redeclaring symbol font `operators' on input line 29.
LaTeX Font Info:    Overwriting symbol font `operators' in version `normal'
(Font)                  OT1/cmr/m/n --> OT1/cmbr/m/n on input line 29.
LaTeX Font Info:    Overwriting symbol font `operators' in version `bold'
(Font)                  OT1/cmr/bx/n --> OT1/cmbr/m/n on input line 29.
LaTeX Font Info:    Redeclaring symbol font `letters' on input line 30.
LaTeX Font Info:    Overwriting symbol font `letters' in version `normal'
(Font)                  OML/cmm/m/it --> OML/cmbrm/m/it on input line 30.
LaTeX Font Info:    Overwriting symbol font `letters' in version `bold'
(Font)                  OML/cmm/b/it --> OML/cmbrm/m/it on input line 30.
LaTeX Font Info:    Overwriting symbol font `letters' in version `bold'
(Font)                  OML/cmbrm/m/it --> OML/cmbrm/b/it on input line 31.
LaTeX Font Info:    Redeclaring symbol font `symbols' on input line 32.
LaTeX Font Info:    Overwriting symbol font `symbols' in version `normal'
(Font)                  OMS/cmsy/m/n --> OMS/cmbrs/m/n on input line 32.
LaTeX Font Info:    Overwriting symbol font `symbols' in version `bold'
(Font)                  OMS/cmsy/b/n --> OMS/cmbrs/m/n on input line 32.
LaTeX Font Info:    Redeclaring math alphabet \mathit on input line 33.
LaTeX Font Info:    Overwriting math alphabet `\mathit' in version `normal'
(Font)                  OT1/cmr/m/it --> OT1/cmbr/m/sl on input line 33.
LaTeX Font Info:    Overwriting math alphabet `\mathit' in version `bold'
(Font)                  OT1/cmr/bx/it --> OT1/cmbr/m/sl on input line 33.
LaTeX Font Info:    Redeclaring math alphabet \mathbf on input line 34.
LaTeX Font Info:    Overwriting math alphabet `\mathbf' in version `normal'
(Font)                  OT1/cmr/bx/n --> OT1/cmbr/bx/n on input line 34.
LaTeX Font Info:    Overwriting math alphabet `\mathbf' in version `bold'
(Font)                  OT1/cmr/bx/n --> OT1/cmbr/bx/n on input line 34.
LaTeX Font Info:    Redeclaring math alphabet \mathtt on input line 35.
LaTeX Font Info:    Overwriting math alphabet `\mathtt' in version `normal'
(Font)                  OT1/cmtt/m/n --> OT1/cmtl/m/n on input line 35.
LaTeX Font Info:    Overwriting math alphabet `\mathtt' in version `bold'
(Font)                  OT1/cmtt/m/n --> OT1/cmtl/m/n on input line 35.
LaTeX Font Info:    Redeclaring math symbol \alpha on input line 37.
LaTeX Font Info:    Redeclaring math symbol \beta on input line 38.
LaTeX Font Info:    Redeclaring math symbol \gamma on input line 39.
LaTeX Font Info:    Redeclaring math symbol \delta on input line 40.
LaTeX Font Info:    Redeclaring math symbol \epsilon on input line 41.
LaTeX Font Info:    Redeclaring math symbol \zeta on input line 42.
LaTeX Font Info:    Redeclaring math symbol \eta on input line 43.
LaTeX Font Info:    Redeclaring math symbol \theta on input line 44.
LaTeX Font Info:    Redeclaring math symbol \iota on input line 45.
LaTeX Font Info:    Redeclaring math symbol \kappa on input line 46.
LaTeX Font Info:    Redeclaring math symbol \lambda on input line 47.
LaTeX Font Info:    Redeclaring math symbol \mu on input line 48.
LaTeX Font Info:    Redeclaring math symbol \nu on input line 49.
LaTeX Font Info:    Redeclaring math symbol \xi on input line 50.
LaTeX Font Info:    Redeclaring math symbol \pi on input line 51.
LaTeX Font Info:    Redeclaring math symbol \rho on input line 52.
LaTeX Font Info:    Redeclaring math symbol \sigma on input line 53.
LaTeX Font Info:    Redeclaring math symbol \tau on input line 54.
LaTeX Font Info:    Redeclaring math symbol \upsilon on input line 55.
LaTeX Font Info:    Redeclaring math symbol \phi on input line 56.
LaTeX Font Info:    Redeclaring math symbol \chi on input line 57.
LaTeX Font Info:    Redeclaring math symbol \psi on input line 58.
LaTeX Font Info:    Redeclaring math symbol \omega on input line 59.
LaTeX Font Info:    Redeclaring math symbol \varepsilon on input line 60.
LaTeX Font Info:    Redeclaring math symbol \vartheta on input line 61.
LaTeX Font Info:    Redeclaring math symbol \varpi on input line 62.
LaTeX Font Info:    Redeclaring math symbol \varrho on input line 63.
LaTeX Font Info:    Redeclaring math symbol \varsigma on input line 64.
LaTeX Font Info:    Redeclaring math symbol \varphi on input line 65.
LaTeX Info: Redefining \LaTeX on input line 129.
LaTeX Info: Redefining \LaTeXe on input line 139.
LaTeX Font Info:    Try loading font information for OT1+cmbr on input line 144
.

("C:\Users\Andrez\AppData\Local\Programs\MiKTeX 2.9\tex\latex\cmbright\ot1cmbr.
fd"
File: ot1cmbr.fd 2005/04/13 v8.1 (WaS)
))
("C:\Users\Andrez\AppData\Local\Programs\MiKTeX 2.9\tex\latex\graphics\graphicx
.sty"
Package: graphicx 2017/06/01 v1.1a Enhanced LaTeX Graphics (DPC,SPQR)

("C:\Users\Andrez\AppData\Local\Programs\MiKTeX 2.9\tex\latex\graphics\keyval.s
ty"
Package: keyval 2014/10/28 v1.15 key=value parser (DPC)
\KV@toks@=\toks17
)
("C:\Users\Andrez\AppData\Local\Programs\MiKTeX 2.9\tex\latex\graphics\graphics
.sty"
Package: graphics 2017/06/25 v1.2c Standard LaTeX Graphics (DPC,SPQR)

("C:\Users\Andrez\AppData\Local\Programs\MiKTeX 2.9\tex\latex\graphics\trig.sty
"
Package: trig 2016/01/03 v1.10 sin cos tan (DPC)
)
("C:\Users\Andrez\AppData\Local\Programs\MiKTeX 2.9\tex\latex\graphics-cfg\grap
hics.cfg"
File: graphics.cfg 2016/06/04 v1.11 sample graphics configuration
)
Package graphics Info: Driver file: pdftex.def on input line 99.

("C:\Users\Andrez\AppData\Local\Programs\MiKTeX 2.9\tex\latex\graphics-def\pdft
ex.def"
File: pdftex.def 2018/01/08 v1.0l Graphics/color driver for pdftex
))
\Gin@req@height=\dimen104
\Gin@req@width=\dimen105
)
("C:\Users\Andrez\AppData\Local\Programs\MiKTeX 2.9\tex\latex\graphics\color.st
y"
Package: color 2016/07/10 v1.1e Standard LaTeX Color (DPC)

("C:\Users\Andrez\AppData\Local\Programs\MiKTeX 2.9\tex\latex\graphics-cfg\colo
r.cfg"
File: color.cfg 2016/01/02 v1.6 sample color configuration
)
Package color Info: Driver file: pdftex.def on input line 147.

("C:\Users\Andrez\AppData\Local\Programs\MiKTeX 2.9\tex\latex\graphics\dvipsnam
.def"
File: dvipsnam.def 2016/06/17 v3.0m Driver-dependent file (DPC,SPQR)
))
("C:\Users\Andrez\AppData\Local\Programs\MiKTeX 2.9\tex\latex\wallpaper\wallpap
er.sty"
Package: wallpaper 2005/01/18, v1.01 easy wallpaper formatting (MHFW)

("C:\Users\Andrez\AppData\Local\Programs\MiKTeX 2.9\tex\latex\base\ifthen.sty"
Package: ifthen 2014/09/29 v1.1c Standard LaTeX ifthen package (DPC)
) ("C:\Users\Andrez\AppData\Local\Programs\MiKTeX 2.9\tex\latex\tools\calc.sty"
Package: calc 2017/05/25 v4.3 Infix arithmetic (KKT,FJ)
\calc@Acount=\count92
\calc@Bcount=\count93
\calc@Adimen=\dimen106
\calc@Bdimen=\dimen107
\calc@Askip=\skip43
\calc@Bskip=\skip44
LaTeX Info: Redefining \setlength on input line 80.
LaTeX Info: Redefining \addtolength on input line 81.
\calc@Ccount=\count94
\calc@Cskip=\skip45
)
("C:\Users\Andrez\AppData\Local\Programs\MiKTeX 2.9\tex\latex\eso-pic\eso-pic.s
ty"
Package: eso-pic 2018/04/12 v2.0h eso-pic (RN)

("C:\Users\Andrez\AppData\Local\Programs\MiKTeX 2.9\tex\generic\oberdiek\atbegs
hi.sty"
Package: atbegshi 2016/06/09 v1.18 At begin shipout hook (HO)

("C:\Users\Andrez\AppData\Local\Programs\MiKTeX 2.9\tex\generic\oberdiek\infwar
err.sty"
Package: infwarerr 2016/05/16 v1.4 Providing info/warning/error messages (HO)
)
("C:\Users\Andrez\AppData\Local\Programs\MiKTeX 2.9\tex\generic\oberdiek\ltxcmd
s.sty"
Package: ltxcmds 2016/05/16 v1.23 LaTeX kernel commands for general use (HO)
)
("C:\Users\Andrez\AppData\Local\Programs\MiKTeX 2.9\tex\generic\oberdiek\ifpdf.
sty"
Package: ifpdf 2018/09/07 v3.3 Provides the ifpdf switch
)))
\wpXoffset=\skip46
\wpYoffset=\skip47
\tileXoffset=\skip48
\tileYoffset=\skip49
\tilewidth=\skip50
\tileheight=\skip51
\tileX=\skip52
\tileY=\skip53
)
("C:\Users\Andrez\AppData\Local\Programs\MiKTeX 2.9\tex\latex\fancyhdr\fancyhdr
.sty"
Package: fancyhdr 2017/06/30 v3.9a Extensive control of page headers and footer
s
\f@nch@headwidth=\skip54
\f@nch@O@elh=\skip55
\f@nch@O@erh=\skip56
\f@nch@O@olh=\skip57
\f@nch@O@orh=\skip58
\f@nch@O@elf=\skip59
\f@nch@O@erf=\skip60
\f@nch@O@olf=\skip61
\f@nch@O@orf=\skip62
)
("C:\Users\Andrez\AppData\Local\Programs\MiKTeX 2.9\tex\latex\geometry\geometry
.sty"
Package: geometry 2018/04/16 v5.8 Page Geometry

("C:\Users\Andrez\AppData\Local\Programs\MiKTeX 2.9\tex\generic\oberdiek\ifvtex
.sty"
Package: ifvtex 2016/05/16 v1.6 Detect VTeX and its facilities (HO)
Package ifvtex Info: VTeX not detected.
)
("C:\Users\Andrez\AppData\Local\Programs\MiKTeX 2.9\tex\generic\ifxetex\ifxetex
.sty"
Package: ifxetex 2010/09/12 v0.6 Provides ifxetex conditional
)
\Gm@cnth=\count95
\Gm@cntv=\count96
\c@Gm@tempcnt=\count97
\Gm@bindingoffset=\dimen108
\Gm@wd@mp=\dimen109
\Gm@odd@mp=\dimen110
\Gm@even@mp=\dimen111
\Gm@layoutwidth=\dimen112
\Gm@layoutheight=\dimen113
\Gm@layouthoffset=\dimen114
\Gm@layoutvoffset=\dimen115
\Gm@dimlist=\toks18

("C:\Users\Andrez\AppData\Local\Programs\MiKTeX 2.9\tex\latex\geometry\geometry
.cfg"))
("C:\Users\Andrez\AppData\Local\Programs\MiKTeX 2.9\tex\latex\fncychap\fncychap
.sty"
Package: fncychap 2007/07/30 v1.34 LaTeX package (Revised chapters)
\RW=\skip63
\mylen=\skip64
\myhi=\skip65
\px=\skip66
\py=\skip67
\pyy=\skip68
\pxx=\skip69
)
("C:\Users\Andrez\AppData\Local\Programs\MiKTeX 2.9\tex\latex\marvosym\marvosym
.sty"
Package: marvosym 2011/07/20 v2.2 Martin Vogel's Symbols font definitions
)

Package Fancyhdr Warning: \fancyhead's `E' option without twoside option is use
less on input line 35.


Package Fancyhdr Warning: \fancyhead's `E' option without twoside option is use
less on input line 37.


Package Fancyhdr Warning: \fancyfoot's `E' option without twoside option is use
less on input line 40.


Package Fancyhdr Warning: \fancyfoot's `E' option without twoside option is use
less on input line 41.

) (procesos.sty (requerimientos.sty
("C:\Users\Andrez\AppData\Local\Programs\MiKTeX 2.9\tex\latex\tools\longtable.s
ty"
Package: longtable 2014/10/28 v4.11 Multi-page Table package (DPC)
\LTleft=\skip70
\LTright=\skip71
\LTpre=\skip72
\LTpost=\skip73
\LTchunksize=\count98
\LTcapwidth=\dimen116
\LT@head=\box26
\LT@firsthead=\box27
\LT@foot=\box28
\LT@lastfoot=\box29
\LT@cols=\count99
\LT@rows=\count100
\c@LT@tables=\count101
\c@LT@chunks=\count102
\LT@p@ftn=\toks19
)
("C:\Users\Andrez\AppData\Local\Programs\MiKTeX 2.9\tex\latex\hyperref\hyperref
.sty"
Package: hyperref 2018/09/30 v6.88a Hypertext links for LaTeX

("C:\Users\Andrez\AppData\Local\Programs\MiKTeX 2.9\tex\generic\oberdiek\hobsub
-hyperref.sty"
Package: hobsub-hyperref 2016/05/16 v1.14 Bundle oberdiek, subset hyperref (HO)


("C:\Users\Andrez\AppData\Local\Programs\MiKTeX 2.9\tex\generic\oberdiek\hobsub
-generic.sty"
Package: hobsub-generic 2016/05/16 v1.14 Bundle oberdiek, subset generic (HO)
Package: hobsub 2016/05/16 v1.14 Construct package bundles (HO)
Package hobsub Info: Skipping package `infwarerr' (already loaded).
Package hobsub Info: Skipping package `ltxcmds' (already loaded).
Package: ifluatex 2016/05/16 v1.4 Provides the ifluatex switch (HO)
Package ifluatex Info: LuaTeX not detected.
Package hobsub Info: Skipping package `ifvtex' (already loaded).
Package: intcalc 2016/05/16 v1.2 Expandable calculations with integers (HO)
Package hobsub Info: Skipping package `ifpdf' (already loaded).
Package: etexcmds 2016/05/16 v1.6 Avoid name clashes with e-TeX commands (HO)
Package etexcmds Info: Could not find \expanded.
(etexcmds)             That can mean that you are not using pdfTeX 1.50 or
(etexcmds)             that some package has redefined \expanded.
(etexcmds)             In the latter case, load this package earlier.
Package: kvsetkeys 2016/05/16 v1.17 Key value parser (HO)
Package: kvdefinekeys 2016/05/16 v1.4 Define keys (HO)
Package: pdftexcmds 2018/09/10 v0.29 Utility functions of pdfTeX for LuaTeX (HO
)
Package pdftexcmds Info: LuaTeX not detected.
Package pdftexcmds Info: \pdf@primitive is available.
Package pdftexcmds Info: \pdf@ifprimitive is available.
Package pdftexcmds Info: \pdfdraftmode found.
Package: pdfescape 2016/05/16 v1.14 Implements pdfTeX's escape features (HO)
Package: bigintcalc 2016/05/16 v1.4 Expandable calculations on big integers (HO
)
Package: bitset 2016/05/16 v1.2 Handle bit-vector datatype (HO)
Package: uniquecounter 2016/05/16 v1.3 Provide unlimited unique counter (HO)
)
Package hobsub Info: Skipping package `hobsub' (already loaded).
Package: letltxmacro 2016/05/16 v1.5 Let assignment for LaTeX macros (HO)
Package: hopatch 2016/05/16 v1.3 Wrapper for package hooks (HO)
Package: xcolor-patch 2016/05/16 xcolor patch
Package: atveryend 2016/05/16 v1.9 Hooks at the very end of document (HO)
Package atveryend Info: \enddocument detected (standard20110627).
Package hobsub Info: Skipping package `atbegshi' (already loaded).
Package: refcount 2016/05/16 v3.5 Data extraction from label references (HO)
Package: hycolor 2016/05/16 v1.8 Color options for hyperref/bookmark (HO)
)
("C:\Users\Andrez\AppData\Local\Programs\MiKTeX 2.9\tex\latex\oberdiek\auxhook.
sty"
Package: auxhook 2016/05/16 v1.4 Hooks for auxiliary files (HO)
)
("C:\Users\Andrez\AppData\Local\Programs\MiKTeX 2.9\tex\latex\oberdiek\kvoption
s.sty"
Package: kvoptions 2016/05/16 v3.12 Key value format for package options (HO)
)
\@linkdim=\dimen117
\Hy@linkcounter=\count103
\Hy@pagecounter=\count104

("C:\Users\Andrez\AppData\Local\Programs\MiKTeX 2.9\tex\latex\hyperref\pd1enc.d
ef"
File: pd1enc.def 2018/09/30 v6.88a Hyperref: PDFDocEncoding definition (HO)
Now handling font encoding PD1 ...
... no UTF-8 mapping file for font encoding PD1
)
\Hy@SavedSpaceFactor=\count105

("C:\Users\Andrez\AppData\Local\Programs\MiKTeX 2.9\tex\latex\00miktex\hyperref
.cfg"
File: hyperref.cfg 2002/06/06 v1.2 hyperref configuration of TeXLive
)
Package hyperref Info: Option `bookmarks' set `true' on input line 4409.
Package hyperref Info: Option `colorlinks' set `true' on input line 4409.
Package hyperref Info: Hyper figures OFF on input line 4535.
Package hyperref Info: Link nesting OFF on input line 4540.
Package hyperref Info: Hyper index ON on input line 4543.
Package hyperref Info: Plain pages OFF on input line 4550.
Package hyperref Info: Backreferencing OFF on input line 4555.
Package hyperref Info: Implicit mode ON; LaTeX internals redefined.
Package hyperref Info: Bookmarks ON on input line 4788.
\c@Hy@tempcnt=\count106
 ("C:\Users\Andrez\AppData\Local\Programs\MiKTeX 2.9\tex\latex\url\url.sty"
\Urlmuskip=\muskip10
Package: url 2013/09/16  ver 3.4  Verb mode for urls, etc.
)
LaTeX Info: Redefining \url on input line 5141.
\XeTeXLinkMargin=\dimen118
\Fld@menulength=\count107
\Field@Width=\dimen119
\Fld@charsize=\dimen120
Package hyperref Info: Hyper figures OFF on input line 6396.
Package hyperref Info: Link nesting OFF on input line 6401.
Package hyperref Info: Hyper index ON on input line 6404.
Package hyperref Info: backreferencing OFF on input line 6411.
Package hyperref Info: Link coloring ON on input line 6414.
Package hyperref Info: Link coloring with OCG OFF on input line 6421.
Package hyperref Info: PDF/A mode OFF on input line 6426.
LaTeX Info: Redefining \ref on input line 6466.
LaTeX Info: Redefining \pageref on input line 6470.
\Hy@abspage=\count108
\c@Item=\count109
\c@Hfootnote=\count110
)
Package hyperref Info: Driver: hpdftex.

("C:\Users\Andrez\AppData\Local\Programs\MiKTeX 2.9\tex\latex\hyperref\hpdftex.
def"
File: hpdftex.def 2018/09/30 v6.88a Hyperref driver for pdfTeX
\Fld@listcount=\count111
\c@bookmark@seq@number=\count112

("C:\Users\Andrez\AppData\Local\Programs\MiKTeX 2.9\tex\latex\oberdiek\rerunfil
echeck.sty"
Package: rerunfilecheck 2016/05/16 v1.8 Rerun checks for auxiliary files (HO)
Package uniquecounter Info: New unique counter `rerunfilecheck' on input line 2
82.
)
\Hy@SectionHShift=\skip74
)
("C:\Users\Andrez\AppData\Local\Programs\MiKTeX 2.9\tex\latex\amsfonts\amssymb.
sty"
Package: amssymb 2013/01/14 v3.01 AMS font symbols

("C:\Users\Andrez\AppData\Local\Programs\MiKTeX 2.9\tex\latex\amsfonts\amsfonts
.sty"
Package: amsfonts 2013/01/14 v3.01 Basic AMSFonts support
\@emptytoks=\toks20
\symAMSa=\mathgroup4
\symAMSb=\mathgroup5
LaTeX Font Info:    Overwriting math alphabet `\mathfrak' in version `bold'
(Font)                  U/euf/m/n --> U/euf/b/n on input line 106.
))
("C:\Users\Andrez\AppData\Local\Programs\MiKTeX 2.9\tex\latex\colortbl\colortbl
.sty"
Package: colortbl 2018/05/02 v1.0c Color table columns (DPC)

("C:\Users\Andrez\AppData\Local\Programs\MiKTeX 2.9\tex\latex\tools\array.sty"
Package: array 2018/04/30 v2.4h Tabular extension package (FMi)
\col@sep=\dimen121
\ar@mcellbox=\box30
\extrarowheight=\dimen122
\NC@list=\toks21
\extratabsurround=\skip75
\backup@length=\skip76
\ar@cellbox=\box31
)
\everycr=\toks22
\minrowclearance=\skip77
)
("C:\Users\Andrez\AppData\Local\Programs\MiKTeX 2.9\tex\latex\multirow\multirow
.sty"
Package: multirow 2018/08/03 v2.3 Span multiple rows of a table
\multirow@colwidth=\skip78
\multirow@cntb=\count113
\multirow@dima=\skip79
\bigstrutjot=\dimen123
))
("C:\Users\Andrez\AppData\Local\Programs\MiKTeX 2.9\tex\latex\chapterfolder\cha
pterfolder.sty"
Package: chapterfolder 2005/11/24 v2.0 Package for dealing with folder
\c@@cf@currentpos=\count114
)
("C:\Users\Andrez\AppData\Local\Programs\MiKTeX 2.9\tex\latex\listings\listings
.sty"
\lst@mode=\count115
\lst@gtempboxa=\box32
\lst@token=\toks23
\lst@length=\count116
\lst@currlwidth=\dimen124
\lst@column=\count117
\lst@pos=\count118
\lst@lostspace=\dimen125
\lst@width=\dimen126
\lst@newlines=\count119
\lst@lineno=\count120
\lst@maxwidth=\dimen127

("C:\Users\Andrez\AppData\Local\Programs\MiKTeX 2.9\tex\latex\listings\lstmisc.
sty"
File: lstmisc.sty 2018/09/02 1.7 (Carsten Heinz)
\c@lstnumber=\count121
\lst@skipnumbers=\count122
\lst@framebox=\box33
)
("C:\Users\Andrez\AppData\Local\Programs\MiKTeX 2.9\tex\latex\listings\listings
.cfg"
File: listings.cfg 2018/09/02 1.7 listings configuration
))
Package: listings 2018/09/02 1.7 (Carsten Heinz)

("C:\Users\Andrez\AppData\Local\Programs\MiKTeX 2.9\tex\latex\keystroke\keystro
ke.sty"
Package: keystroke 2010/04/23 v1.6 3D keystrokes (SuSE GmbH/RN)
\suse@key=\box34
\keystroke@left=\box35
\keystroke@right=\box36
\keystroke@middle=\box37
<keystroke_left.pdf, id=1, 42.1575pt x 195.73125pt>
File: keystroke_left.pdf Graphic file (type pdf)
<use keystroke_left.pdf>
Package pdftex.def Info: keystroke_left.pdf  used on input line 171.
(pdftex.def)             Requested size: 42.15738pt x 195.73076pt.
<keystroke_middle.pdf, id=2, 116.435pt x 195.73125pt>
File: keystroke_middle.pdf Graphic file (type pdf)
<use keystroke_middle.pdf>
Package pdftex.def Info: keystroke_middle.pdf  used on input line 172.
(pdftex.def)             Requested size: 116.43471pt x 195.73076pt.
<keystroke_right.pdf, id=3, 42.1575pt x 195.73125pt>
File: keystroke_right.pdf Graphic file (type pdf)
<use keystroke_right.pdf>
Package pdftex.def Info: keystroke_right.pdf  used on input line 173.
(pdftex.def)             Requested size: 42.15738pt x 195.73076pt.
)
("C:\Users\Andrez\AppData\Local\Programs\MiKTeX 2.9\tex\latex\fancybox\fancybox
.sty"
Package: fancybox 2010/05/15 1.4

Style option: `fancybox' v1.4 <2010/05/15> (tvz)
\@fancybox=\box38
\shadowsize=\dimen128
\@Sbox=\box39
\do@VerbBox=\toks24
\the@fancyput=\toks25
\this@fancyput=\toks26
\EndVerbatimTokens=\toks27
\Verbatim@Outfile=\write3
\Verbatim@Infile=\read1
)
("C:\Users\Andrez\AppData\Local\Programs\MiKTeX 2.9\tex\latex\pgf\utilities\pgf
keys.sty"
("C:\Users\Andrez\AppData\Local\Programs\MiKTeX 2.9\tex\generic\pgf\utilities\p
gfkeys.code.tex"
\pgfkeys@pathtoks=\toks28
\pgfkeys@temptoks=\toks29

("C:\Users\Andrez\AppData\Local\Programs\MiKTeX 2.9\tex\generic\pgf\utilities\p
gfkeysfiltered.code.tex"
\pgfkeys@tmptoks=\toks30
))))
("C:\Users\Andrez\AppData\Local\Programs\MiKTeX 2.9\tex\latex\tools\verbatim.st
y"
Package: verbatim 2014/10/28 v1.5q LaTeX2e package for verbatim enhancements
\every@verbatim=\toks31
\verbatim@line=\toks32
\verbatim@in@stream=\read2
) (main.aux
LaTeX Info: Redefining \. on input line 23.
LaTeX Info: Redefining \% on input line 23.
 (SP/Introduccion.aux) (SP/ProcesoGeneral.aux) (SP/SP1.aux)
(SP/SP4-GPE.aux

LaTeX Warning: Label `error' multiply defined.


LaTeX Warning: Label `cancel2' multiply defined.


LaTeX Warning: Label `ms1' multiply defined.


LaTeX Warning: Label `error' multiply defined.


LaTeX Warning: Label `ms4' multiply defined.


LaTeX Warning: Label `ms5' multiply defined.

))
\openout1 = `main.aux'.

LaTeX Font Info:    Checking defaults for OML/cmm/m/it on input line 10.
LaTeX Font Info:    ... okay on input line 10.
LaTeX Font Info:    Checking defaults for T1/cmr/m/n on input line 10.
LaTeX Font Info:    ... okay on input line 10.
LaTeX Font Info:    Checking defaults for OT1/cmr/m/n on input line 10.
LaTeX Font Info:    ... okay on input line 10.
LaTeX Font Info:    Checking defaults for OMS/cmsy/m/n on input line 10.
LaTeX Font Info:    ... okay on input line 10.
LaTeX Font Info:    Checking defaults for OMX/cmex/m/n on input line 10.
LaTeX Font Info:    ... okay on input line 10.
LaTeX Font Info:    Checking defaults for U/cmr/m/n on input line 10.
LaTeX Font Info:    ... okay on input line 10.
LaTeX Font Info:    Checking defaults for PD1/pdf/m/n on input line 10.
LaTeX Font Info:    ... okay on input line 10.
LaTeX Info: Redefining \. on input line 10.
LaTeX Info: Redefining \% on input line 10.

("C:\Users\Andrez\AppData\Local\Programs\MiKTeX 2.9\tex\context\base\supp-pdf.m
kii"
[Loading MPS to PDF converter (version 2006.09.02).]
\scratchcounter=\count123
\scratchdimen=\dimen129
\scratchbox=\box40
\nofMPsegments=\count124
\nofMParguments=\count125
\everyMPshowfont=\toks33
\MPscratchCnt=\count126
\MPscratchDim=\dimen130
\MPnumerator=\count127
\makeMPintoPDFobject=\count128
\everyMPtoPDFconversion=\toks34
)
("C:\Users\Andrez\AppData\Local\Programs\MiKTeX 2.9\tex\latex\oberdiek\epstopdf
-base.sty"
Package: epstopdf-base 2016/05/15 v2.6 Base part for package epstopdf

("C:\Users\Andrez\AppData\Local\Programs\MiKTeX 2.9\tex\latex\oberdiek\grfext.s
ty"
Package: grfext 2016/05/16 v1.2 Manage graphics extensions (HO)
)
Package epstopdf-base Info: Redefining graphics rule for `.eps' on input line 4
38.
Package grfext Info: Graphics extension search list:
(grfext)             [.pdf,.png,.jpg,.mps,.jpeg,.jbig2,.jb2,.PDF,.PNG,.JPG,.JPE
G,.JBIG2,.JB2,.eps]
(grfext)             \AppendGraphicsExtensions on input line 456.
)
\AtBeginShipoutBox=\box41

*geometry* driver: auto-detecting
*geometry* detected driver: pdftex
*geometry* verbose mode - [ preamble ] result:
* driver: pdftex
* paper: <default>
* layout: <same size as paper>
* layoutoffset:(h,v)=(0.0pt,0.0pt)
* modes: 
* h-part:(L,W,R)=(56.9055pt, 500.484pt, 56.9055pt)
* v-part:(T,H,B)=(99.58464pt, 595.8007pt, 99.58464pt)
* \paperwidth=614.295pt
* \paperheight=794.96999pt
* \textwidth=500.484pt
* \textheight=595.8007pt
* \oddsidemargin=-15.36449pt
* \evensidemargin=-15.36449pt
* \topmargin=-54.59085pt
* \headheight=56.9055pt
* \headsep=25.0pt
* \topskip=10.0pt
* \footskip=30.0pt
* \marginparwidth=65.0pt
* \marginparsep=11.0pt
* \columnsep=10.0pt
* \skip\footins=9.0pt plus 4.0pt minus 2.0pt
* \hoffset=0.0pt
* \voffset=0.0pt
* \mag=1000
* \@twocolumnfalse
* \@twosidefalse
* \@mparswitchfalse
* \@reversemarginfalse
* (1in=72.27pt=25.4mm, 1cm=28.453pt)

Package hyperref Info: Link coloring ON on input line 10.

("C:\Users\Andrez\AppData\Local\Programs\MiKTeX 2.9\tex\latex\hyperref\nameref.
sty"
Package: nameref 2016/05/21 v2.44 Cross-referencing by name of section

("C:\Users\Andrez\AppData\Local\Programs\MiKTeX 2.9\tex\generic\oberdiek\gettit
lestring.sty"
Package: gettitlestring 2016/05/16 v1.5 Cleanup title references (HO)
)
\c@section@level=\count129
)
LaTeX Info: Redefining \ref on input line 10.
LaTeX Info: Redefining \pageref on input line 10.
LaTeX Info: Redefining \nameref on input line 10.
 (main.out) (main.out)
\@outlinefile=\write4
\openout4 = `main.out'.

\c@lstlisting=\count130
LaTeX Font Info:    Try loading font information for OML+cmbrm on input line 12
.

("C:\Users\Andrez\AppData\Local\Programs\MiKTeX 2.9\tex\latex\cmbright\omlcmbrm
.fd"
File: omlcmbrm.fd 2005/04/13 v8.1 (WaS)
)
LaTeX Font Info:    Try loading font information for OMS+cmbrs on input line 12
.

("C:\Users\Andrez\AppData\Local\Programs\MiKTeX 2.9\tex\latex\cmbright\omscmbrs
.fd"
File: omscmbrs.fd 2005/04/13 v8.1 (WaS)
) [1

{C:/Users/Andrez/AppData/Local/MiKTeX/2.9/pdftex/config/pdftex.map}]
(main.toc
LaTeX Info: Redefining \. on input line 1.
LaTeX Info: Redefining \% on input line 1.
)
\tf@toc=\write5
\openout5 = `main.toc'.

pdfTeX warning (ext4): destination with the same identifier (name{page.1}) has 
been already used, duplicate ignored
<to be read again> 
                   \relax 
l.14 \include{SP/Introduccion}
                               [1

]
\openout2 = `SP/Introduccion.aux'.

 (SP/Introduccion.tex
Cap\'{\i }tulo 1.

Underfull \hbox (badness 10000) in paragraph at lines 4--5

 []


Underfull \hbox (badness 10000) in paragraph at lines 6--7

 []


Underfull \hbox (badness 10000) in paragraph at lines 8--9

 []


Underfull \hbox (badness 10000) in paragraph at lines 10--11

 []

[2


]
LaTeX Font Info:    Try loading font information for OMS+cmbr on input line 18.


("C:\Users\Andrez\AppData\Local\Programs\MiKTeX 2.9\tex\latex\cmbright\omscmbr.
fd"
File: omscmbr.fd 2005/04/13 v8.1 (WaS)
)
LaTeX Font Info:    Font shape `OMS/cmbr/m/n' in size <10> not available
(Font)              Font shape `OMS/cmbrs/m/n' tried instead on input line 18.
)
<IG-GRAL/headerInp.jpg, id=117, 437.38406pt x 45.92157pt>
File: IG-GRAL/headerInp.jpg Graphic file (type jpg)
<use IG-GRAL/headerInp.jpg>
Package pdftex.def Info: IG-GRAL/headerInp.jpg  used on input line 14.
(pdftex.def)             Requested size: 333.38306pt x 35.0pt.
LaTeX Font Info:    Font shape `OT1/cmbr/m/it' in size <5> not available
(Font)              Font shape `OT1/cmbr/m/sl' tried instead on input line 14.
LaTeX Font Info:    Try loading font information for U+mvs on input line 14.

("C:\Users\Andrez\AppData\Local\Programs\MiKTeX 2.9\tex\latex\marvosym\umvs.fd"
) [3 <./IG-GRAL/headerInp.jpg>]
\openout2 = `SP/ProcesoGeneral.aux'.

 (SP/ProcesoGeneral.tex
Cap\'{\i }tulo 2.
) [4



]
\openout2 = `SP/SP1.aux'.

 (SP/SP1.tex
Cap\'{\i }tulo 3.
<images/SP1/RegistrarRH.png, id=130, 1371.1225pt x 704.6325pt>
File: images/SP1/RegistrarRH.png Graphic file (type png)
<use images/SP1/RegistrarRH.png>
Package pdftex.def Info: images/SP1/RegistrarRH.png  used on input line 6.
(pdftex.def)             Requested size: 350.33727pt x 180.0391pt.
<images/SP1/ConsultarRH.png, id=131, 1371.1225pt x 704.6325pt>
File: images/SP1/ConsultarRH.png Graphic file (type png)
<use images/SP1/ConsultarRH.png>
Package pdftex.def Info: images/SP1/ConsultarRH.png  used on input line 14.
(pdftex.def)             Requested size: 350.33727pt x 180.0391pt.
<images/SP1/EditarRH.png, id=132, 1371.1225pt x 704.6325pt>
File: images/SP1/EditarRH.png Graphic file (type png)
<use images/SP1/EditarRH.png>
Package pdftex.def Info: images/SP1/EditarRH.png  used on input line 22.
(pdftex.def)             Requested size: 350.33727pt x 180.0391pt.
[5



 <./images/SP1/RegistrarRH.png>])
File: IG-GRAL/headerInp.jpg Graphic file (type jpg)
<use IG-GRAL/headerInp.jpg>
Package pdftex.def Info: IG-GRAL/headerInp.jpg  used on input line 16.
(pdftex.def)             Requested size: 333.38306pt x 35.0pt.
 [6 <./images/SP1/ConsultarRH.png> <./images/SP1/EditarRH.png>]
\openout2 = `SP/SP4-GPE.aux'.

 (SP/SP4-GPE.tex
<images/SP4-GPE/consultar.png, id=145, 779.91376pt x 387.94937pt>
File: images/SP4-GPE/consultar.png Graphic file (type png)
<use images/SP4-GPE/consultar.png>
Package pdftex.def Info: images/SP4-GPE/consultar.png  used on input line 13.
(pdftex.def)             Requested size: 350.33727pt x 174.26778pt.
<images/SP4-GPE/programa.png, id=147, 1068.99374pt x 399.74344pt>
File: images/SP4-GPE/programa.png Graphic file (type png)
<use images/SP4-GPE/programa.png>
Package pdftex.def Info: images/SP4-GPE/programa.png  used on input line 26.
(pdftex.def)             Requested size: 350.33727pt x 131.0069pt.
<images/SP4-GPE/programaD.png, id=148, 1081.03876pt x 243.91125pt>
File: images/SP4-GPE/programaD.png Graphic file (type png)
<use images/SP4-GPE/programaD.png>
Package pdftex.def Info: images/SP4-GPE/programaD.png  used on input line 33.
(pdftex.def)             Requested size: 350.33727pt x 79.04318pt.
File: images/SP4-GPE/consultar.png Graphic file (type png)
<use images/SP4-GPE/consultar.png>
Package pdftex.def Info: images/SP4-GPE/consultar.png  used on input line 41.
(pdftex.def)             Requested size: 350.33727pt x 174.26778pt.
File: IG-GRAL/headerInp.jpg Graphic file (type jpg)
<use IG-GRAL/headerInp.jpg>
Package pdftex.def Info: IG-GRAL/headerInp.jpg  used on input line 45.
(pdftex.def)             Requested size: 333.38306pt x 35.0pt.
 [7


 <./images/SP4-GPE/consultar.png> <./images/SP4-GPE/programa.png>]
File: IG-GRAL/headerInp.jpg Graphic file (type jpg)
<use IG-GRAL/headerInp.jpg>
Package pdftex.def Info: IG-GRAL/headerInp.jpg  used on input line 45.
(pdftex.def)             Requested size: 333.38306pt x 35.0pt.
 [8 <./images/SP4-GPE/programaD.png>]
LaTeX Font Info:    Font shape `OT1/cmbr/m/it' in size <10> not available
(Font)              Font shape `OT1/cmbr/m/sl' tried instead on input line 48.
<images/SP4-GPE/editarC.png, id=170, 1169.87062pt x 581.92406pt>
File: images/SP4-GPE/editarC.png Graphic file (type png)
<use images/SP4-GPE/editarC.png>
Package pdftex.def Info: images/SP4-GPE/editarC.png  used on input line 52.
(pdftex.def)             Requested size: 350.33727pt x 174.26778pt.
<images/SP4-GPE/editarPE.png, id=171, 783.42688pt x 456.20438pt>
File: images/SP4-GPE/editarPE.png Graphic file (type png)
<use images/SP4-GPE/editarPE.png>
Package pdftex.def Info: images/SP4-GPE/editarPE.png  used on input line 59.
(pdftex.def)             Requested size: 350.33727pt x 204.00922pt.
File: IG-GRAL/headerInp.jpg Graphic file (type jpg)
<use IG-GRAL/headerInp.jpg>
Package pdftex.def Info: IG-GRAL/headerInp.jpg  used on input line 65.
(pdftex.def)             Requested size: 333.38306pt x 35.0pt.
 [9 <./images/SP4-GPE/editarC.png> <./images/SP4-GPE/editarPE.png>]
<images/SP4-GPE/editarPE1.png, id=186, 523.45563pt x 456.70625pt>
File: images/SP4-GPE/editarPE1.png Graphic file (type png)
<use images/SP4-GPE/editarPE1.png>
Package pdftex.def Info: images/SP4-GPE/editarPE1.png  used on input line 69.
(pdftex.def)             Requested size: 350.33727pt x 305.67102pt.
<images/SP4-GPE/cancelarPE.png, id=187, 678.28406pt x 66.2475pt>
File: images/SP4-GPE/cancelarPE.png Graphic file (type png)
<use images/SP4-GPE/cancelarPE.png>
Package pdftex.def Info: images/SP4-GPE/cancelarPE.png  used on input line 78.
(pdftex.def)             Requested size: 350.33727pt x 34.21638pt.
File: IG-GRAL/headerInp.jpg Graphic file (type jpg)
<use IG-GRAL/headerInp.jpg>
Package pdftex.def Info: IG-GRAL/headerInp.jpg  used on input line 82.
(pdftex.def)             Requested size: 333.38306pt x 35.0pt.
 [10 <./images/SP4-GPE/editarPE1.png> <./images/SP4-GPE/cancelarPE.png>]
<images/SP4-GPE/m1.png, id=198, 506.89375pt x 170.6375pt>
File: images/SP4-GPE/m1.png Graphic file (type png)
<use images/SP4-GPE/m1.png>
Package pdftex.def Info: images/SP4-GPE/m1.png  used on input line 87.
(pdftex.def)             Requested size: 350.33727pt x 117.93787pt.

Underfull \hbox (badness 10000) in paragraph at lines 92--93

 []


Underfull \hbox (badness 10000) in paragraph at lines 94--95

 []

<images/SP4-GPE/editarPER.png, id=199, 647.41875pt x 78.2925pt>
File: images/SP4-GPE/editarPER.png Graphic file (type png)
<use images/SP4-GPE/editarPER.png>
Package pdftex.def Info: images/SP4-GPE/editarPER.png  used on input line 99.
(pdftex.def)             Requested size: 350.33727pt x 42.36691pt.
<images/SP4-GPE/m2.png, id=200, 368.37625pt x 173.14688pt>
File: images/SP4-GPE/m2.png Graphic file (type png)
<use images/SP4-GPE/m2.png>
Package pdftex.def Info: images/SP4-GPE/m2.png  used on input line 108.
(pdftex.def)             Requested size: 350.33727pt x 164.6656pt.

Underfull \hbox (badness 10000) in paragraph at lines 114--115

 []

File: IG-GRAL/headerInp.jpg Graphic file (type jpg)
<use IG-GRAL/headerInp.jpg>
Package pdftex.def Info: IG-GRAL/headerInp.jpg  used on input line 115.
(pdftex.def)             Requested size: 333.38306pt x 35.0pt.
[11 <./images/SP4-GPE/m1.png> <./images/SP4-GPE/editarPER.png> <./images/SP4-GP
E/m2.png>]
<images/SP4-GPE/m3.png, id=217, 383.93437pt x 170.6375pt>
File: images/SP4-GPE/m3.png Graphic file (type png)
<use images/SP4-GPE/m3.png>
Package pdftex.def Info: images/SP4-GPE/m3.png  used on input line 126.
(pdftex.def)             Requested size: 350.33727pt x 155.71516pt.
<images/SP4-GPE/error.png, id=218, 245.718pt x 145.7445pt>
File: images/SP4-GPE/error.png Graphic file (type png)
<use images/SP4-GPE/error.png>
Package pdftex.def Info: images/SP4-GPE/error.png  used on input line 132.
(pdftex.def)             Requested size: 350.33727pt x 207.82149pt.
File: IG-GRAL/headerInp.jpg Graphic file (type jpg)
<use IG-GRAL/headerInp.jpg>
Package pdftex.def Info: IG-GRAL/headerInp.jpg  used on input line 139.
(pdftex.def)             Requested size: 333.38306pt x 35.0pt.
 [12 <./images/SP4-GPE/m3.png> <./images/SP4-GPE/error.png>]
<images/SP4-GPE/m4.png, id=232, 489.32813pt x 101.37875pt>
File: images/SP4-GPE/m4.png Graphic file (type png)
<use images/SP4-GPE/m4.png>
Package pdftex.def Info: images/SP4-GPE/m4.png  used on input line 148.
(pdftex.def)             Requested size: 350.33727pt x 72.58424pt.
<images/SP4-GPE/m5.png, id=233, 436.63126pt x 106.89937pt>
File: images/SP4-GPE/m5.png Graphic file (type png)
<use images/SP4-GPE/m5.png>
Package pdftex.def Info: images/SP4-GPE/m5.png  used on input line 162.
(pdftex.def)             Requested size: 350.33727pt x 85.77242pt.
File: IG-GRAL/headerInp.jpg Graphic file (type jpg)
<use IG-GRAL/headerInp.jpg>
Package pdftex.def Info: IG-GRAL/headerInp.jpg  used on input line 172.
(pdftex.def)             Requested size: 333.38306pt x 35.0pt.
 [13 <./images/SP4-GPE/m4.png> <./images/SP4-GPE/m5.png>]
<images/SP4-GPE/mas.png, id=244, 1169.87062pt x 581.92406pt>
File: images/SP4-GPE/mas.png Graphic file (type png)
<use images/SP4-GPE/mas.png>
Package pdftex.def Info: images/SP4-GPE/mas.png  used on input line 179.
(pdftex.def)             Requested size: 350.33727pt x 174.26778pt.
pdfTeX warning (ext4): destination with the same identifier (name{error}) has b
een already used, duplicate ignored
<to be read again> 
                   \relax 
l.191 ...dth=0.7\linewidth]{images/SP4-GPE/error}}
                                                  
File: images/SP4-GPE/error.png Graphic file (type png)
<use images/SP4-GPE/error.png>
Package pdftex.def Info: images/SP4-GPE/error.png  used on input line 191.
(pdftex.def)             Requested size: 350.33727pt x 207.82149pt.
File: IG-GRAL/headerInp.jpg Graphic file (type jpg)
<use IG-GRAL/headerInp.jpg>
Package pdftex.def Info: IG-GRAL/headerInp.jpg  used on input line 197.
(pdftex.def)             Requested size: 333.38306pt x 35.0pt.
 [14 <./images/SP4-GPE/mas.png>]
<images/SP4-GPE/registrarPE.png, id=257, 627.34375pt x 456.70625pt>
File: images/SP4-GPE/registrarPE.png Graphic file (type png)
<use images/SP4-GPE/registrarPE.png>
Package pdftex.def Info: images/SP4-GPE/registrarPE.png  used on input line 203
.
(pdftex.def)             Requested size: 350.33727pt x 255.05687pt.
File: IG-GRAL/headerInp.jpg Graphic file (type jpg)
<use IG-GRAL/headerInp.jpg>
Package pdftex.def Info: IG-GRAL/headerInp.jpg  used on input line 207.
(pdftex.def)             Requested size: 333.38306pt x 35.0pt.
 [15 <./images/SP4-GPE/registrarPE.png>]
<images/SP4-GPE/registrarEjem.png, id=265, 584.1825pt x 458.21187pt>
File: images/SP4-GPE/registrarEjem.png Graphic file (type png)
<use images/SP4-GPE/registrarEjem.png>
Package pdftex.def Info: images/SP4-GPE/registrarEjem.png  used on input line 2
12.
(pdftex.def)             Requested size: 350.33727pt x 274.80339pt.
pdfTeX warning (ext4): destination with the same identifier (name{cancel2}) has
 been already used, duplicate ignored
<to be read again> 
                   \relax 
l.221 ....7\linewidth]{images/SP4-GPE/cancelarPE}}
                                                  
File: images/SP4-GPE/cancelarPE.png Graphic file (type png)
<use images/SP4-GPE/cancelarPE.png>
Package pdftex.def Info: images/SP4-GPE/cancelarPE.png  used on input line 221.

(pdftex.def)             Requested size: 350.33727pt x 34.21638pt.
File: IG-GRAL/headerInp.jpg Graphic file (type jpg)
<use IG-GRAL/headerInp.jpg>
Package pdftex.def Info: IG-GRAL/headerInp.jpg  used on input line 225.
(pdftex.def)             Requested size: 333.38306pt x 35.0pt.
 [16 <./images/SP4-GPE/registrarEjem.png>]pdfTeX warning (ext4): destination wi
th the same identifier (name{ms1}) has been already used, duplicate ignored
<to be read again> 
                   \relax 
l.231 ...[width=0.7\linewidth]{images/SP4-GPE/m1}}
                                                  
File: images/SP4-GPE/m1.png Graphic file (type png)
<use images/SP4-GPE/m1.png>
Package pdftex.def Info: images/SP4-GPE/m1.png  used on input line 231.
(pdftex.def)             Requested size: 350.33727pt x 117.93787pt.

Underfull \hbox (badness 10000) in paragraph at lines 236--237

 []

<images/SP4-GPE/registrarB.png, id=274, 644.4075pt x 76.78688pt>
File: images/SP4-GPE/registrarB.png Graphic file (type png)
<use images/SP4-GPE/registrarB.png>
Package pdftex.def Info: images/SP4-GPE/registrarB.png  used on input line 243.

(pdftex.def)             Requested size: 350.33727pt x 41.74666pt.
<images/SP4-GPE/exito.png, id=275, 328.22626pt x 144.54pt>
File: images/SP4-GPE/exito.png Graphic file (type png)
<use images/SP4-GPE/exito.png>
Package pdftex.def Info: images/SP4-GPE/exito.png  used on input line 252.
(pdftex.def)             Requested size: 350.33727pt x 154.2791pt.

Underfull \hbox (badness 10000) in paragraph at lines 257--258

 []

File: IG-GRAL/headerInp.jpg Graphic file (type jpg)
<use IG-GRAL/headerInp.jpg>
Package pdftex.def Info: IG-GRAL/headerInp.jpg  used on input line 258.
(pdftex.def)             Requested size: 333.38306pt x 35.0pt.
[17 <./images/SP4-GPE/registrarB.png> <./images/SP4-GPE/exito.png (PNG copy)>]p
dfTeX warning (ext4): destination with the same identifier (name{error}) has be
en already used, duplicate ignored
<to be read again> 
                   \relax 
l.268 ...dth=0.7\linewidth]{images/SP4-GPE/error}}
                                                  
File: images/SP4-GPE/error.png Graphic file (type png)
<use images/SP4-GPE/error.png>
Package pdftex.def Info: images/SP4-GPE/error.png  used on input line 268.
(pdftex.def)             Requested size: 350.33727pt x 207.82149pt.
File: IG-GRAL/headerInp.jpg Graphic file (type jpg)
<use IG-GRAL/headerInp.jpg>
Package pdftex.def Info: IG-GRAL/headerInp.jpg  used on input line 275.
(pdftex.def)             Requested size: 333.38306pt x 35.0pt.
 [18]
<images/SP4-GPE/error1.png, id=296, 394.47375pt x 188.20313pt>
File: images/SP4-GPE/error1.png Graphic file (type png)
<use images/SP4-GPE/error1.png>
Package pdftex.def Info: images/SP4-GPE/error1.png  used on input line 282.
(pdftex.def)             Requested size: 350.33727pt x 167.14702pt.
pdfTeX warning (ext4): destination with the same identifier (name{ms4}) has bee
n already used, duplicate ignored
<to be read again> 
                   \relax 
l.296 ...[width=0.7\linewidth]{images/SP4-GPE/m4}}
                                                  
File: images/SP4-GPE/m4.png Graphic file (type png)
<use images/SP4-GPE/m4.png>
Package pdftex.def Info: images/SP4-GPE/m4.png  used on input line 296.
(pdftex.def)             Requested size: 350.33727pt x 72.58424pt.

Underfull \hbox (badness 10000) in paragraph at lines 301--302

 []

File: IG-GRAL/headerInp.jpg Graphic file (type jpg)
<use IG-GRAL/headerInp.jpg>
Package pdftex.def Info: IG-GRAL/headerInp.jpg  used on input line 303.
(pdftex.def)             Requested size: 333.38306pt x 35.0pt.
[19 <./images/SP4-GPE/error1.png>]pdfTeX warning (ext4): destination with the s
ame identifier (name{ms5}) has been already used, duplicate ignored
<to be read again> 
                   \relax 
l.311 ...[width=0.7\linewidth]{images/SP4-GPE/m5}}
                                                  
File: images/SP4-GPE/m5.png Graphic file (type png)
<use images/SP4-GPE/m5.png>
Package pdftex.def Info: images/SP4-GPE/m5.png  used on input line 311.
(pdftex.def)             Requested size: 350.33727pt x 85.77242pt.
)
File: IG-GRAL/headerInp.jpg Graphic file (type jpg)
<use IG-GRAL/headerInp.jpg>
Package pdftex.def Info: IG-GRAL/headerInp.jpg  used on input line 17.
(pdftex.def)             Requested size: 333.38306pt x 35.0pt.
 [20]
Package atveryend Info: Empty hook `BeforeClearDocument' on input line 18.
Package atveryend Info: Empty hook `AfterLastShipout' on input line 18.
 (main.aux
LaTeX Info: Redefining \. on input line 23.
LaTeX Info: Redefining \% on input line 23.

(SP/Introduccion.aux) (SP/ProcesoGeneral.aux) (SP/SP1.aux) (SP/SP4-GPE.aux))
Package atveryend Info: Executing hook `AtVeryEndDocument' on input line 18.
Package atveryend Info: Executing hook `AtEndAfterFileList' on input line 18.


Package rerunfilecheck Warning: File `main.out' has changed.
(rerunfilecheck)                Rerun to get outlines right
(rerunfilecheck)                or use package `bookmark'.

Package rerunfilecheck Info: Checksums for `main.out':
(rerunfilecheck)             Before: F20EF2B525FA1826857A52642FE77C6F;1292
(rerunfilecheck)             After:  577CDA272A5C29250790A707C6D742D9;987.

LaTeX Warning: There were multiply-defined labels.

Package atveryend Info: Empty hook `AtVeryVeryEnd' on input line 18.
 ) 
Here is how much of TeX's memory you used:
 10408 strings out of 492970
 161018 string characters out of 3126149
 265781 words of memory out of 3000000
 13942 multiletter control sequences out of 15000+200000
 15520 words of font info for 58 fonts, out of 3000000 for 9000
 1141 hyphenation exceptions out of 8191
 48i,15n,45p,587b,436s stack positions out of 5000i,500n,10000p,200000b,50000s
pdfTeX warning (dest): name{subsection.4.3.2} has been referenced but does no
t exist, replaced by a fixed one

pdfTeX warning (dest): name{subsection.4.3.1} has been referenced but does not 
exist, replaced by a fixed one

pdfTeX warning (dest): name{section.4.3} has been referenced but does not exist
, replaced by a fixed one

pdfTeX warning (dest): name{subsection.4.2.1} has been referenced but does not 
exist, replaced by a fixed one

pdfTeX warning (dest): name{section.4.2} has been referenced but does not exist
, replaced by a fixed one

pdfTeX warning (dest): name{subsection.4.1.1} has been referenced but does not 
exist, replaced by a fixed one

pdfTeX warning (dest): name{section.4.1} has been referenced but does not exist
, replaced by a fixed one

pdfTeX warning (dest): name{chapter.4} has been referenced but does not exist, 
replaced by a fixed one

 <C:\Users\Andrez\AppData\Local\MiKTeX\2.9\fonts\pk\ljfour\public\cmbright\dpi6
00\cmbrsl10.pk> <C:\Users\Andrez\AppData\Local\MiKTeX\2.9\fonts\pk\ljfour\publi
c\cmbright\dpi600\cmbr8.pk> <C:\Users\Andrez\AppData\Local\MiKTeX\2.9\fonts\pk\
ljfour\public\cmbright\dpi375\cmbrsl8.pk> <C:\Users\Andrez\AppData\Local\MiKTeX
\2.9\fonts\pk\ljfour\public\cmbright\dpi600\cmbrsy10.pk> <C:\Users\Andrez\AppDa
ta\Local\MiKTeX\2.9\fonts\pk\ljfour\public\cmbright\dpi720\cmbrbx10.pk> <C:\Use
rs\Andrez\AppData\Local\MiKTeX\2.9\fonts\pk\ljfour\public\cmbright\dpi864\cmbrb
x10.pk> <C:\Users\Andrez\AppData\Local\MiKTeX\2.9\fonts\pk\ljfour\public\cmbrig
ht\dpi600\cmbr10.pk> <C:\Users\Andrez\AppData\Local\MiKTeX\2.9\fonts\pk\ljfour\
public\cmbright\dpi600\cmbrbx10.pk> <C:\Users\Andrez\AppData\Local\MiKTeX\2.9\f
onts\pk\ljfour\public\cmbright\dpi864\cmbr10.pk> <C:\Users\Andrez\AppData\Local
\MiKTeX\2.9\fonts\pk\ljfour\public\cmbright\dpi720\cmbr10.pk> <C:\Users\Andrez\
AppData\Local\MiKTeX\2.9\fonts\pk\ljfour\public\cmbright\dpi600\cmbr17.pk> <C:\
Users\Andrez\AppData\Local\MiKTeX\2.9\fonts\pk\ljfour\public\cmbright\dpi864\cm
br17.pk><C:/Users/Andrez/AppData/Local/Programs/MiKTeX 2.9/fonts/type1/public/a
msfonts/latxfont/lcirclew.pfb><C:/Users/Andrez/AppData/Local/Programs/MiKTeX 2.
9/fonts/type1/public/marvosym/marvosym.pfb>
Output written on main.pdf (21 pages, 971913 bytes).
PDF statistics:
 693 PDF objects out of 1000 (max. 8388607)
 99 named destinations out of 1000 (max. 500000)
 280 words of extra memory for PDF output out of 10000 (max. 10000000)

