This is pdfTeX, Version 3.14159265-2.6-1.40.19 (MiKTeX 2.9.6800 64-bit) (preloaded format=pdflatex 2018.9.17)  11 OCT 2018 10:24
entering extended mode
**./DR.tex
(DR.tex
LaTeX2e <2018-04-01> patch level 5
("C:\Users\User\AppData\Local\Programs\MiKTeX 2.9\tex\latex\base\book.cls"
Document Class: book 2014/09/29 v1.4h Standard LaTeX document class
("C:\Users\User\AppData\Local\Programs\MiKTeX 2.9\tex\latex\base\bk10.clo"
File: bk10.clo 2014/09/29 v1.4h Standard LaTeX file (size option)
)
\c@part=\count80
\c@chapter=\count81
\c@section=\count82
\c@subsection=\count83
\c@subsubsection=\count84
\c@paragraph=\count85
\c@subparagraph=\count86
\c@figure=\count87
\c@table=\count88
\abovecaptionskip=\skip41
\belowcaptionskip=\skip42
\bibindent=\dimen102
)
(documento.sty
Package: documento 2010/05/30, v1.0 CDT-ESCOM-IPN Plantilla para reportes de la
 Coordinaci\unhbox \voidb@x \bgroup \let \unhbox \voidb@x \setbox \@tempboxa \h
box {o\global \mathchardef \accent@spacefactor \spacefactor }\accent 19 o\egrou
p \spacefactor \accent@spacefactor n

("C:\Users\User\AppData\Local\Programs\MiKTeX 2.9\tex\latex\base\inputenc.sty"
Package: inputenc 2018/04/06 v1.3b Input encoding file
\inpenc@prehook=\toks14
\inpenc@posthook=\toks15
) ("C:\Users\User\AppData\Local\Programs\MiKTeX 2.9\tex\generic\babel\babel.sty
"
Package: babel 2018/06/05 3.22 The Babel package
("C:\Users\User\AppData\Local\Programs\MiKTeX 2.9\tex\generic\babel\switch.def"
File: switch.def 2018/06/05 3.22 Babel switching mechanism
)
*************************************
* Local config file bblopts.cfg used
*
("C:\Users\User\AppData\Local\Programs\MiKTeX 2.9\tex\latex\arabi\bblopts.cfg"
File: bblopts.cfg 2005/09/08 v0.1 add Arabic and Farsi to "declared" options of
 babel
)
("C:\Users\User\AppData\Local\Programs\MiKTeX 2.9\tex\latex\babel-spanish\spani
sh.ldf"
Language: spanish.ldf 2016/03/03 v5.0p Spanish support from the babel system

("C:\Users\User\AppData\Local\Programs\MiKTeX 2.9\tex\generic\babel\babel.def"
File: babel.def 2018/06/05 3.22 Babel common definitions
\babel@savecnt=\count89
\U@D=\dimen103

("C:\Users\User\AppData\Local\Programs\MiKTeX 2.9\tex\generic\babel\txtbabel.de
f")
\bbl@dirlevel=\count90
)
\es@quottoks=\toks16
\es@quotdepth=\count91
Package babel Info: Making " an active character on input line 561.
Package babel Info: Making . an active character on input line 662.
Package babel Info: Making < an active character on input line 707.
Package babel Info: Making > an active character on input line 707.
))
("C:\Users\User\AppData\Local\Programs\MiKTeX 2.9\tex\latex\cmbright\cmbright.s
ty"
Package: cmbright 2005/04/13 v8.1 (WaS)
LaTeX Font Info:    Redeclaring symbol font `operators' on input line 29.
LaTeX Font Info:    Overwriting symbol font `operators' in version `normal'
(Font)                  OT1/cmr/m/n --> OT1/cmbr/m/n on input line 29.
LaTeX Font Info:    Overwriting symbol font `operators' in version `bold'
(Font)                  OT1/cmr/bx/n --> OT1/cmbr/m/n on input line 29.
LaTeX Font Info:    Redeclaring symbol font `letters' on input line 30.
LaTeX Font Info:    Overwriting symbol font `letters' in version `normal'
(Font)                  OML/cmm/m/it --> OML/cmbrm/m/it on input line 30.
LaTeX Font Info:    Overwriting symbol font `letters' in version `bold'
(Font)                  OML/cmm/b/it --> OML/cmbrm/m/it on input line 30.
LaTeX Font Info:    Overwriting symbol font `letters' in version `bold'
(Font)                  OML/cmbrm/m/it --> OML/cmbrm/b/it on input line 31.
LaTeX Font Info:    Redeclaring symbol font `symbols' on input line 32.
LaTeX Font Info:    Overwriting symbol font `symbols' in version `normal'
(Font)                  OMS/cmsy/m/n --> OMS/cmbrs/m/n on input line 32.
LaTeX Font Info:    Overwriting symbol font `symbols' in version `bold'
(Font)                  OMS/cmsy/b/n --> OMS/cmbrs/m/n on input line 32.
LaTeX Font Info:    Redeclaring math alphabet \mathit on input line 33.
LaTeX Font Info:    Overwriting math alphabet `\mathit' in version `normal'
(Font)                  OT1/cmr/m/it --> OT1/cmbr/m/sl on input line 33.
LaTeX Font Info:    Overwriting math alphabet `\mathit' in version `bold'
(Font)                  OT1/cmr/bx/it --> OT1/cmbr/m/sl on input line 33.
LaTeX Font Info:    Redeclaring math alphabet \mathbf on input line 34.
LaTeX Font Info:    Overwriting math alphabet `\mathbf' in version `normal'
(Font)                  OT1/cmr/bx/n --> OT1/cmbr/bx/n on input line 34.
LaTeX Font Info:    Overwriting math alphabet `\mathbf' in version `bold'
(Font)                  OT1/cmr/bx/n --> OT1/cmbr/bx/n on input line 34.
LaTeX Font Info:    Redeclaring math alphabet \mathtt on input line 35.
LaTeX Font Info:    Overwriting math alphabet `\mathtt' in version `normal'
(Font)                  OT1/cmtt/m/n --> OT1/cmtl/m/n on input line 35.
LaTeX Font Info:    Overwriting math alphabet `\mathtt' in version `bold'
(Font)                  OT1/cmtt/m/n --> OT1/cmtl/m/n on input line 35.
LaTeX Font Info:    Redeclaring math symbol \alpha on input line 37.
LaTeX Font Info:    Redeclaring math symbol \beta on input line 38.
LaTeX Font Info:    Redeclaring math symbol \gamma on input line 39.
LaTeX Font Info:    Redeclaring math symbol \delta on input line 40.
LaTeX Font Info:    Redeclaring math symbol \epsilon on input line 41.
LaTeX Font Info:    Redeclaring math symbol \zeta on input line 42.
LaTeX Font Info:    Redeclaring math symbol \eta on input line 43.
LaTeX Font Info:    Redeclaring math symbol \theta on input line 44.
LaTeX Font Info:    Redeclaring math symbol \iota on input line 45.
LaTeX Font Info:    Redeclaring math symbol \kappa on input line 46.
LaTeX Font Info:    Redeclaring math symbol \lambda on input line 47.
LaTeX Font Info:    Redeclaring math symbol \mu on input line 48.
LaTeX Font Info:    Redeclaring math symbol \nu on input line 49.
LaTeX Font Info:    Redeclaring math symbol \xi on input line 50.
LaTeX Font Info:    Redeclaring math symbol \pi on input line 51.
LaTeX Font Info:    Redeclaring math symbol \rho on input line 52.
LaTeX Font Info:    Redeclaring math symbol \sigma on input line 53.
LaTeX Font Info:    Redeclaring math symbol \tau on input line 54.
LaTeX Font Info:    Redeclaring math symbol \upsilon on input line 55.
LaTeX Font Info:    Redeclaring math symbol \phi on input line 56.
LaTeX Font Info:    Redeclaring math symbol \chi on input line 57.
LaTeX Font Info:    Redeclaring math symbol \psi on input line 58.
LaTeX Font Info:    Redeclaring math symbol \omega on input line 59.
LaTeX Font Info:    Redeclaring math symbol \varepsilon on input line 60.
LaTeX Font Info:    Redeclaring math symbol \vartheta on input line 61.
LaTeX Font Info:    Redeclaring math symbol \varpi on input line 62.
LaTeX Font Info:    Redeclaring math symbol \varrho on input line 63.
LaTeX Font Info:    Redeclaring math symbol \varsigma on input line 64.
LaTeX Font Info:    Redeclaring math symbol \varphi on input line 65.
LaTeX Info: Redefining \LaTeX on input line 129.
LaTeX Info: Redefining \LaTeXe on input line 139.
LaTeX Font Info:    Try loading font information for OT1+cmbr on input line 144
.

("C:\Users\User\AppData\Local\Programs\MiKTeX 2.9\tex\latex\cmbright\ot1cmbr.fd
"
File: ot1cmbr.fd 2005/04/13 v8.1 (WaS)
))
("C:\Users\User\AppData\Local\Programs\MiKTeX 2.9\tex\latex\graphics\graphicx.s
ty"
Package: graphicx 2017/06/01 v1.1a Enhanced LaTeX Graphics (DPC,SPQR)

("C:\Users\User\AppData\Local\Programs\MiKTeX 2.9\tex\latex\graphics\keyval.sty
"
Package: keyval 2014/10/28 v1.15 key=value parser (DPC)
\KV@toks@=\toks17
)
("C:\Users\User\AppData\Local\Programs\MiKTeX 2.9\tex\latex\graphics\graphics.s
ty"
Package: graphics 2017/06/25 v1.2c Standard LaTeX Graphics (DPC,SPQR)

("C:\Users\User\AppData\Local\Programs\MiKTeX 2.9\tex\latex\graphics\trig.sty"
Package: trig 2016/01/03 v1.10 sin cos tan (DPC)
)
("C:\Users\User\AppData\Local\Programs\MiKTeX 2.9\tex\latex\graphics-cfg\graphi
cs.cfg"
File: graphics.cfg 2016/06/04 v1.11 sample graphics configuration
)
Package graphics Info: Driver file: pdftex.def on input line 99.

("C:\Users\User\AppData\Local\Programs\MiKTeX 2.9\tex\latex\graphics-def\pdftex
.def"
File: pdftex.def 2018/01/08 v1.0l Graphics/color driver for pdftex
))
\Gin@req@height=\dimen104
\Gin@req@width=\dimen105
)
("C:\Users\User\AppData\Local\Programs\MiKTeX 2.9\tex\latex\graphics\color.sty"
Package: color 2016/07/10 v1.1e Standard LaTeX Color (DPC)

("C:\Users\User\AppData\Local\Programs\MiKTeX 2.9\tex\latex\graphics-cfg\color.
cfg"
File: color.cfg 2016/01/02 v1.6 sample color configuration
)
Package color Info: Driver file: pdftex.def on input line 147.

("C:\Users\User\AppData\Local\Programs\MiKTeX 2.9\tex\latex\graphics\dvipsnam.d
ef"
File: dvipsnam.def 2016/06/17 v3.0m Driver-dependent file (DPC,SPQR)
))
("C:\Users\User\AppData\Local\Programs\MiKTeX 2.9\tex\latex\wallpaper\wallpaper
.sty"
Package: wallpaper 2005/01/18, v1.01 easy wallpaper formatting (MHFW)

("C:\Users\User\AppData\Local\Programs\MiKTeX 2.9\tex\latex\base\ifthen.sty"
Package: ifthen 2014/09/29 v1.1c Standard LaTeX ifthen package (DPC)
)
("C:\Users\User\AppData\Local\Programs\MiKTeX 2.9\tex\latex\tools\calc.sty"
Package: calc 2017/05/25 v4.3 Infix arithmetic (KKT,FJ)
\calc@Acount=\count92
\calc@Bcount=\count93
\calc@Adimen=\dimen106
\calc@Bdimen=\dimen107
\calc@Askip=\skip43
\calc@Bskip=\skip44
LaTeX Info: Redefining \setlength on input line 80.
LaTeX Info: Redefining \addtolength on input line 81.
\calc@Ccount=\count94
\calc@Cskip=\skip45
)
("C:\Users\User\AppData\Local\Programs\MiKTeX 2.9\tex\latex\eso-pic\eso-pic.sty
"
Package: eso-pic 2018/04/12 v2.0h eso-pic (RN)

("C:\Users\User\AppData\Local\Programs\MiKTeX 2.9\tex\generic\oberdiek\atbegshi
.sty"
Package: atbegshi 2016/06/09 v1.18 At begin shipout hook (HO)

("C:\Users\User\AppData\Local\Programs\MiKTeX 2.9\tex\generic\oberdiek\infwarer
r.sty"
Package: infwarerr 2016/05/16 v1.4 Providing info/warning/error messages (HO)
)
("C:\Users\User\AppData\Local\Programs\MiKTeX 2.9\tex\generic\oberdiek\ltxcmds.
sty"
Package: ltxcmds 2016/05/16 v1.23 LaTeX kernel commands for general use (HO)
)
("C:\Users\User\AppData\Local\Programs\MiKTeX 2.9\tex\generic\oberdiek\ifpdf.st
y"
Package: ifpdf 2017/03/15 v3.2 Provides the ifpdf switch
)))
\wpXoffset=\skip46
\wpYoffset=\skip47
\tileXoffset=\skip48
\tileYoffset=\skip49
\tilewidth=\skip50
\tileheight=\skip51
\tileX=\skip52
\tileY=\skip53
)
("C:\Users\User\AppData\Local\Programs\MiKTeX 2.9\tex\latex\fancyhdr\fancyhdr.s
ty"
Package: fancyhdr 2017/06/30 v3.9a Extensive control of page headers and footer
s
\f@nch@headwidth=\skip54
\f@nch@O@elh=\skip55
\f@nch@O@erh=\skip56
\f@nch@O@olh=\skip57
\f@nch@O@orh=\skip58
\f@nch@O@elf=\skip59
\f@nch@O@erf=\skip60
\f@nch@O@olf=\skip61
\f@nch@O@orf=\skip62
)
("C:\Users\User\AppData\Local\Programs\MiKTeX 2.9\tex\latex\geometry\geometry.s
ty"
Package: geometry 2018/04/16 v5.8 Page Geometry

("C:\Users\User\AppData\Local\Programs\MiKTeX 2.9\tex\generic\oberdiek\ifvtex.s
ty"
Package: ifvtex 2016/05/16 v1.6 Detect VTeX and its facilities (HO)
Package ifvtex Info: VTeX not detected.
)
("C:\Users\User\AppData\Local\Programs\MiKTeX 2.9\tex\generic\ifxetex\ifxetex.s
ty"
Package: ifxetex 2010/09/12 v0.6 Provides ifxetex conditional
)
\Gm@cnth=\count95
\Gm@cntv=\count96
\c@Gm@tempcnt=\count97
\Gm@bindingoffset=\dimen108
\Gm@wd@mp=\dimen109
\Gm@odd@mp=\dimen110
\Gm@even@mp=\dimen111
\Gm@layoutwidth=\dimen112
\Gm@layoutheight=\dimen113
\Gm@layouthoffset=\dimen114
\Gm@layoutvoffset=\dimen115
\Gm@dimlist=\toks18

("C:\Users\User\AppData\Local\Programs\MiKTeX 2.9\tex\latex\geometry\geometry.c
fg"))
("C:\Users\User\AppData\Local\Programs\MiKTeX 2.9\tex\latex\fncychap\fncychap.s
ty"
Package: fncychap 2007/07/30 v1.34 LaTeX package (Revised chapters)
\RW=\skip63
\mylen=\skip64
\myhi=\skip65
\px=\skip66
\py=\skip67
\pyy=\skip68
\pxx=\skip69
)
("C:\Users\User\AppData\Local\Programs\MiKTeX 2.9\tex\latex\marvosym\marvosym.s
ty"
Package: marvosym 2011/07/20 v2.2 Martin Vogel's Symbols font definitions
)) (procesos.sty (requerimientos.sty

! LaTeX Error: Missing \begin{document}.

See the LaTeX manual or LaTeX Companion for explanation.
Type  H <return>  for immediate help.
 ...                                              
                                                  
l.1  P
      aquete requerimientos.sty
? 
("C:\Users\User\AppData\Local\Programs\MiKTeX 2.9\tex\latex\tools\longtable.sty
"
Package: longtable 2014/10/28 v4.11 Multi-page Table package (DPC)
\LTleft=\skip70
\LTright=\skip71
\LTpre=\skip72
\LTpost=\skip73
\LTchunksize=\count98
\LTcapwidth=\dimen116
\LT@head=\box26
\LT@firsthead=\box27
\LT@foot=\box28
\LT@lastfoot=\box29
\LT@cols=\count99
\LT@rows=\count100
\c@LT@tables=\count101
\c@LT@chunks=\count102
\LT@p@ftn=\toks19
)
("C:\Users\User\AppData\Local\Programs\MiKTeX 2.9\tex\latex\hyperref\hyperref.s
ty"
Package: hyperref 2018/02/06 v6.86b Hypertext links for LaTeX

("C:\Users\User\AppData\Local\Programs\MiKTeX 2.9\tex\generic\oberdiek\hobsub-h
yperref.sty"
Package: hobsub-hyperref 2016/05/16 v1.14 Bundle oberdiek, subset hyperref (HO)


("C:\Users\User\AppData\Local\Programs\MiKTeX 2.9\tex\generic\oberdiek\hobsub-g
eneric.sty"
Package: hobsub-generic 2016/05/16 v1.14 Bundle oberdiek, subset generic (HO)
Package: hobsub 2016/05/16 v1.14 Construct package bundles (HO)
Package hobsub Info: Skipping package `infwarerr' (already loaded).
Package hobsub Info: Skipping package `ltxcmds' (already loaded).
Package: ifluatex 2016/05/16 v1.4 Provides the ifluatex switch (HO)
Package ifluatex Info: LuaTeX not detected.
Package hobsub Info: Skipping package `ifvtex' (already loaded).
Package: intcalc 2016/05/16 v1.2 Expandable calculations with integers (HO)
Package hobsub Info: Skipping package `ifpdf' (already loaded).
Package: etexcmds 2016/05/16 v1.6 Avoid name clashes with e-TeX commands (HO)
Package etexcmds Info: Could not find \expanded.
(etexcmds)             That can mean that you are not using pdfTeX 1.50 or
(etexcmds)             that some package has redefined \expanded.
(etexcmds)             In the latter case, load this package earlier.
Package: kvsetkeys 2016/05/16 v1.17 Key value parser (HO)
Package: kvdefinekeys 2016/05/16 v1.4 Define keys (HO)
Package: pdftexcmds 2018/01/30 v0.27 Utility functions of pdfTeX for LuaTeX (HO
)
Package pdftexcmds Info: LuaTeX not detected.
Package pdftexcmds Info: \pdf@primitive is available.
Package pdftexcmds Info: \pdf@ifprimitive is available.
Package pdftexcmds Info: \pdfdraftmode found.
Package: pdfescape 2016/05/16 v1.14 Implements pdfTeX's escape features (HO)
Package: bigintcalc 2016/05/16 v1.4 Expandable calculations on big integers (HO
)
Package: bitset 2016/05/16 v1.2 Handle bit-vector datatype (HO)
Package: uniquecounter 2016/05/16 v1.3 Provide unlimited unique counter (HO)
)
Package hobsub Info: Skipping package `hobsub' (already loaded).
Package: letltxmacro 2016/05/16 v1.5 Let assignment for LaTeX macros (HO)
Package: hopatch 2016/05/16 v1.3 Wrapper for package hooks (HO)
Package: xcolor-patch 2016/05/16 xcolor patch
Package: atveryend 2016/05/16 v1.9 Hooks at the very end of document (HO)
Package atveryend Info: \enddocument detected (standard20110627).
Package hobsub Info: Skipping package `atbegshi' (already loaded).
Package: refcount 2016/05/16 v3.5 Data extraction from label references (HO)
Package: hycolor 2016/05/16 v1.8 Color options for hyperref/bookmark (HO)
)
("C:\Users\User\AppData\Local\Programs\MiKTeX 2.9\tex\latex\oberdiek\auxhook.st
y"
Package: auxhook 2016/05/16 v1.4 Hooks for auxiliary files (HO)
)
("C:\Users\User\AppData\Local\Programs\MiKTeX 2.9\tex\latex\oberdiek\kvoptions.
sty"
Package: kvoptions 2016/05/16 v3.12 Key value format for package options (HO)
)
\@linkdim=\dimen117
\Hy@linkcounter=\count103
\Hy@pagecounter=\count104

("C:\Users\User\AppData\Local\Programs\MiKTeX 2.9\tex\latex\hyperref\pd1enc.def
"
File: pd1enc.def 2018/02/06 v6.86b Hyperref: PDFDocEncoding definition (HO)
Now handling font encoding PD1 ...
... no UTF-8 mapping file for font encoding PD1
)
\Hy@SavedSpaceFactor=\count105

("C:\Users\User\AppData\Local\Programs\MiKTeX 2.9\tex\latex\00miktex\hyperref.c
fg"
File: hyperref.cfg 2002/06/06 v1.2 hyperref configuration of TeXLive
)
Package hyperref Info: Option `bookmarks' set `true' on input line 4383.
Package hyperref Info: Option `colorlinks' set `true' on input line 4383.
Package hyperref Info: Hyper figures OFF on input line 4509.
Package hyperref Info: Link nesting OFF on input line 4514.
Package hyperref Info: Hyper index ON on input line 4517.
Package hyperref Info: Plain pages OFF on input line 4524.
Package hyperref Info: Backreferencing OFF on input line 4529.
Package hyperref Info: Implicit mode ON; LaTeX internals redefined.
Package hyperref Info: Bookmarks ON on input line 4762.
\c@Hy@tempcnt=\count106
 ("C:\Users\User\AppData\Local\Programs\MiKTeX 2.9\tex\latex\url\url.sty"
Overfull \hbox (2173.51645pt too wide) in paragraph at lines 1--30
[]\OT1/cmbr/m/n/10 Paquete re-que-ri-mien-tos.sty                              
                                                                               
                                                                               
                                                                               
                                                                               
                                                                               
                                                                               
                                                                               
                                                                               
                                                                               
                                                                               
                                                                               
                                                                               
                                                                               
                      
 []

\Urlmuskip=\muskip10
Package: url 2013/09/16  ver 3.4  Verb mode for urls, etc.
)
LaTeX Info: Redefining \url on input line 5115.
\XeTeXLinkMargin=\dimen118
\Fld@menulength=\count107
\Field@Width=\dimen119
\Fld@charsize=\dimen120
Package hyperref Info: Hyper figures OFF on input line 6369.
Package hyperref Info: Link nesting OFF on input line 6374.
Package hyperref Info: Hyper index ON on input line 6377.
Package hyperref Info: backreferencing OFF on input line 6384.
Package hyperref Info: Link coloring ON on input line 6387.
Package hyperref Info: Link coloring with OCG OFF on input line 6394.
Package hyperref Info: PDF/A mode OFF on input line 6399.
LaTeX Info: Redefining \ref on input line 6439.
LaTeX Info: Redefining \pageref on input line 6443.
\Hy@abspage=\count108
\c@Item=\count109
\c@Hfootnote=\count110
)
Package hyperref Info: Driver: hpdftex.

("C:\Users\User\AppData\Local\Programs\MiKTeX 2.9\tex\latex\hyperref\hpdftex.de
f"
File: hpdftex.def 2018/02/06 v6.86b Hyperref driver for pdfTeX
\Fld@listcount=\count111
\c@bookmark@seq@number=\count112

("C:\Users\User\AppData\Local\Programs\MiKTeX 2.9\tex\latex\oberdiek\rerunfilec
heck.sty"
Package: rerunfilecheck 2016/05/16 v1.8 Rerun checks for auxiliary files (HO)
Package uniquecounter Info: New unique counter `rerunfilecheck' on input line 2
82.
)
\Hy@SectionHShift=\skip74
)
("C:\Users\User\AppData\Local\Programs\MiKTeX 2.9\tex\latex\amsfonts\amssymb.st
y"
Package: amssymb 2013/01/14 v3.01 AMS font symbols

("C:\Users\User\AppData\Local\Programs\MiKTeX 2.9\tex\latex\amsfonts\amsfonts.s
ty"
Package: amsfonts 2013/01/14 v3.01 Basic AMSFonts support
\@emptytoks=\toks20
\symAMSa=\mathgroup4
\symAMSb=\mathgroup5
LaTeX Font Info:    Overwriting math alphabet `\mathfrak' in version `bold'
(Font)                  U/euf/m/n --> U/euf/b/n on input line 106.
))
("C:\Users\User\AppData\Local\Programs\MiKTeX 2.9\tex\latex\colortbl\colortbl.s
ty"
Package: colortbl 2018/05/02 v1.0c Color table columns (DPC)
 ("C:\Users\User\AppData\Local\Programs\MiKTeX 2.9\tex\latex\tools\array.sty"
Package: array 2018/04/30 v2.4h Tabular extension package (FMi)
\col@sep=\dimen121
\ar@mcellbox=\box30
\extrarowheight=\dimen122
\NC@list=\toks21
\extratabsurround=\skip75
\backup@length=\skip76
\ar@cellbox=\box31
)
\everycr=\toks22
\minrowclearance=\skip77
)
("C:\Users\User\AppData\Local\Programs\MiKTeX 2.9\tex\latex\multirow\multirow.s
ty"
Package: multirow 2018/08/03 v2.3 Span multiple rows of a table
\multirow@colwidth=\skip78
\multirow@cntb=\count113
\multirow@dima=\skip79
\bigstrutjot=\dimen123
))
("C:\Users\User\AppData\Local\Programs\MiKTeX 2.9\tex\latex\chapterfolder\chapt
erfolder.sty"
Package: chapterfolder 2005/11/24 v2.0 Package for dealing with folder
\c@@cf@currentpos=\count114
)
("C:\Users\User\AppData\Local\Programs\MiKTeX 2.9\tex\latex\listings\listings.s
ty"
\lst@mode=\count115
\lst@gtempboxa=\box32
\lst@token=\toks23
\lst@length=\count116
\lst@currlwidth=\dimen124
\lst@column=\count117
\lst@pos=\count118
\lst@lostspace=\dimen125
\lst@width=\dimen126
\lst@newlines=\count119
\lst@lineno=\count120
\lst@maxwidth=\dimen127

("C:\Users\User\AppData\Local\Programs\MiKTeX 2.9\tex\latex\listings\lstmisc.st
y"
File: lstmisc.sty 2018/09/02 1.7 (Carsten Heinz)
\c@lstnumber=\count121
\lst@skipnumbers=\count122
\lst@framebox=\box33
)
("C:\Users\User\AppData\Local\Programs\MiKTeX 2.9\tex\latex\listings\listings.c
fg"
File: listings.cfg 2018/09/02 1.7 listings configuration
))
Package: listings 2018/09/02 1.7 (Carsten Heinz)

("C:\Users\User\AppData\Local\Programs\MiKTeX 2.9\tex\latex\keystroke\keystroke
.sty"
Package: keystroke 2010/04/23 v1.6 3D keystrokes (SuSE GmbH/RN)
\suse@key=\box34
\keystroke@left=\box35
\keystroke@right=\box36
\keystroke@middle=\box37
<keystroke_left.pdf, id=1, 42.1575pt x 195.73125pt>
File: keystroke_left.pdf Graphic file (type pdf)
<use keystroke_left.pdf>
Package pdftex.def Info: keystroke_left.pdf  used on input line 171.
(pdftex.def)             Requested size: 42.15738pt x 195.73076pt.
<keystroke_middle.pdf, id=2, 116.435pt x 195.73125pt>
File: keystroke_middle.pdf Graphic file (type pdf)
<use keystroke_middle.pdf>
Package pdftex.def Info: keystroke_middle.pdf  used on input line 172.
(pdftex.def)             Requested size: 116.43471pt x 195.73076pt.
<keystroke_right.pdf, id=3, 42.1575pt x 195.73125pt>
File: keystroke_right.pdf Graphic file (type pdf)
<use keystroke_right.pdf>
Package pdftex.def Info: keystroke_right.pdf  used on input line 173.
(pdftex.def)             Requested size: 42.15738pt x 195.73076pt.
)
("C:\Users\User\AppData\Local\Programs\MiKTeX 2.9\tex\latex\pgf\utilities\pgfke
ys.sty"
("C:\Users\User\AppData\Local\Programs\MiKTeX 2.9\tex\generic\pgf\utilities\pgf
keys.code.tex"
\pgfkeys@pathtoks=\toks24
\pgfkeys@temptoks=\toks25

("C:\Users\User\AppData\Local\Programs\MiKTeX 2.9\tex\generic\pgf\utilities\pgf
keysfiltered.code.tex"
\pgfkeys@tmptoks=\toks26
))))
No file DR.aux.
\openout1 = `DR.aux'.

LaTeX Font Info:    Checking defaults for OML/cmm/m/it on input line 11.
LaTeX Font Info:    ... okay on input line 11.
LaTeX Font Info:    Checking defaults for T1/cmr/m/n on input line 11.
LaTeX Font Info:    ... okay on input line 11.
LaTeX Font Info:    Checking defaults for OT1/cmr/m/n on input line 11.
LaTeX Font Info:    ... okay on input line 11.
LaTeX Font Info:    Checking defaults for OMS/cmsy/m/n on input line 11.
LaTeX Font Info:    ... okay on input line 11.
LaTeX Font Info:    Checking defaults for OMX/cmex/m/n on input line 11.
LaTeX Font Info:    ... okay on input line 11.
LaTeX Font Info:    Checking defaults for U/cmr/m/n on input line 11.
LaTeX Font Info:    ... okay on input line 11.
LaTeX Font Info:    Checking defaults for PD1/pdf/m/n on input line 11.
LaTeX Font Info:    ... okay on input line 11.
LaTeX Info: Redefining \. on input line 11.
LaTeX Info: Redefining \% on input line 11.

("C:\Users\User\AppData\Local\Programs\MiKTeX 2.9\tex\context\base\supp-pdf.mki
i"
[Loading MPS to PDF converter (version 2006.09.02).]
\scratchcounter=\count123
\scratchdimen=\dimen128
\scratchbox=\box38
\nofMPsegments=\count124
\nofMParguments=\count125
\everyMPshowfont=\toks27
\MPscratchCnt=\count126
\MPscratchDim=\dimen129
\MPnumerator=\count127
\makeMPintoPDFobject=\count128
\everyMPtoPDFconversion=\toks28
)
("C:\Users\User\AppData\Local\Programs\MiKTeX 2.9\tex\latex\oberdiek\epstopdf-b
ase.sty"
Package: epstopdf-base 2016/05/15 v2.6 Base part for package epstopdf

("C:\Users\User\AppData\Local\Programs\MiKTeX 2.9\tex\latex\oberdiek\grfext.sty
"
Package: grfext 2016/05/16 v1.2 Manage graphics extensions (HO)
)
Package epstopdf-base Info: Redefining graphics rule for `.eps' on input line 4
38.
Package grfext Info: Graphics extension search list:
(grfext)             [.pdf,.png,.jpg,.mps,.jpeg,.jbig2,.jb2,.PDF,.PNG,.JPG,.JPE
G,.JBIG2,.JB2,.eps]
(grfext)             \AppendGraphicsExtensions on input line 456.
)
\AtBeginShipoutBox=\box39

*geometry* driver: auto-detecting
*geometry* detected driver: pdftex
*geometry* verbose mode - [ preamble ] result:
* driver: pdftex
* paper: <default>
* layout: <same size as paper>
* layoutoffset:(h,v)=(0.0pt,0.0pt)
* modes: twoside 
* h-part:(L,W,R)=(56.9055pt, 500.484pt, 56.9055pt)
* v-part:(T,H,B)=(99.58464pt, 595.8007pt, 99.58464pt)
* \paperwidth=614.295pt
* \paperheight=794.96999pt
* \textwidth=500.484pt
* \textheight=595.8007pt
* \oddsidemargin=-15.36449pt
* \evensidemargin=-15.36449pt
* \topmargin=-47.65834pt
* \headheight=56.9055pt
* \headsep=18.06749pt
* \topskip=10.0pt
* \footskip=25.29494pt
* \marginparwidth=125.0pt
* \marginparsep=7.0pt
* \columnsep=10.0pt
* \skip\footins=9.0pt plus 4.0pt minus 2.0pt
* \hoffset=0.0pt
* \voffset=0.0pt
* \mag=1000
* \@twocolumnfalse
* \@twosidetrue
* \@mparswitchtrue
* \@reversemarginfalse
* (1in=72.27pt=25.4mm, 1cm=28.453pt)

Package hyperref Info: Link coloring ON on input line 11.

("C:\Users\User\AppData\Local\Programs\MiKTeX 2.9\tex\latex\hyperref\nameref.st
y"
Package: nameref 2016/05/21 v2.44 Cross-referencing by name of section

("C:\Users\User\AppData\Local\Programs\MiKTeX 2.9\tex\generic\oberdiek\gettitle
string.sty"
Package: gettitlestring 2016/05/16 v1.5 Cleanup title references (HO)
)
\c@section@level=\count129
)
LaTeX Info: Redefining \ref on input line 11.
LaTeX Info: Redefining \pageref on input line 11.
LaTeX Info: Redefining \nameref on input line 11.
\@outlinefile=\write3
\openout3 = `DR.out'.

\c@lstlisting=\count130
<IG-GRAL/headerInp.jpg, id=6, 437.38406pt x 45.92157pt>
File: IG-GRAL/headerInp.jpg Graphic file (type jpg)
<use IG-GRAL/headerInp.jpg>
Package pdftex.def Info: IG-GRAL/headerInp.jpg  used on input line 14.
(pdftex.def)             Requested size: 333.38306pt x 35.0pt.
LaTeX Font Info:    Font shape `OT1/cmbr/m/it' in size <5> not available
(Font)              Font shape `OT1/cmbr/m/sl' tried instead on input line 14.
LaTeX Font Info:    Try loading font information for U+mvs on input line 14.

("C:\Users\User\AppData\Local\Programs\MiKTeX 2.9\tex\latex\marvosym\umvs.fd")
Package babel Info: Redefining spanish shorthand <<
(babel)             in language  on input line 14.
Package babel Info: Redefining spanish shorthand >>
(babel)             in language  on input line 14.
Package babel Info: Redefining spanish shorthand "=
(babel)             in language  on input line 14.
Package babel Info: Redefining spanish shorthand "~
(babel)             in language  on input line 14.
Package babel Info: Redefining spanish shorthand "!
(babel)             in language  on input line 14.
Package babel Info: Redefining spanish shorthand "?
(babel)             in language  on input line 14.
Package babel Info: Redefining spanish shorthand <<
(babel)             in language  on input line 14.
Package babel Info: Redefining spanish shorthand >>
(babel)             in language  on input line 14.
Package babel Info: Redefining spanish shorthand "=
(babel)             in language  on input line 14.
Package babel Info: Redefining spanish shorthand "~
(babel)             in language  on input line 14.
Package babel Info: Redefining spanish shorthand "!
(babel)             in language  on input line 14.
Package babel Info: Redefining spanish shorthand "?
(babel)             in language  on input line 14.

[1

{C:/Users/User/AppData/Local/MiKTeX/2.9/pdftex/config/pdftex.map} <./IG-GRAL/he
aderInp.jpg>]
<IG-GRAL/headerPar.jpg, id=16, 432.11438pt x 45.16875pt>
File: IG-GRAL/headerPar.jpg Graphic file (type jpg)
<use IG-GRAL/headerPar.jpg>
Package pdftex.def Info: IG-GRAL/headerPar.jpg  used on input line 14.
(pdftex.def)             Requested size: 334.83243pt x 35.0pt.
Package babel Info: Redefining spanish shorthand <<
(babel)             in language  on input line 14.
Package babel Info: Redefining spanish shorthand >>
(babel)             in language  on input line 14.
Package babel Info: Redefining spanish shorthand "=
(babel)             in language  on input line 14.
Package babel Info: Redefining spanish shorthand "~
(babel)             in language  on input line 14.
Package babel Info: Redefining spanish shorthand "!
(babel)             in language  on input line 14.
Package babel Info: Redefining spanish shorthand "?
(babel)             in language  on input line 14.
Package babel Info: Redefining spanish shorthand <<
(babel)             in language  on input line 14.
Package babel Info: Redefining spanish shorthand >>
(babel)             in language  on input line 14.
Package babel Info: Redefining spanish shorthand "=
(babel)             in language  on input line 14.
Package babel Info: Redefining spanish shorthand "~
(babel)             in language  on input line 14.
Package babel Info: Redefining spanish shorthand "!
(babel)             in language  on input line 14.
Package babel Info: Redefining spanish shorthand "?
(babel)             in language  on input line 14.
 [2

 <./IG-GRAL/headerPar.jpg>]
LaTeX Font Info:    Try loading font information for OML+cmbrm on input line 14
.

("C:\Users\User\AppData\Local\Programs\MiKTeX 2.9\tex\latex\cmbright\omlcmbrm.f
d"
File: omlcmbrm.fd 2005/04/13 v8.1 (WaS)
)
LaTeX Font Info:    Try loading font information for OMS+cmbrs on input line 14
.

("C:\Users\User\AppData\Local\Programs\MiKTeX 2.9\tex\latex\cmbright\omscmbrs.f
d"
File: omscmbrs.fd 2005/04/13 v8.1 (WaS)
)
Package babel Info: Redefining spanish shorthand <<
(babel)             in language  on input line 14.
Package babel Info: Redefining spanish shorthand >>
(babel)             in language  on input line 14.
Package babel Info: Redefining spanish shorthand "=
(babel)             in language  on input line 14.
Package babel Info: Redefining spanish shorthand "~
(babel)             in language  on input line 14.
Package babel Info: Redefining spanish shorthand "!
(babel)             in language  on input line 14.
Package babel Info: Redefining spanish shorthand "?
(babel)             in language  on input line 14.
Package babel Info: Redefining spanish shorthand <<
(babel)             in language  on input line 14.
Package babel Info: Redefining spanish shorthand >>
(babel)             in language  on input line 14.
Package babel Info: Redefining spanish shorthand "=
(babel)             in language  on input line 14.
Package babel Info: Redefining spanish shorthand "~
(babel)             in language  on input line 14.
Package babel Info: Redefining spanish shorthand "!
(babel)             in language  on input line 14.
Package babel Info: Redefining spanish shorthand "?
(babel)             in language  on input line 14.
pdfTeX warning (ext4): destination with the same identifier (name{page.1}) has 
been already used, duplicate ignored
<to be read again> 
                   \relax 
l.14 \thispagestyle
                   {empty} [1]
Package babel Info: Redefining spanish shorthand <<
(babel)             in language  on input line 15.
Package babel Info: Redefining spanish shorthand >>
(babel)             in language  on input line 15.
Package babel Info: Redefining spanish shorthand "=
(babel)             in language  on input line 15.
Package babel Info: Redefining spanish shorthand "~
(babel)             in language  on input line 15.
Package babel Info: Redefining spanish shorthand "!
(babel)             in language  on input line 15.
Package babel Info: Redefining spanish shorthand "?
(babel)             in language  on input line 15.
Package babel Info: Redefining spanish shorthand <<
(babel)             in language  on input line 15.
Package babel Info: Redefining spanish shorthand >>
(babel)             in language  on input line 15.
Package babel Info: Redefining spanish shorthand "=
(babel)             in language  on input line 15.
Package babel Info: Redefining spanish shorthand "~
(babel)             in language  on input line 15.
Package babel Info: Redefining spanish shorthand "!
(babel)             in language  on input line 15.
Package babel Info: Redefining spanish shorthand "?
(babel)             in language  on input line 15.
pdfTeX warning (ext4): destination with the same identifier (name{page.2}) has 
been already used, duplicate ignored
<to be read again> 
                   \relax 
l.15 \tableofcontents
                      [2

]
\tf@toc=\write4
\openout4 = `DR.toc'.

Package babel Info: Redefining spanish shorthand <<
(babel)             in language  on input line 17.
Package babel Info: Redefining spanish shorthand >>
(babel)             in language  on input line 17.
Package babel Info: Redefining spanish shorthand "=
(babel)             in language  on input line 17.
Package babel Info: Redefining spanish shorthand "~
(babel)             in language  on input line 17.
Package babel Info: Redefining spanish shorthand "!
(babel)             in language  on input line 17.
Package babel Info: Redefining spanish shorthand "?
(babel)             in language  on input line 17.
Package babel Info: Redefining spanish shorthand <<
(babel)             in language  on input line 17.
Package babel Info: Redefining spanish shorthand >>
(babel)             in language  on input line 17.
Package babel Info: Redefining spanish shorthand "=
(babel)             in language  on input line 17.
Package babel Info: Redefining spanish shorthand "~
(babel)             in language  on input line 17.
Package babel Info: Redefining spanish shorthand "!
(babel)             in language  on input line 17.
Package babel Info: Redefining spanish shorthand "?
(babel)             in language  on input line 17.
 [3]
\openout2 = `C2-DR/MP/RequerimientosMP.aux'.

 (C2-DR/MP/RequerimientosMP.tex
File: IG-GRAL/headerPar.jpg Graphic file (type jpg)
<use IG-GRAL/headerPar.jpg>
Package pdftex.def Info: IG-GRAL/headerPar.jpg  used on input line 2.
(pdftex.def)             Requested size: 334.83243pt x 35.0pt.
Package babel Info: Redefining spanish shorthand <<
(babel)             in language  on input line 2.
Package babel Info: Redefining spanish shorthand >>
(babel)             in language  on input line 2.
Package babel Info: Redefining spanish shorthand "=
(babel)             in language  on input line 2.
Package babel Info: Redefining spanish shorthand "~
(babel)             in language  on input line 2.
Package babel Info: Redefining spanish shorthand "!
(babel)             in language  on input line 2.
Package babel Info: Redefining spanish shorthand "?
(babel)             in language  on input line 2.
Package babel Info: Redefining spanish shorthand <<
(babel)             in language  on input line 2.
Package babel Info: Redefining spanish shorthand >>
(babel)             in language  on input line 2.
Package babel Info: Redefining spanish shorthand "=
(babel)             in language  on input line 2.
Package babel Info: Redefining spanish shorthand "~
(babel)             in language  on input line 2.
Package babel Info: Redefining spanish shorthand "!
(babel)             in language  on input line 2.
Package babel Info: Redefining spanish shorthand "?
(babel)             in language  on input line 2.
 [4


]
Cap\'{\i }tulo 1.
Package babel Info: Redefining spanish shorthand <<
(babel)             in language  on input line 2.
Package babel Info: Redefining spanish shorthand >>
(babel)             in language  on input line 2.
Package babel Info: Redefining spanish shorthand "=
(babel)             in language  on input line 2.
Package babel Info: Redefining spanish shorthand "~
(babel)             in language  on input line 2.
Package babel Info: Redefining spanish shorthand "!
(babel)             in language  on input line 2.
Package babel Info: Redefining spanish shorthand "?
(babel)             in language  on input line 2.

Overfull \hbox (0.67323pt too wide) in paragraph at lines 14--14
[]|[]\OT1/cmbr/m/n/10 Prioridad[]| 
 []


Overfull \hbox (340.16487pt too wide) in alignment at lines 14--14
 [] [] [] [] [] 
 []


Overfull \hbox (340.16487pt too wide) in alignment at lines 14--19
 [] [] [] [] [] 
 []

)
Package babel Info: Redefining spanish shorthand <<
(babel)             in language  on input line 17.
Package babel Info: Redefining spanish shorthand >>
(babel)             in language  on input line 17.
Package babel Info: Redefining spanish shorthand "=
(babel)             in language  on input line 17.
Package babel Info: Redefining spanish shorthand "~
(babel)             in language  on input line 17.
Package babel Info: Redefining spanish shorthand "!
(babel)             in language  on input line 17.
Package babel Info: Redefining spanish shorthand "?
(babel)             in language  on input line 17.
Package babel Info: Redefining spanish shorthand <<
(babel)             in language  on input line 17.
Package babel Info: Redefining spanish shorthand >>
(babel)             in language  on input line 17.
Package babel Info: Redefining spanish shorthand "=
(babel)             in language  on input line 17.
Package babel Info: Redefining spanish shorthand "~
(babel)             in language  on input line 17.
Package babel Info: Redefining spanish shorthand "!
(babel)             in language  on input line 17.
Package babel Info: Redefining spanish shorthand "?
(babel)             in language  on input line 17.
 [5]
\openout2 = `C2-DR/SP1/RequerimientosUA.aux'.

 (C2-DR/SP1/RequerimientosUA.tex
Overfull \hbox (0.67323pt too wide) in paragraph at lines 13--13
[]|[]\OT1/cmbr/m/n/10 Prioridad[]| 
 []


Overfull \hbox (340.16487pt too wide) in alignment at lines 13--13
 [] [] [] [] [] 
 []

LaTeX Font Info:    Try loading font information for OMS+cmbr on input line 17.

("C:\Users\User\AppData\Local\Programs\MiKTeX 2.9\tex\latex\cmbright\omscmbr.fd
"
File: omscmbr.fd 2005/04/13 v8.1 (WaS)
)
LaTeX Font Info:    Font shape `OMS/cmbr/m/n' in size <10> not available
(Font)              Font shape `OMS/cmbrs/m/n' tried instead on input line 17.

Overfull \hbox (340.16487pt too wide) in alignment at lines 13--30
 [] [] [] [] [] 
 []

)
File: IG-GRAL/headerPar.jpg Graphic file (type jpg)
<use IG-GRAL/headerPar.jpg>
Package pdftex.def Info: IG-GRAL/headerPar.jpg  used on input line 18.
(pdftex.def)             Requested size: 334.83243pt x 35.0pt.
Package babel Info: Redefining spanish shorthand <<
(babel)             in language  on input line 18.
Package babel Info: Redefining spanish shorthand >>
(babel)             in language  on input line 18.
Package babel Info: Redefining spanish shorthand "=
(babel)             in language  on input line 18.
Package babel Info: Redefining spanish shorthand "~
(babel)             in language  on input line 18.
Package babel Info: Redefining spanish shorthand "!
(babel)             in language  on input line 18.
Package babel Info: Redefining spanish shorthand "?
(babel)             in language  on input line 18.
Package babel Info: Redefining spanish shorthand <<
(babel)             in language  on input line 18.
Package babel Info: Redefining spanish shorthand >>
(babel)             in language  on input line 18.
Package babel Info: Redefining spanish shorthand "=
(babel)             in language  on input line 18.
Package babel Info: Redefining spanish shorthand "~
(babel)             in language  on input line 18.
Package babel Info: Redefining spanish shorthand "!
(babel)             in language  on input line 18.
Package babel Info: Redefining spanish shorthand "?
(babel)             in language  on input line 18.
 [6


]
\openout2 = `C2-DR/SP2/RequerimientosVC.aux'.

 (C2-DR/SP2/RequerimientosVC.tex
Overfull \hbox (0.67323pt too wide) in paragraph at lines 11--11
[]|[]\OT1/cmbr/m/n/10 Prioridad[]| 
 []


Overfull \hbox (340.16487pt too wide) in alignment at lines 11--11
 [] [] [] [] [] 
 []


Overfull \hbox (2.90259pt too wide) in paragraph at lines 11--11
[]|\OT1/cmbr/m/n/10 RF1| 
 []


Underfull \hbox (badness 4899) in paragraph at lines 11--11
[]|\OT1/cmbr/m/n/10 Visualizacion de pro-
 []


Overfull \hbox (2.90259pt too wide) in paragraph at lines 12--12
[]|\OT1/cmbr/m/n/10 RF2| 
 []


Overfull \hbox (6.40254pt too wide) in paragraph at lines 13--13
[]|\OT1/cmbr/m/n/10 RF2-
 []


Overfull \hbox (2.90259pt too wide) in paragraph at lines 14--14
[]|\OT1/cmbr/m/n/10 RF3| 
 []


Overfull \hbox (2.90259pt too wide) in paragraph at lines 15--15
[]|\OT1/cmbr/m/n/10 RF4| 
 []


Overfull \hbox (2.90259pt too wide) in paragraph at lines 16--16
[]|\OT1/cmbr/m/n/10 RF5| 
 []


Overfull \hbox (6.40254pt too wide) in paragraph at lines 17--17
[]|\OT1/cmbr/m/n/10 RF5-
 []


Underfull \hbox (badness 1642) in paragraph at lines 17--17
[]|\OT1/cmbr/m/n/10 Identificador de usua-
 []


Overfull \hbox (6.40254pt too wide) in paragraph at lines 18--18
[]|\OT1/cmbr/m/n/10 RF5-
 []


Overfull \hbox (11.06918pt too wide) in paragraph at lines 19--19
[]|\OT1/cmbr/m/n/10 RF5.3| 
 []


Underfull \hbox (badness 2401) in paragraph at lines 19--19
[]|\OT1/cmbr/m/n/10 Bloqueo de sec-cio-nes
 []


Overfull \hbox (11.06918pt too wide) in paragraph at lines 20--20
[]|\OT1/cmbr/m/n/10 RF5.4| 
 []


Overfull \hbox (340.16487pt too wide) in alignment at lines 11--21
 [] [] [] [] [] 
 []

)
File: IG-GRAL/headerInp.jpg Graphic file (type jpg)
<use IG-GRAL/headerInp.jpg>
Package pdftex.def Info: IG-GRAL/headerInp.jpg  used on input line 19.
(pdftex.def)             Requested size: 333.38306pt x 35.0pt.
Package babel Info: Redefining spanish shorthand <<
(babel)             in language  on input line 19.
Package babel Info: Redefining spanish shorthand >>
(babel)             in language  on input line 19.
Package babel Info: Redefining spanish shorthand "=
(babel)             in language  on input line 19.
Package babel Info: Redefining spanish shorthand "~
(babel)             in language  on input line 19.
Package babel Info: Redefining spanish shorthand "!
(babel)             in language  on input line 19.
Package babel Info: Redefining spanish shorthand "?
(babel)             in language  on input line 19.
Package babel Info: Redefining spanish shorthand <<
(babel)             in language  on input line 19.
Package babel Info: Redefining spanish shorthand >>
(babel)             in language  on input line 19.
Package babel Info: Redefining spanish shorthand "=
(babel)             in language  on input line 19.
Package babel Info: Redefining spanish shorthand "~
(babel)             in language  on input line 19.
Package babel Info: Redefining spanish shorthand "!
(babel)             in language  on input line 19.
Package babel Info: Redefining spanish shorthand "?
(babel)             in language  on input line 19.
 [7


]
\openout2 = `C2-DR/SP3/RequerimientosVS.aux'.

 (C2-DR/SP3/RequerimientosVS.tex
Overfull \hbox (0.67323pt too wide) in paragraph at lines 11--11
[]|[]\OT1/cmbr/m/n/10 Prioridad[]| 
 []


Overfull \hbox (340.16487pt too wide) in alignment at lines 11--11
 [] [] [] [] [] 
 []


Overfull \hbox (340.16487pt too wide) in alignment at lines 11--16
 [] [] [] [] [] 
 []

)
File: IG-GRAL/headerPar.jpg Graphic file (type jpg)
<use IG-GRAL/headerPar.jpg>
Package pdftex.def Info: IG-GRAL/headerPar.jpg  used on input line 20.
(pdftex.def)             Requested size: 334.83243pt x 35.0pt.
Package babel Info: Redefining spanish shorthand <<
(babel)             in language  on input line 20.
Package babel Info: Redefining spanish shorthand >>
(babel)             in language  on input line 20.
Package babel Info: Redefining spanish shorthand "=
(babel)             in language  on input line 20.
Package babel Info: Redefining spanish shorthand "~
(babel)             in language  on input line 20.
Package babel Info: Redefining spanish shorthand "!
(babel)             in language  on input line 20.
Package babel Info: Redefining spanish shorthand "?
(babel)             in language  on input line 20.
Package babel Info: Redefining spanish shorthand <<
(babel)             in language  on input line 20.
Package babel Info: Redefining spanish shorthand >>
(babel)             in language  on input line 20.
Package babel Info: Redefining spanish shorthand "=
(babel)             in language  on input line 20.
Package babel Info: Redefining spanish shorthand "~
(babel)             in language  on input line 20.
Package babel Info: Redefining spanish shorthand "!
(babel)             in language  on input line 20.
Package babel Info: Redefining spanish shorthand "?
(babel)             in language  on input line 20.
 [8


]
\openout2 = `C2-DR/SP4/RequerimientosCC.aux'.

 (C2-DR/SP4/RequerimientosCC.tex
Overfull \hbox (0.67323pt too wide) in paragraph at lines 11--11
[]|[]\OT1/cmbr/m/n/10 Prioridad[]| 
 []


Overfull \hbox (340.16487pt too wide) in alignment at lines 11--11
 [] [] [] [] [] 
 []


Overfull \hbox (340.16487pt too wide) in alignment at lines 11--16
 [] [] [] [] [] 
 []

)
File: IG-GRAL/headerInp.jpg Graphic file (type jpg)
<use IG-GRAL/headerInp.jpg>
Package pdftex.def Info: IG-GRAL/headerInp.jpg  used on input line 21.
(pdftex.def)             Requested size: 333.38306pt x 35.0pt.
Package babel Info: Redefining spanish shorthand <<
(babel)             in language  on input line 21.
Package babel Info: Redefining spanish shorthand >>
(babel)             in language  on input line 21.
Package babel Info: Redefining spanish shorthand "=
(babel)             in language  on input line 21.
Package babel Info: Redefining spanish shorthand "~
(babel)             in language  on input line 21.
Package babel Info: Redefining spanish shorthand "!
(babel)             in language  on input line 21.
Package babel Info: Redefining spanish shorthand "?
(babel)             in language  on input line 21.
Package babel Info: Redefining spanish shorthand <<
(babel)             in language  on input line 21.
Package babel Info: Redefining spanish shorthand >>
(babel)             in language  on input line 21.
Package babel Info: Redefining spanish shorthand "=
(babel)             in language  on input line 21.
Package babel Info: Redefining spanish shorthand "~
(babel)             in language  on input line 21.
Package babel Info: Redefining spanish shorthand "!
(babel)             in language  on input line 21.
Package babel Info: Redefining spanish shorthand "?
(babel)             in language  on input line 21.
 [9


]
\openout2 = `C2-DR/SP5/RequerimientosAB.aux'.

 (C2-DR/SP5/RequerimientosAB.tex
LaTeX Font Info:    Try loading font information for U+lasy on input line 2.

("C:\Users\User\AppData\Local\Programs\MiKTeX 2.9\tex\latex\base\ulasy.fd"
File: ulasy.fd 1998/08/17 v2.2e LaTeX symbol font definitions
)
Overfull \hbox (5.75258pt too wide) in paragraph at lines 14--14
[][]\OT1/cmbr/m/n/10 '''|[]Id[]| 
 []


Overfull \hbox (13.60646pt too wide) in paragraph at lines 14--14
[][]\OT1/cmbr/m/n/10 '''|[]Prioridad[]| 
 []


Overfull \hbox (340.16487pt too wide) in alignment at lines 14--14
 [] [] [] [] [] 
 []


Overfull \hbox (11.54419pt too wide) in paragraph at lines 14--14
[][]\OT1/cmbr/m/n/10 '''|RU| 
 []


Overfull \hbox (11.54419pt too wide) in paragraph at lines 15--15
[][]\OT1/cmbr/m/n/10 '''|RU| 
 []


Overfull \hbox (11.54419pt too wide) in paragraph at lines 16--16
[][]\OT1/cmbr/m/n/10 '''|RU| 
 []


Overfull \hbox (11.54419pt too wide) in paragraph at lines 17--17
[][]\OT1/cmbr/m/n/10 '''|RU| 
 []


Overfull \hbox (6.66925pt too wide) in paragraph at lines 18--18
[][]\OT1/cmbr/m/n/10 '''|...| 
 []


Overfull \hbox (340.16487pt too wide) in alignment at lines 14--19
 [] [] [] [] [] 
 []

)
File: IG-GRAL/headerPar.jpg Graphic file (type jpg)
<use IG-GRAL/headerPar.jpg>
Package pdftex.def Info: IG-GRAL/headerPar.jpg  used on input line 22.
(pdftex.def)             Requested size: 334.83243pt x 35.0pt.
Package babel Info: Redefining spanish shorthand <<
(babel)             in language  on input line 22.
Package babel Info: Redefining spanish shorthand >>
(babel)             in language  on input line 22.
Package babel Info: Redefining spanish shorthand "=
(babel)             in language  on input line 22.
Package babel Info: Redefining spanish shorthand "~
(babel)             in language  on input line 22.
Package babel Info: Redefining spanish shorthand "!
(babel)             in language  on input line 22.
Package babel Info: Redefining spanish shorthand "?
(babel)             in language  on input line 22.
Package babel Info: Redefining spanish shorthand <<
(babel)             in language  on input line 22.
Package babel Info: Redefining spanish shorthand >>
(babel)             in language  on input line 22.
Package babel Info: Redefining spanish shorthand "=
(babel)             in language  on input line 22.
Package babel Info: Redefining spanish shorthand "~
(babel)             in language  on input line 22.
Package babel Info: Redefining spanish shorthand "!
(babel)             in language  on input line 22.
Package babel Info: Redefining spanish shorthand "?
(babel)             in language  on input line 22.
 [10


]

! LaTeX Error: \begin{quoting} on input line 2 ended by \end{document}.

See the LaTeX manual or LaTeX Companion for explanation.
Type  H <return>  for immediate help.
 ...                                              
                                                  
l.24 \end{document}
                   
? 
Package atveryend Info: Empty hook `BeforeClearDocument' on input line 24.
Package atveryend Info: Empty hook `AfterLastShipout' on input line 24.
(DR.aux
LaTeX Info: Redefining \. on input line 23.
LaTeX Info: Redefining \% on input line 23.
 (C2-DR/MP/RequerimientosMP.aux) (C2-DR/SP1/RequerimientosUA.aux)
(C2-DR/SP2/RequerimientosVC.aux) (C2-DR/SP3/RequerimientosVS.aux)
(C2-DR/SP4/RequerimientosCC.aux) (C2-DR/SP5/RequerimientosAB.aux))
Package atveryend Info: Executing hook `AtVeryEndDocument' on input line 24.
Package atveryend Info: Executing hook `AtEndAfterFileList' on input line 24.


Package rerunfilecheck Warning: File `DR.out' has changed.
(rerunfilecheck)                Rerun to get outlines right
(rerunfilecheck)                or use package `bookmark'.

Package rerunfilecheck Info: Checksums for `DR.out':
(rerunfilecheck)             Before: <no file>
(rerunfilecheck)             After:  FAF3F95768504A5E5BA7BB24B5EB85D5;71.

LaTeX Warning: Label(s) may have changed. Rerun to get cross-references right.

Package atveryend Info: Empty hook `AtVeryVeryEnd' on input line 24.
 )
(\end occurred inside a group at level 3)

### semi simple group (level 3) entered at line 2 (\begingroup)
### semi simple group (level 2) entered at line 2 (\begingroup)
### semi simple group (level 1) entered at line 2 (\begingroup)
### bottom level 
Here is how much of TeX's memory you used:
 9957 strings out of 492973
 152371 string characters out of 3127135
 277460 words of memory out of 3000000
 13585 multiletter control sequences out of 15000+200000
 11170 words of font info for 42 fonts, out of 3000000 for 9000
 1141 hyphenation exceptions out of 8191
 48i,15n,45p,327b,411s stack positions out of 5000i,500n,10000p,200000b,50000s
 <C:\Users\User\AppData\Local\MiKTeX\2.9\fonts\pk\ljfour\public
\cmbright\dpi600\cmbrsy10.pk> <C:\Users\User\AppData\Local\MiKTeX\2.9\fonts\pk\
ljfour\public\cmbright\dpi600\cmbrbx10.pk> <C:\Users\User\AppData\Local\MiKTeX\
2.9\fonts\pk\ljfour\public\cmbright\dpi864\cmbr10.pk> <C:\Users\User\AppData\Lo
cal\MiKTeX\2.9\fonts\pk\ljfour\public\cmbright\dpi720\cmbr10.pk> <C:\Users\User
\AppData\Local\MiKTeX\2.9\fonts\pk\ljfour\public\cmbright\dpi600\cmbr17.pk> <C:
\Users\User\AppData\Local\MiKTeX\2.9\fonts\pk\ljfour\public\cmbright\dpi864\cmb
r17.pk> <C:\Users\User\AppData\Local\MiKTeX\2.9\fonts\pk\ljfour\public\cmbright
\dpi600\cmbr8.pk> <C:\Users\User\AppData\Local\MiKTeX\2.9\fonts\pk\ljfour\publi
c\cmbright\dpi375\cmbrsl8.pk> <C:\Users\User\AppData\Local\MiKTeX\2.9\fonts\pk\
ljfour\public\cmbright\dpi600\cmbr10.pk><C:/Users/User/AppData/Local/Programs/M
iKTeX 2.9/fonts/type1/public/amsfonts/latxfont/lasy10.pfb><C:/Users/User/AppDat
a/Local/Programs/MiKTeX 2.9/fonts/type1/public/marvosym/marvosym.pfb>
Output written on DR.pdf (12 pages, 130753 bytes).
PDF statistics:
 339 PDF objects out of 1000 (max. 8388607)
 25 named destinations out of 1000 (max. 500000)
 26 words of extra memory for PDF output out of 10000 (max. 10000000)

