This is pdfTeX, Version 3.14159265-2.6-1.40.19 (MiKTeX 2.9.6800 64-bit) (preloaded format=latex 2018.11.1)  1 NOV 2018 12:28
entering extended mode
**./SP4-CU.tex
(SP4-CU.tex
LaTeX2e <2018-04-01> patch level 5

! LaTeX Error: File `DCU/SP4/SP4-CU/SP4-CU1.tex' not found.

Type X to quit or <RETURN> to proceed,
or enter new name. (Default extension: tex)

Enter file name: 
! Emergency stop.
<read *> 
         
l.1 \input{DCU/SP4/SP4-CU/SP4-CU1}
                                  
*** (cannot \read from terminal in nonstop modes)

 
Here is how much of TeX's memory you used:
 9 strings out of 492971
 232 string characters out of 3142010
 56152 words of memory out of 3000000
 3980 multiletter control sequences out of 15000+200000
 3640 words of font info for 14 fonts, out of 3000000 for 9000
 1141 hyphenation exceptions out of 8191
 5i,0n,3p,46b,8s stack positions out of 5000i,500n,10000p,200000b,50000s
No pages of output.
